<?xml version="1.0" encoding="UTF-8"?>
<testsuites name="QA Challenge" tests="3" time="0.746">
  <testsuite name="api / v1 / auth / register / Login with email and password" id="d56419b3-9e5a-4fe7-8390-6b34a87bc004" timestamp="2025-10-05T02:02:49.642Z" tests="3" failures="0" errors="0" time="0.653">
    <testcase name="Status code is 200" time="0.653" classname="ApiV1AuthRegisterLoginWithEmailAndPassword"/>
    <testcase name="Login success flag" time="0.653" classname="ApiV1AuthRegisterLoginWithEmailAndPassword"/>
    <testcase name="Email is verified" time="0.653" classname="ApiV1AuthRegisterLoginWithEmailAndPassword"/>
  </testsuite>
  <testsuite name="api / v1 / auth / register / Get user profile" id="e761dbc1-dedf-42c6-84a8-f3b5ca13afdb" timestamp="2025-10-05T02:02:49.642Z" tests="8" failures="0" errors="0" time="0.044">
    <testcase name="Status code is 200" time="0.044" classname="ApiV1AuthRegisterGetUserProfile"/>
    <testcase name="User email matches saved variable" time="0.044" classname="ApiV1AuthRegisterGetUserProfile"/>
    <testcase name="User ID matches saved variable" time="0.044" classname="ApiV1AuthRegisterGetUserProfile"/>
    <testcase name="First Name matches saved variable" time="0.044" classname="ApiV1AuthRegisterGetUserProfile"/>
    <testcase name="Last Name matches saved variable" time="0.044" classname="ApiV1AuthRegisterGetUserProfile"/>
    <testcase name="Check if email is verified" time="0.044" classname="ApiV1AuthRegisterGetUserProfile"/>
    <testcase name="Response time is less than 600ms" time="0.044" classname="ApiV1AuthRegisterGetUserProfile"/>
    <testcase name="Response matches profile schema" time="0.044" classname="ApiV1AuthRegisterGetUserProfile"/>
  </testsuite>
  <testsuite name="api / v1 / auth / register / Update user profile" id="0bb5ac85-3a1f-4985-b50a-4762a0b7b465" timestamp="2025-10-05T02:02:49.642Z" tests="2" failures="0" errors="0" time="0.049">
    <testcase name="Status code is 200" time="0.049" classname="ApiV1AuthRegisterUpdateUserProfile"/>
    <testcase name="Response time is less than 600ms" time="0.049" classname="ApiV1AuthRegisterUpdateUserProfile"/>
  </testsuite>
</testsuites>