<?xml version="1.0" encoding="UTF-8"?>
<testsuites name="QA Challenge" tests="3" time="0.599">
  <testsuite name="api / v1 / auth / register / Login with email and password" id="bc4d79bb-cd5b-47bf-aeb3-bfa3b2b27ec9" timestamp="2025-10-05T10:23:13.849Z" tests="3" failures="0" errors="0" time="0.558">
    <testcase name="Status code is 200" time="0.558" classname="ApiV1AuthRegisterLoginWithEmailAndPassword"/>
    <testcase name="Login success flag" time="0.558" classname="ApiV1AuthRegisterLoginWithEmailAndPassword"/>
    <testcase name="Email is verified" time="0.558" classname="ApiV1AuthRegisterLoginWithEmailAndPassword"/>
  </testsuite>
  <testsuite name="api / v1 / auth / register / Get user profile" id="b84b652e-dde7-4a0d-958d-b8ad1348e259" timestamp="2025-10-05T10:23:13.849Z" tests="8" failures="0" errors="0" time="0.021">
    <testcase name="Status code is 200" time="0.021" classname="ApiV1AuthRegisterGetUserProfile"/>
    <testcase name="User email matches saved variable" time="0.021" classname="ApiV1AuthRegisterGetUserProfile"/>
    <testcase name="User ID matches saved variable" time="0.021" classname="ApiV1AuthRegisterGetUserProfile"/>
    <testcase name="First Name matches saved variable" time="0.021" classname="ApiV1AuthRegisterGetUserProfile"/>
    <testcase name="Last Name matches saved variable" time="0.021" classname="ApiV1AuthRegisterGetUserProfile"/>
    <testcase name="Check if email is verified" time="0.021" classname="ApiV1AuthRegisterGetUserProfile"/>
    <testcase name="Response time is less than 600ms" time="0.021" classname="ApiV1AuthRegisterGetUserProfile"/>
    <testcase name="Response matches profile schema" time="0.021" classname="ApiV1AuthRegisterGetUserProfile"/>
  </testsuite>
  <testsuite name="api / v1 / auth / register / Update user profile" id="0449e362-65f3-4854-8fd0-2860481d0566" timestamp="2025-10-05T10:23:13.849Z" tests="2" failures="0" errors="0" time="0.020">
    <testcase name="Status code is 200" time="0.020" classname="ApiV1AuthRegisterUpdateUserProfile"/>
    <testcase name="Response time is less than 600ms" time="0.020" classname="ApiV1AuthRegisterUpdateUserProfile"/>
  </testsuite>
</testsuites>