<?xml version="1.0" encoding="UTF-8"?>
<testsuites name="QA Challenge" tests="3" time="0.828">
  <testsuite name="api / v1 / auth / register / Login with email and password" id="704dd4d2-c73a-49c9-ae99-424e3a8d041c" timestamp="2025-10-03T13:24:52.843Z" tests="3" failures="0" errors="0" time="0.691">
    <testcase name="Status code is 200" time="0.691" classname="ApiV1AuthRegisterLoginWithEmailAndPassword"/>
    <testcase name="Login success flag" time="0.691" classname="ApiV1AuthRegisterLoginWithEmailAndPassword"/>
    <testcase name="Email is verified" time="0.691" classname="ApiV1AuthRegisterLoginWithEmailAndPassword"/>
  </testsuite>
  <testsuite name="api / v1 / auth / register / Get user profile" id="aa8332fa-4174-4123-9859-8d1d562faea1" timestamp="2025-10-03T13:24:52.843Z" tests="8" failures="0" errors="0" time="0.068">
    <testcase name="Status code is 200" time="0.068" classname="ApiV1AuthRegisterGetUserProfile"/>
    <testcase name="User email matches saved variable" time="0.068" classname="ApiV1AuthRegisterGetUserProfile"/>
    <testcase name="User ID matches saved variable" time="0.068" classname="ApiV1AuthRegisterGetUserProfile"/>
    <testcase name="First Name matches saved variable" time="0.068" classname="ApiV1AuthRegisterGetUserProfile"/>
    <testcase name="Last Name matches saved variable" time="0.068" classname="ApiV1AuthRegisterGetUserProfile"/>
    <testcase name="Check if email is verified" time="0.068" classname="ApiV1AuthRegisterGetUserProfile"/>
    <testcase name="Response time is less than 600ms" time="0.068" classname="ApiV1AuthRegisterGetUserProfile"/>
    <testcase name="Response matches profile schema" time="0.068" classname="ApiV1AuthRegisterGetUserProfile"/>
  </testsuite>
  <testsuite name="api / v1 / auth / register / Update user profile" id="1203ee87-54f4-42eb-8cef-2fda8af7aeca" timestamp="2025-10-03T13:24:52.843Z" tests="2" failures="0" errors="0" time="0.069">
    <testcase name="Status code is 200" time="0.069" classname="ApiV1AuthRegisterUpdateUserProfile"/>
    <testcase name="Response time is less than 600ms" time="0.069" classname="ApiV1AuthRegisterUpdateUserProfile"/>
  </testsuite>
</testsuites>