<?xml version="1.0" encoding="UTF-8"?>
<testsuites name="QA Challenge" tests="3" time="0.936">
  <testsuite name="api / v1 / auth / register / Login with email and password" id="3c2335b6-02c3-4d09-b15a-3342d89543e5" timestamp="2025-10-10T12:51:53.870Z" tests="3" failures="0" errors="0" time="0.769">
    <testcase name="Status code is 200" time="0.769" classname="ApiV1AuthRegisterLoginWithEmailAndPassword"/>
    <testcase name="Login success flag" time="0.769" classname="ApiV1AuthRegisterLoginWithEmailAndPassword"/>
    <testcase name="Email is verified" time="0.769" classname="ApiV1AuthRegisterLoginWithEmailAndPassword"/>
  </testsuite>
  <testsuite name="api / v1 / auth / register / Get user profile" id="8b7131f7-4a41-42ed-b37b-6b98ab4d5d33" timestamp="2025-10-10T12:51:53.870Z" tests="8" failures="0" errors="0" time="0.082">
    <testcase name="Status code is 200" time="0.082" classname="ApiV1AuthRegisterGetUserProfile"/>
    <testcase name="User email matches saved variable" time="0.082" classname="ApiV1AuthRegisterGetUserProfile"/>
    <testcase name="User ID matches saved variable" time="0.082" classname="ApiV1AuthRegisterGetUserProfile"/>
    <testcase name="First Name matches saved variable" time="0.082" classname="ApiV1AuthRegisterGetUserProfile"/>
    <testcase name="Last Name matches saved variable" time="0.082" classname="ApiV1AuthRegisterGetUserProfile"/>
    <testcase name="Check if email is verified" time="0.082" classname="ApiV1AuthRegisterGetUserProfile"/>
    <testcase name="Response time is less than 600ms" time="0.082" classname="ApiV1AuthRegisterGetUserProfile"/>
    <testcase name="Response matches profile schema" time="0.082" classname="ApiV1AuthRegisterGetUserProfile"/>
  </testsuite>
  <testsuite name="api / v1 / auth / register / Update user profile" id="42f8239e-9ec3-49c2-8d49-74a1dde711db" timestamp="2025-10-10T12:51:53.870Z" tests="2" failures="0" errors="0" time="0.085">
    <testcase name="Status code is 200" time="0.085" classname="ApiV1AuthRegisterUpdateUserProfile"/>
    <testcase name="Response time is less than 600ms" time="0.085" classname="ApiV1AuthRegisterUpdateUserProfile"/>
  </testsuite>
</testsuites>