<?xml version="1.0" encoding="UTF-8"?>
<testsuites name="QA Challenge" tests="3" time="0.879">
  <testsuite name="api / v1 / auth / register / Login with email and password" id="f9e41e80-b114-40da-9e05-c8e6f2e77e6f" timestamp="2025-10-10T18:35:01.667Z" tests="3" failures="0" errors="0" time="0.746">
    <testcase name="Status code is 200" time="0.746" classname="ApiV1AuthRegisterLoginWithEmailAndPassword"/>
    <testcase name="Login success flag" time="0.746" classname="ApiV1AuthRegisterLoginWithEmailAndPassword"/>
    <testcase name="Email is verified" time="0.746" classname="ApiV1AuthRegisterLoginWithEmailAndPassword"/>
  </testsuite>
  <testsuite name="api / v1 / auth / register / Get user profile" id="03f58a89-0cd0-42bb-aef5-e63967930160" timestamp="2025-10-10T18:35:01.667Z" tests="8" failures="0" errors="0" time="0.067">
    <testcase name="Status code is 200" time="0.067" classname="ApiV1AuthRegisterGetUserProfile"/>
    <testcase name="User email matches saved variable" time="0.067" classname="ApiV1AuthRegisterGetUserProfile"/>
    <testcase name="User ID matches saved variable" time="0.067" classname="ApiV1AuthRegisterGetUserProfile"/>
    <testcase name="First Name matches saved variable" time="0.067" classname="ApiV1AuthRegisterGetUserProfile"/>
    <testcase name="Last Name matches saved variable" time="0.067" classname="ApiV1AuthRegisterGetUserProfile"/>
    <testcase name="Check if email is verified" time="0.067" classname="ApiV1AuthRegisterGetUserProfile"/>
    <testcase name="Response time is less than 600ms" time="0.067" classname="ApiV1AuthRegisterGetUserProfile"/>
    <testcase name="Response matches profile schema" time="0.067" classname="ApiV1AuthRegisterGetUserProfile"/>
  </testsuite>
  <testsuite name="api / v1 / auth / register / Update user profile" id="213f12c1-f156-4ec8-ae8d-cc75f8040cd9" timestamp="2025-10-10T18:35:01.667Z" tests="2" failures="0" errors="0" time="0.066">
    <testcase name="Status code is 200" time="0.066" classname="ApiV1AuthRegisterUpdateUserProfile"/>
    <testcase name="Response time is less than 600ms" time="0.066" classname="ApiV1AuthRegisterUpdateUserProfile"/>
  </testsuite>
</testsuites>