<?xml version="1.0" encoding="UTF-8"?>
<testsuites name="QA Challenge" tests="3" time="0.961">
  <testsuite name="api / v1 / auth / register / Login with email and password" id="aaed966b-9d27-4c62-982d-4958adbbdab0" timestamp="2025-10-13T18:34:30.519Z" tests="3" failures="0" errors="0" time="0.803">
    <testcase name="Status code is 200" time="0.803" classname="ApiV1AuthRegisterLoginWithEmailAndPassword"/>
    <testcase name="Login success flag" time="0.803" classname="ApiV1AuthRegisterLoginWithEmailAndPassword"/>
    <testcase name="Email is verified" time="0.803" classname="ApiV1AuthRegisterLoginWithEmailAndPassword"/>
  </testsuite>
  <testsuite name="api / v1 / auth / register / Get user profile" id="5aba817c-a711-4234-8b50-73b55a5bea38" timestamp="2025-10-13T18:34:30.519Z" tests="8" failures="0" errors="0" time="0.081">
    <testcase name="Status code is 200" time="0.081" classname="ApiV1AuthRegisterGetUserProfile"/>
    <testcase name="User email matches saved variable" time="0.081" classname="ApiV1AuthRegisterGetUserProfile"/>
    <testcase name="User ID matches saved variable" time="0.081" classname="ApiV1AuthRegisterGetUserProfile"/>
    <testcase name="First Name matches saved variable" time="0.081" classname="ApiV1AuthRegisterGetUserProfile"/>
    <testcase name="Last Name matches saved variable" time="0.081" classname="ApiV1AuthRegisterGetUserProfile"/>
    <testcase name="Check if email is verified" time="0.081" classname="ApiV1AuthRegisterGetUserProfile"/>
    <testcase name="Response time is less than 600ms" time="0.081" classname="ApiV1AuthRegisterGetUserProfile"/>
    <testcase name="Response matches profile schema" time="0.081" classname="ApiV1AuthRegisterGetUserProfile"/>
  </testsuite>
  <testsuite name="api / v1 / auth / register / Update user profile" id="bb1744c3-b9f8-4247-8b53-972f9735833f" timestamp="2025-10-13T18:34:30.519Z" tests="2" failures="0" errors="0" time="0.077">
    <testcase name="Status code is 200" time="0.077" classname="ApiV1AuthRegisterUpdateUserProfile"/>
    <testcase name="Response time is less than 600ms" time="0.077" classname="ApiV1AuthRegisterUpdateUserProfile"/>
  </testsuite>
</testsuites>