<?xml version="1.0" encoding="UTF-8"?>
<testsuites name="QA Challenge" tests="3" time="1.040">
  <testsuite name="api / v1 / auth / register / Login with email and password" id="d224a6f2-37e9-4d66-b2df-b21702a02295" timestamp="2025-10-05T18:31:49.587Z" tests="3" failures="0" errors="0" time="0.828">
    <testcase name="Status code is 200" time="0.828" classname="ApiV1AuthRegisterLoginWithEmailAndPassword"/>
    <testcase name="Login success flag" time="0.828" classname="ApiV1AuthRegisterLoginWithEmailAndPassword"/>
    <testcase name="Email is verified" time="0.828" classname="ApiV1AuthRegisterLoginWithEmailAndPassword"/>
  </testsuite>
  <testsuite name="api / v1 / auth / register / Get user profile" id="9dcd5bf9-2f18-4aec-970f-b53b2cc31e12" timestamp="2025-10-05T18:31:49.587Z" tests="8" failures="0" errors="0" time="0.120">
    <testcase name="Status code is 200" time="0.120" classname="ApiV1AuthRegisterGetUserProfile"/>
    <testcase name="User email matches saved variable" time="0.120" classname="ApiV1AuthRegisterGetUserProfile"/>
    <testcase name="User ID matches saved variable" time="0.120" classname="ApiV1AuthRegisterGetUserProfile"/>
    <testcase name="First Name matches saved variable" time="0.120" classname="ApiV1AuthRegisterGetUserProfile"/>
    <testcase name="Last Name matches saved variable" time="0.120" classname="ApiV1AuthRegisterGetUserProfile"/>
    <testcase name="Check if email is verified" time="0.120" classname="ApiV1AuthRegisterGetUserProfile"/>
    <testcase name="Response time is less than 600ms" time="0.120" classname="ApiV1AuthRegisterGetUserProfile"/>
    <testcase name="Response matches profile schema" time="0.120" classname="ApiV1AuthRegisterGetUserProfile"/>
  </testsuite>
  <testsuite name="api / v1 / auth / register / Update user profile" id="99f9f2c2-9a70-4051-a80a-2d753e8258c6" timestamp="2025-10-05T18:31:49.587Z" tests="2" failures="0" errors="0" time="0.092">
    <testcase name="Status code is 200" time="0.092" classname="ApiV1AuthRegisterUpdateUserProfile"/>
    <testcase name="Response time is less than 600ms" time="0.092" classname="ApiV1AuthRegisterUpdateUserProfile"/>
  </testsuite>
</testsuites>