<?xml version="1.0" encoding="UTF-8"?>
<testsuites name="QA Challenge" tests="3" time="0.715">
  <testsuite name="api / v1 / auth / register / Login with email and password" id="f2cd646b-b5f9-4c0f-8b70-a5a8e0a751c8" timestamp="2025-10-17T10:26:59.369Z" tests="3" failures="0" errors="0" time="0.649">
    <testcase name="Status code is 200" time="0.649" classname="ApiV1AuthRegisterLoginWithEmailAndPassword"/>
    <testcase name="Login success flag" time="0.649" classname="ApiV1AuthRegisterLoginWithEmailAndPassword"/>
    <testcase name="Email is verified" time="0.649" classname="ApiV1AuthRegisterLoginWithEmailAndPassword"/>
  </testsuite>
  <testsuite name="api / v1 / auth / register / Get user profile" id="986726ad-570a-43a2-8386-1cb453c10223" timestamp="2025-10-17T10:26:59.369Z" tests="8" failures="0" errors="0" time="0.033">
    <testcase name="Status code is 200" time="0.033" classname="ApiV1AuthRegisterGetUserProfile"/>
    <testcase name="User email matches saved variable" time="0.033" classname="ApiV1AuthRegisterGetUserProfile"/>
    <testcase name="User ID matches saved variable" time="0.033" classname="ApiV1AuthRegisterGetUserProfile"/>
    <testcase name="First Name matches saved variable" time="0.033" classname="ApiV1AuthRegisterGetUserProfile"/>
    <testcase name="Last Name matches saved variable" time="0.033" classname="ApiV1AuthRegisterGetUserProfile"/>
    <testcase name="Check if email is verified" time="0.033" classname="ApiV1AuthRegisterGetUserProfile"/>
    <testcase name="Response time is less than 600ms" time="0.033" classname="ApiV1AuthRegisterGetUserProfile"/>
    <testcase name="Response matches profile schema" time="0.033" classname="ApiV1AuthRegisterGetUserProfile"/>
  </testsuite>
  <testsuite name="api / v1 / auth / register / Update user profile" id="ae535b1c-0d40-4db3-a06f-e1a960e2b800" timestamp="2025-10-17T10:26:59.369Z" tests="2" failures="0" errors="0" time="0.033">
    <testcase name="Status code is 200" time="0.033" classname="ApiV1AuthRegisterUpdateUserProfile"/>
    <testcase name="Response time is less than 600ms" time="0.033" classname="ApiV1AuthRegisterUpdateUserProfile"/>
  </testsuite>
</testsuites>