<?xml version="1.0" encoding="UTF-8"?>
<testsuites name="QA Challenge" tests="3" time="0.839">
  <testsuite name="api / v1 / auth / register / Login with email and password" id="6d2609c1-c7b0-49dc-850c-42a7876182e3" timestamp="2025-10-14T18:36:11.137Z" tests="3" failures="0" errors="0" time="0.737">
    <testcase name="Status code is 200" time="0.737" classname="ApiV1AuthRegisterLoginWithEmailAndPassword"/>
    <testcase name="Login success flag" time="0.737" classname="ApiV1AuthRegisterLoginWithEmailAndPassword"/>
    <testcase name="Email is verified" time="0.737" classname="ApiV1AuthRegisterLoginWithEmailAndPassword"/>
  </testsuite>
  <testsuite name="api / v1 / auth / register / Get user profile" id="ae696e7a-155f-4ae9-9a0d-cd5a5560e8b0" timestamp="2025-10-14T18:36:11.137Z" tests="8" failures="0" errors="0" time="0.043">
    <testcase name="Status code is 200" time="0.043" classname="ApiV1AuthRegisterGetUserProfile"/>
    <testcase name="User email matches saved variable" time="0.043" classname="ApiV1AuthRegisterGetUserProfile"/>
    <testcase name="User ID matches saved variable" time="0.043" classname="ApiV1AuthRegisterGetUserProfile"/>
    <testcase name="First Name matches saved variable" time="0.043" classname="ApiV1AuthRegisterGetUserProfile"/>
    <testcase name="Last Name matches saved variable" time="0.043" classname="ApiV1AuthRegisterGetUserProfile"/>
    <testcase name="Check if email is verified" time="0.043" classname="ApiV1AuthRegisterGetUserProfile"/>
    <testcase name="Response time is less than 600ms" time="0.043" classname="ApiV1AuthRegisterGetUserProfile"/>
    <testcase name="Response matches profile schema" time="0.043" classname="ApiV1AuthRegisterGetUserProfile"/>
  </testsuite>
  <testsuite name="api / v1 / auth / register / Update user profile" id="611f1c42-7191-4a4b-a63f-dec5b223dea7" timestamp="2025-10-14T18:36:11.137Z" tests="2" failures="0" errors="0" time="0.059">
    <testcase name="Status code is 200" time="0.059" classname="ApiV1AuthRegisterUpdateUserProfile"/>
    <testcase name="Response time is less than 600ms" time="0.059" classname="ApiV1AuthRegisterUpdateUserProfile"/>
  </testsuite>
</testsuites>