<?xml version="1.0" encoding="UTF-8"?>
<testsuites name="QA Challenge" tests="3" time="0.658">
  <testsuite name="api / v1 / auth / register / Login with email and password" id="4a650085-36b8-4f12-a934-5834d71665e5" timestamp="2025-10-09T12:53:46.722Z" tests="3" failures="0" errors="0" time="0.618">
    <testcase name="Status code is 200" time="0.618" classname="ApiV1AuthRegisterLoginWithEmailAndPassword"/>
    <testcase name="Login success flag" time="0.618" classname="ApiV1AuthRegisterLoginWithEmailAndPassword"/>
    <testcase name="Email is verified" time="0.618" classname="ApiV1AuthRegisterLoginWithEmailAndPassword"/>
  </testsuite>
  <testsuite name="api / v1 / auth / register / Get user profile" id="72a703b9-f6f8-4d21-9432-98ef0bfaaf9d" timestamp="2025-10-09T12:53:46.722Z" tests="8" failures="0" errors="0" time="0.021">
    <testcase name="Status code is 200" time="0.021" classname="ApiV1AuthRegisterGetUserProfile"/>
    <testcase name="User email matches saved variable" time="0.021" classname="ApiV1AuthRegisterGetUserProfile"/>
    <testcase name="User ID matches saved variable" time="0.021" classname="ApiV1AuthRegisterGetUserProfile"/>
    <testcase name="First Name matches saved variable" time="0.021" classname="ApiV1AuthRegisterGetUserProfile"/>
    <testcase name="Last Name matches saved variable" time="0.021" classname="ApiV1AuthRegisterGetUserProfile"/>
    <testcase name="Check if email is verified" time="0.021" classname="ApiV1AuthRegisterGetUserProfile"/>
    <testcase name="Response time is less than 600ms" time="0.021" classname="ApiV1AuthRegisterGetUserProfile"/>
    <testcase name="Response matches profile schema" time="0.021" classname="ApiV1AuthRegisterGetUserProfile"/>
  </testsuite>
  <testsuite name="api / v1 / auth / register / Update user profile" id="8e7c3420-ae99-4b93-9289-dc1572c5b55b" timestamp="2025-10-09T12:53:46.722Z" tests="2" failures="0" errors="0" time="0.019">
    <testcase name="Status code is 200" time="0.019" classname="ApiV1AuthRegisterUpdateUserProfile"/>
    <testcase name="Response time is less than 600ms" time="0.019" classname="ApiV1AuthRegisterUpdateUserProfile"/>
  </testsuite>
</testsuites>