<?xml version="1.0" encoding="UTF-8"?>
<testsuites name="QA Challenge" tests="3" time="0.882">
  <testsuite name="api / v1 / auth / register / Login with email and password" id="39e12c81-eb7d-486e-bdc0-9ed3479d84b9" timestamp="2025-10-17T16:31:15.031Z" tests="3" failures="0" errors="0" time="0.752">
    <testcase name="Status code is 200" time="0.752" classname="ApiV1AuthRegisterLoginWithEmailAndPassword"/>
    <testcase name="Login success flag" time="0.752" classname="ApiV1AuthRegisterLoginWithEmailAndPassword"/>
    <testcase name="Email is verified" time="0.752" classname="ApiV1AuthRegisterLoginWithEmailAndPassword"/>
  </testsuite>
  <testsuite name="api / v1 / auth / register / Get user profile" id="b4c1a919-aee3-4d39-8e3f-bdd3434e8d98" timestamp="2025-10-17T16:31:15.031Z" tests="8" failures="0" errors="0" time="0.065">
    <testcase name="Status code is 200" time="0.065" classname="ApiV1AuthRegisterGetUserProfile"/>
    <testcase name="User email matches saved variable" time="0.065" classname="ApiV1AuthRegisterGetUserProfile"/>
    <testcase name="User ID matches saved variable" time="0.065" classname="ApiV1AuthRegisterGetUserProfile"/>
    <testcase name="First Name matches saved variable" time="0.065" classname="ApiV1AuthRegisterGetUserProfile"/>
    <testcase name="Last Name matches saved variable" time="0.065" classname="ApiV1AuthRegisterGetUserProfile"/>
    <testcase name="Check if email is verified" time="0.065" classname="ApiV1AuthRegisterGetUserProfile"/>
    <testcase name="Response time is less than 600ms" time="0.065" classname="ApiV1AuthRegisterGetUserProfile"/>
    <testcase name="Response matches profile schema" time="0.065" classname="ApiV1AuthRegisterGetUserProfile"/>
  </testsuite>
  <testsuite name="api / v1 / auth / register / Update user profile" id="f20bb930-29c8-4cec-8bb3-afd9f5d27aa5" timestamp="2025-10-17T16:31:15.031Z" tests="2" failures="0" errors="0" time="0.065">
    <testcase name="Status code is 200" time="0.065" classname="ApiV1AuthRegisterUpdateUserProfile"/>
    <testcase name="Response time is less than 600ms" time="0.065" classname="ApiV1AuthRegisterUpdateUserProfile"/>
  </testsuite>
</testsuites>