<?xml version="1.0" encoding="UTF-8"?>
<testsuites name="QA Challenge" tests="3" time="0.652">
  <testsuite name="api / v1 / auth / register / Login with email and password" id="bb936df5-ecd1-42c1-bcbf-00c2fafaa14e" timestamp="2025-10-13T12:53:29.967Z" tests="3" failures="0" errors="0" time="0.601">
    <testcase name="Status code is 200" time="0.601" classname="ApiV1AuthRegisterLoginWithEmailAndPassword"/>
    <testcase name="Login success flag" time="0.601" classname="ApiV1AuthRegisterLoginWithEmailAndPassword"/>
    <testcase name="Email is verified" time="0.601" classname="ApiV1AuthRegisterLoginWithEmailAndPassword"/>
  </testsuite>
  <testsuite name="api / v1 / auth / register / Get user profile" id="43bc56c7-f251-46bd-bacf-6a8bc66c7797" timestamp="2025-10-13T12:53:29.967Z" tests="8" failures="0" errors="0" time="0.026">
    <testcase name="Status code is 200" time="0.026" classname="ApiV1AuthRegisterGetUserProfile"/>
    <testcase name="User email matches saved variable" time="0.026" classname="ApiV1AuthRegisterGetUserProfile"/>
    <testcase name="User ID matches saved variable" time="0.026" classname="ApiV1AuthRegisterGetUserProfile"/>
    <testcase name="First Name matches saved variable" time="0.026" classname="ApiV1AuthRegisterGetUserProfile"/>
    <testcase name="Last Name matches saved variable" time="0.026" classname="ApiV1AuthRegisterGetUserProfile"/>
    <testcase name="Check if email is verified" time="0.026" classname="ApiV1AuthRegisterGetUserProfile"/>
    <testcase name="Response time is less than 600ms" time="0.026" classname="ApiV1AuthRegisterGetUserProfile"/>
    <testcase name="Response matches profile schema" time="0.026" classname="ApiV1AuthRegisterGetUserProfile"/>
  </testsuite>
  <testsuite name="api / v1 / auth / register / Update user profile" id="8c79d611-1151-4acd-b3a1-42304e723f73" timestamp="2025-10-13T12:53:29.967Z" tests="2" failures="0" errors="0" time="0.025">
    <testcase name="Status code is 200" time="0.025" classname="ApiV1AuthRegisterUpdateUserProfile"/>
    <testcase name="Response time is less than 600ms" time="0.025" classname="ApiV1AuthRegisterUpdateUserProfile"/>
  </testsuite>
</testsuites>