<?xml version="1.0" encoding="UTF-8"?>
<testsuites name="QA Challenge" tests="3" time="0.832">
  <testsuite name="api / v1 / auth / register / Login with email and password" id="f2009407-b262-42ae-b1fd-bff8f9cf4c03" timestamp="2025-10-15T10:28:47.216Z" tests="3" failures="0" errors="0" time="0.757">
    <testcase name="Status code is 200" time="0.757" classname="ApiV1AuthRegisterLoginWithEmailAndPassword"/>
    <testcase name="Login success flag" time="0.757" classname="ApiV1AuthRegisterLoginWithEmailAndPassword"/>
    <testcase name="Email is verified" time="0.757" classname="ApiV1AuthRegisterLoginWithEmailAndPassword"/>
  </testsuite>
  <testsuite name="api / v1 / auth / register / Get user profile" id="dbb56f14-5d8e-45ac-9c9d-08dc87c1fb5a" timestamp="2025-10-15T10:28:47.216Z" tests="8" failures="0" errors="0" time="0.039">
    <testcase name="Status code is 200" time="0.039" classname="ApiV1AuthRegisterGetUserProfile"/>
    <testcase name="User email matches saved variable" time="0.039" classname="ApiV1AuthRegisterGetUserProfile"/>
    <testcase name="User ID matches saved variable" time="0.039" classname="ApiV1AuthRegisterGetUserProfile"/>
    <testcase name="First Name matches saved variable" time="0.039" classname="ApiV1AuthRegisterGetUserProfile"/>
    <testcase name="Last Name matches saved variable" time="0.039" classname="ApiV1AuthRegisterGetUserProfile"/>
    <testcase name="Check if email is verified" time="0.039" classname="ApiV1AuthRegisterGetUserProfile"/>
    <testcase name="Response time is less than 600ms" time="0.039" classname="ApiV1AuthRegisterGetUserProfile"/>
    <testcase name="Response matches profile schema" time="0.039" classname="ApiV1AuthRegisterGetUserProfile"/>
  </testsuite>
  <testsuite name="api / v1 / auth / register / Update user profile" id="a06ec39a-dab2-4896-8374-8d7d1c7eff86" timestamp="2025-10-15T10:28:47.216Z" tests="2" failures="0" errors="0" time="0.036">
    <testcase name="Status code is 200" time="0.036" classname="ApiV1AuthRegisterUpdateUserProfile"/>
    <testcase name="Response time is less than 600ms" time="0.036" classname="ApiV1AuthRegisterUpdateUserProfile"/>
  </testsuite>
</testsuites>