<?xml version="1.0" encoding="UTF-8"?>
<testsuites name="QA Challenge" tests="3" time="0.904">
  <testsuite name="api / v1 / auth / register / Login with email and password" id="b9cff32e-5f59-4d83-aa14-5d1b1b403343" timestamp="2025-10-10T20:26:41.865Z" tests="3" failures="0" errors="0" time="0.755">
    <testcase name="Status code is 200" time="0.755" classname="ApiV1AuthRegisterLoginWithEmailAndPassword"/>
    <testcase name="Login success flag" time="0.755" classname="ApiV1AuthRegisterLoginWithEmailAndPassword"/>
    <testcase name="Email is verified" time="0.755" classname="ApiV1AuthRegisterLoginWithEmailAndPassword"/>
  </testsuite>
  <testsuite name="api / v1 / auth / register / Get user profile" id="fa7a1642-9aa1-400c-aa39-1d33c09e9b89" timestamp="2025-10-10T20:26:41.865Z" tests="8" failures="0" errors="0" time="0.073">
    <testcase name="Status code is 200" time="0.073" classname="ApiV1AuthRegisterGetUserProfile"/>
    <testcase name="User email matches saved variable" time="0.073" classname="ApiV1AuthRegisterGetUserProfile"/>
    <testcase name="User ID matches saved variable" time="0.073" classname="ApiV1AuthRegisterGetUserProfile"/>
    <testcase name="First Name matches saved variable" time="0.073" classname="ApiV1AuthRegisterGetUserProfile"/>
    <testcase name="Last Name matches saved variable" time="0.073" classname="ApiV1AuthRegisterGetUserProfile"/>
    <testcase name="Check if email is verified" time="0.073" classname="ApiV1AuthRegisterGetUserProfile"/>
    <testcase name="Response time is less than 600ms" time="0.073" classname="ApiV1AuthRegisterGetUserProfile"/>
    <testcase name="Response matches profile schema" time="0.073" classname="ApiV1AuthRegisterGetUserProfile"/>
  </testsuite>
  <testsuite name="api / v1 / auth / register / Update user profile" id="23402239-5522-4a77-b351-11c618c4330a" timestamp="2025-10-10T20:26:41.865Z" tests="2" failures="0" errors="0" time="0.076">
    <testcase name="Status code is 200" time="0.076" classname="ApiV1AuthRegisterUpdateUserProfile"/>
    <testcase name="Response time is less than 600ms" time="0.076" classname="ApiV1AuthRegisterUpdateUserProfile"/>
  </testsuite>
</testsuites>