<?xml version="1.0" encoding="UTF-8"?>
<testsuites name="QA Challenge" tests="3" time="0.983">
  <testsuite name="api / v1 / auth / register / Login with email and password" id="24634541-e0bf-4cc4-bc2b-8cdb3920f956" timestamp="2025-10-16T01:56:24.845Z" tests="3" failures="0" errors="0" time="0.806">
    <testcase name="Status code is 200" time="0.806" classname="ApiV1AuthRegisterLoginWithEmailAndPassword"/>
    <testcase name="Login success flag" time="0.806" classname="ApiV1AuthRegisterLoginWithEmailAndPassword"/>
    <testcase name="Email is verified" time="0.806" classname="ApiV1AuthRegisterLoginWithEmailAndPassword"/>
  </testsuite>
  <testsuite name="api / v1 / auth / register / Get user profile" id="53aab272-d9e1-4542-a612-87fbb4c39ab5" timestamp="2025-10-16T01:56:24.845Z" tests="8" failures="0" errors="0" time="0.088">
    <testcase name="Status code is 200" time="0.088" classname="ApiV1AuthRegisterGetUserProfile"/>
    <testcase name="User email matches saved variable" time="0.088" classname="ApiV1AuthRegisterGetUserProfile"/>
    <testcase name="User ID matches saved variable" time="0.088" classname="ApiV1AuthRegisterGetUserProfile"/>
    <testcase name="First Name matches saved variable" time="0.088" classname="ApiV1AuthRegisterGetUserProfile"/>
    <testcase name="Last Name matches saved variable" time="0.088" classname="ApiV1AuthRegisterGetUserProfile"/>
    <testcase name="Check if email is verified" time="0.088" classname="ApiV1AuthRegisterGetUserProfile"/>
    <testcase name="Response time is less than 600ms" time="0.088" classname="ApiV1AuthRegisterGetUserProfile"/>
    <testcase name="Response matches profile schema" time="0.088" classname="ApiV1AuthRegisterGetUserProfile"/>
  </testsuite>
  <testsuite name="api / v1 / auth / register / Update user profile" id="f93ac684-6220-4afd-89c5-cf88b4389c6d" timestamp="2025-10-16T01:56:24.845Z" tests="2" failures="0" errors="0" time="0.089">
    <testcase name="Status code is 200" time="0.089" classname="ApiV1AuthRegisterUpdateUserProfile"/>
    <testcase name="Response time is less than 600ms" time="0.089" classname="ApiV1AuthRegisterUpdateUserProfile"/>
  </testsuite>
</testsuites>