<?xml version="1.0" encoding="UTF-8"?>
<testsuites name="QA Challenge" tests="3" time="0.920">
  <testsuite name="api / v1 / auth / register / Login with email and password" id="88d25891-9713-47cd-80cc-2bc825b1a037" timestamp="2025-10-16T20:27:35.242Z" tests="3" failures="0" errors="0" time="0.813">
    <testcase name="Status code is 200" time="0.813" classname="ApiV1AuthRegisterLoginWithEmailAndPassword"/>
    <testcase name="Login success flag" time="0.813" classname="ApiV1AuthRegisterLoginWithEmailAndPassword"/>
    <testcase name="Email is verified" time="0.813" classname="ApiV1AuthRegisterLoginWithEmailAndPassword"/>
  </testsuite>
  <testsuite name="api / v1 / auth / register / Get user profile" id="7bbc20db-3a32-4da8-ac6f-8be2cb0d449b" timestamp="2025-10-16T20:27:35.242Z" tests="8" failures="0" errors="0" time="0.053">
    <testcase name="Status code is 200" time="0.053" classname="ApiV1AuthRegisterGetUserProfile"/>
    <testcase name="User email matches saved variable" time="0.053" classname="ApiV1AuthRegisterGetUserProfile"/>
    <testcase name="User ID matches saved variable" time="0.053" classname="ApiV1AuthRegisterGetUserProfile"/>
    <testcase name="First Name matches saved variable" time="0.053" classname="ApiV1AuthRegisterGetUserProfile"/>
    <testcase name="Last Name matches saved variable" time="0.053" classname="ApiV1AuthRegisterGetUserProfile"/>
    <testcase name="Check if email is verified" time="0.053" classname="ApiV1AuthRegisterGetUserProfile"/>
    <testcase name="Response time is less than 600ms" time="0.053" classname="ApiV1AuthRegisterGetUserProfile"/>
    <testcase name="Response matches profile schema" time="0.053" classname="ApiV1AuthRegisterGetUserProfile"/>
  </testsuite>
  <testsuite name="api / v1 / auth / register / Update user profile" id="e1347d6d-1c07-4c75-a797-d70eba743333" timestamp="2025-10-16T20:27:35.242Z" tests="2" failures="0" errors="0" time="0.054">
    <testcase name="Status code is 200" time="0.054" classname="ApiV1AuthRegisterUpdateUserProfile"/>
    <testcase name="Response time is less than 600ms" time="0.054" classname="ApiV1AuthRegisterUpdateUserProfile"/>
  </testsuite>
</testsuites>