<?xml version="1.0" encoding="UTF-8"?>
<testsuites name="QA Challenge" tests="3" time="0.894">
  <testsuite name="api / v1 / auth / register / Login with email and password" id="ef73ef5a-b511-4571-91d3-4ffb74b86bdc" timestamp="2025-10-18T12:47:35.220Z" tests="3" failures="0" errors="0" time="0.767">
    <testcase name="Status code is 200" time="0.767" classname="ApiV1AuthRegisterLoginWithEmailAndPassword"/>
    <testcase name="Login success flag" time="0.767" classname="ApiV1AuthRegisterLoginWithEmailAndPassword"/>
    <testcase name="Email is verified" time="0.767" classname="ApiV1AuthRegisterLoginWithEmailAndPassword"/>
  </testsuite>
  <testsuite name="api / v1 / auth / register / Get user profile" id="b744d6fc-3dd5-4fc2-a679-fb1ef5771b80" timestamp="2025-10-18T12:47:35.220Z" tests="8" failures="0" errors="0" time="0.064">
    <testcase name="Status code is 200" time="0.064" classname="ApiV1AuthRegisterGetUserProfile"/>
    <testcase name="User email matches saved variable" time="0.064" classname="ApiV1AuthRegisterGetUserProfile"/>
    <testcase name="User ID matches saved variable" time="0.064" classname="ApiV1AuthRegisterGetUserProfile"/>
    <testcase name="First Name matches saved variable" time="0.064" classname="ApiV1AuthRegisterGetUserProfile"/>
    <testcase name="Last Name matches saved variable" time="0.064" classname="ApiV1AuthRegisterGetUserProfile"/>
    <testcase name="Check if email is verified" time="0.064" classname="ApiV1AuthRegisterGetUserProfile"/>
    <testcase name="Response time is less than 600ms" time="0.064" classname="ApiV1AuthRegisterGetUserProfile"/>
    <testcase name="Response matches profile schema" time="0.064" classname="ApiV1AuthRegisterGetUserProfile"/>
  </testsuite>
  <testsuite name="api / v1 / auth / register / Update user profile" id="4ad13d76-3825-4ede-bca2-f220beccdf38" timestamp="2025-10-18T12:47:35.220Z" tests="2" failures="0" errors="0" time="0.063">
    <testcase name="Status code is 200" time="0.063" classname="ApiV1AuthRegisterUpdateUserProfile"/>
    <testcase name="Response time is less than 600ms" time="0.063" classname="ApiV1AuthRegisterUpdateUserProfile"/>
  </testsuite>
</testsuites>