<?xml version="1.0" encoding="UTF-8"?>
<testsuites name="QA Challenge" tests="3" time="1.005">
  <testsuite name="api / v1 / auth / register / Login with email and password" id="db81c645-9b16-4e43-81ce-3057424b9213" timestamp="2025-10-10T08:32:47.928Z" tests="3" failures="0" errors="0" time="0.806">
    <testcase name="Status code is 200" time="0.806" classname="ApiV1AuthRegisterLoginWithEmailAndPassword"/>
    <testcase name="Login success flag" time="0.806" classname="ApiV1AuthRegisterLoginWithEmailAndPassword"/>
    <testcase name="Email is verified" time="0.806" classname="ApiV1AuthRegisterLoginWithEmailAndPassword"/>
  </testsuite>
  <testsuite name="api / v1 / auth / register / Get user profile" id="247d0764-84ab-471d-add1-6dd704354532" timestamp="2025-10-10T08:32:47.928Z" tests="8" failures="0" errors="0" time="0.095">
    <testcase name="Status code is 200" time="0.095" classname="ApiV1AuthRegisterGetUserProfile"/>
    <testcase name="User email matches saved variable" time="0.095" classname="ApiV1AuthRegisterGetUserProfile"/>
    <testcase name="User ID matches saved variable" time="0.095" classname="ApiV1AuthRegisterGetUserProfile"/>
    <testcase name="First Name matches saved variable" time="0.095" classname="ApiV1AuthRegisterGetUserProfile"/>
    <testcase name="Last Name matches saved variable" time="0.095" classname="ApiV1AuthRegisterGetUserProfile"/>
    <testcase name="Check if email is verified" time="0.095" classname="ApiV1AuthRegisterGetUserProfile"/>
    <testcase name="Response time is less than 600ms" time="0.095" classname="ApiV1AuthRegisterGetUserProfile"/>
    <testcase name="Response matches profile schema" time="0.095" classname="ApiV1AuthRegisterGetUserProfile"/>
  </testsuite>
  <testsuite name="api / v1 / auth / register / Update user profile" id="6295f971-3f63-453b-b3e9-be8cbf1830b7" timestamp="2025-10-10T08:32:47.928Z" tests="2" failures="0" errors="0" time="0.104">
    <testcase name="Status code is 200" time="0.104" classname="ApiV1AuthRegisterUpdateUserProfile"/>
    <testcase name="Response time is less than 600ms" time="0.104" classname="ApiV1AuthRegisterUpdateUserProfile"/>
  </testsuite>
</testsuites>