<?xml version="1.0" encoding="UTF-8"?>
<testsuites name="QA Challenge" tests="3" time="0.973">
  <testsuite name="api / v1 / auth / register / Login with email and password" id="bc41f4ec-06ac-41a4-8ec2-d00eed0b09cb" timestamp="2025-10-12T12:45:54.936Z" tests="3" failures="0" errors="0" time="0.800">
    <testcase name="Status code is 200" time="0.800" classname="ApiV1AuthRegisterLoginWithEmailAndPassword"/>
    <testcase name="Login success flag" time="0.800" classname="ApiV1AuthRegisterLoginWithEmailAndPassword"/>
    <testcase name="Email is verified" time="0.800" classname="ApiV1AuthRegisterLoginWithEmailAndPassword"/>
  </testsuite>
  <testsuite name="api / v1 / auth / register / Get user profile" id="1e5fdb45-0d8c-4a16-8b0a-1587bc1b8476" timestamp="2025-10-12T12:45:54.936Z" tests="8" failures="0" errors="0" time="0.089">
    <testcase name="Status code is 200" time="0.089" classname="ApiV1AuthRegisterGetUserProfile"/>
    <testcase name="User email matches saved variable" time="0.089" classname="ApiV1AuthRegisterGetUserProfile"/>
    <testcase name="User ID matches saved variable" time="0.089" classname="ApiV1AuthRegisterGetUserProfile"/>
    <testcase name="First Name matches saved variable" time="0.089" classname="ApiV1AuthRegisterGetUserProfile"/>
    <testcase name="Last Name matches saved variable" time="0.089" classname="ApiV1AuthRegisterGetUserProfile"/>
    <testcase name="Check if email is verified" time="0.089" classname="ApiV1AuthRegisterGetUserProfile"/>
    <testcase name="Response time is less than 600ms" time="0.089" classname="ApiV1AuthRegisterGetUserProfile"/>
    <testcase name="Response matches profile schema" time="0.089" classname="ApiV1AuthRegisterGetUserProfile"/>
  </testsuite>
  <testsuite name="api / v1 / auth / register / Update user profile" id="48d2995d-2e43-4726-ab02-4b87bcbbd62b" timestamp="2025-10-12T12:45:54.936Z" tests="2" failures="0" errors="0" time="0.084">
    <testcase name="Status code is 200" time="0.084" classname="ApiV1AuthRegisterUpdateUserProfile"/>
    <testcase name="Response time is less than 600ms" time="0.084" classname="ApiV1AuthRegisterUpdateUserProfile"/>
  </testsuite>
</testsuites>