<?xml version="1.0" encoding="UTF-8"?>
<testsuites name="QA Challenge" tests="3" time="0.878">
  <testsuite name="api / v1 / auth / register / Login with email and password" id="3dd5adb7-9c10-4cc8-9546-66521984df32" timestamp="2025-10-09T08:33:34.331Z" tests="3" failures="0" errors="0" time="0.746">
    <testcase name="Status code is 200" time="0.746" classname="ApiV1AuthRegisterLoginWithEmailAndPassword"/>
    <testcase name="Login success flag" time="0.746" classname="ApiV1AuthRegisterLoginWithEmailAndPassword"/>
    <testcase name="Email is verified" time="0.746" classname="ApiV1AuthRegisterLoginWithEmailAndPassword"/>
  </testsuite>
  <testsuite name="api / v1 / auth / register / Get user profile" id="d5aa91cd-0d2d-4443-959d-e6b0840a5e2a" timestamp="2025-10-09T08:33:34.331Z" tests="8" failures="0" errors="0" time="0.061">
    <testcase name="Status code is 200" time="0.061" classname="ApiV1AuthRegisterGetUserProfile"/>
    <testcase name="User email matches saved variable" time="0.061" classname="ApiV1AuthRegisterGetUserProfile"/>
    <testcase name="User ID matches saved variable" time="0.061" classname="ApiV1AuthRegisterGetUserProfile"/>
    <testcase name="First Name matches saved variable" time="0.061" classname="ApiV1AuthRegisterGetUserProfile"/>
    <testcase name="Last Name matches saved variable" time="0.061" classname="ApiV1AuthRegisterGetUserProfile"/>
    <testcase name="Check if email is verified" time="0.061" classname="ApiV1AuthRegisterGetUserProfile"/>
    <testcase name="Response time is less than 600ms" time="0.061" classname="ApiV1AuthRegisterGetUserProfile"/>
    <testcase name="Response matches profile schema" time="0.061" classname="ApiV1AuthRegisterGetUserProfile"/>
  </testsuite>
  <testsuite name="api / v1 / auth / register / Update user profile" id="6e3b7b01-1db3-4632-882a-bba4adfcb67a" timestamp="2025-10-09T08:33:34.331Z" tests="2" failures="0" errors="0" time="0.071">
    <testcase name="Status code is 200" time="0.071" classname="ApiV1AuthRegisterUpdateUserProfile"/>
    <testcase name="Response time is less than 600ms" time="0.071" classname="ApiV1AuthRegisterUpdateUserProfile"/>
  </testsuite>
</testsuites>