<?xml version="1.0" encoding="UTF-8"?>
<testsuites name="QA Challenge" tests="3" time="0.833">
  <testsuite name="api / v1 / auth / register / Login with email and password" id="63a97223-02b0-43a5-a8a8-8f2a5ac61d78" timestamp="2025-10-17T14:25:47.083Z" tests="3" failures="0" errors="0" time="0.724">
    <testcase name="Status code is 200" time="0.724" classname="ApiV1AuthRegisterLoginWithEmailAndPassword"/>
    <testcase name="Login success flag" time="0.724" classname="ApiV1AuthRegisterLoginWithEmailAndPassword"/>
    <testcase name="Email is verified" time="0.724" classname="ApiV1AuthRegisterLoginWithEmailAndPassword"/>
  </testsuite>
  <testsuite name="api / v1 / auth / register / Get user profile" id="f2bfe94c-c32e-45de-ab69-1716cfd0010e" timestamp="2025-10-17T14:25:47.083Z" tests="8" failures="0" errors="0" time="0.055">
    <testcase name="Status code is 200" time="0.055" classname="ApiV1AuthRegisterGetUserProfile"/>
    <testcase name="User email matches saved variable" time="0.055" classname="ApiV1AuthRegisterGetUserProfile"/>
    <testcase name="User ID matches saved variable" time="0.055" classname="ApiV1AuthRegisterGetUserProfile"/>
    <testcase name="First Name matches saved variable" time="0.055" classname="ApiV1AuthRegisterGetUserProfile"/>
    <testcase name="Last Name matches saved variable" time="0.055" classname="ApiV1AuthRegisterGetUserProfile"/>
    <testcase name="Check if email is verified" time="0.055" classname="ApiV1AuthRegisterGetUserProfile"/>
    <testcase name="Response time is less than 600ms" time="0.055" classname="ApiV1AuthRegisterGetUserProfile"/>
    <testcase name="Response matches profile schema" time="0.055" classname="ApiV1AuthRegisterGetUserProfile"/>
  </testsuite>
  <testsuite name="api / v1 / auth / register / Update user profile" id="e8649ae8-107e-4c45-a6fb-3cbca855a728" timestamp="2025-10-17T14:25:47.083Z" tests="2" failures="0" errors="0" time="0.054">
    <testcase name="Status code is 200" time="0.054" classname="ApiV1AuthRegisterUpdateUserProfile"/>
    <testcase name="Response time is less than 600ms" time="0.054" classname="ApiV1AuthRegisterUpdateUserProfile"/>
  </testsuite>
</testsuites>