<?xml version="1.0" encoding="UTF-8"?>
<testsuites name="QA Challenge" tests="3" time="0.743">
  <testsuite name="api / v1 / auth / register / Login with email and password" id="aa3c68ca-3cfb-47f0-b742-89f8625f6854" timestamp="2025-10-07T03:02:14.250Z" tests="3" failures="0" errors="0" time="0.690">
    <testcase name="Status code is 200" time="0.690" classname="ApiV1AuthRegisterLoginWithEmailAndPassword"/>
    <testcase name="Login success flag" time="0.690" classname="ApiV1AuthRegisterLoginWithEmailAndPassword"/>
    <testcase name="Email is verified" time="0.690" classname="ApiV1AuthRegisterLoginWithEmailAndPassword"/>
  </testsuite>
  <testsuite name="api / v1 / auth / register / Get user profile" id="4167b2dd-3c2d-4642-b5a1-349dd6535e4e" timestamp="2025-10-07T03:02:14.250Z" tests="8" failures="0" errors="0" time="0.025">
    <testcase name="Status code is 200" time="0.025" classname="ApiV1AuthRegisterGetUserProfile"/>
    <testcase name="User email matches saved variable" time="0.025" classname="ApiV1AuthRegisterGetUserProfile"/>
    <testcase name="User ID matches saved variable" time="0.025" classname="ApiV1AuthRegisterGetUserProfile"/>
    <testcase name="First Name matches saved variable" time="0.025" classname="ApiV1AuthRegisterGetUserProfile"/>
    <testcase name="Last Name matches saved variable" time="0.025" classname="ApiV1AuthRegisterGetUserProfile"/>
    <testcase name="Check if email is verified" time="0.025" classname="ApiV1AuthRegisterGetUserProfile"/>
    <testcase name="Response time is less than 600ms" time="0.025" classname="ApiV1AuthRegisterGetUserProfile"/>
    <testcase name="Response matches profile schema" time="0.025" classname="ApiV1AuthRegisterGetUserProfile"/>
  </testsuite>
  <testsuite name="api / v1 / auth / register / Update user profile" id="c4013883-d26f-42d6-bb3c-4a74471e3b3c" timestamp="2025-10-07T03:02:14.250Z" tests="2" failures="0" errors="0" time="0.028">
    <testcase name="Status code is 200" time="0.028" classname="ApiV1AuthRegisterUpdateUserProfile"/>
    <testcase name="Response time is less than 600ms" time="0.028" classname="ApiV1AuthRegisterUpdateUserProfile"/>
  </testsuite>
</testsuites>