<?xml version="1.0" encoding="UTF-8"?>
<testsuites name="QA Challenge" tests="3" time="0.695">
  <testsuite name="api / v1 / auth / register / Login with email and password" id="5b3e8764-a20e-47ed-828a-70953bbd6789" timestamp="2025-10-16T06:37:12.500Z" tests="3" failures="0" errors="0" time="0.652">
    <testcase name="Status code is 200" time="0.652" classname="ApiV1AuthRegisterLoginWithEmailAndPassword"/>
    <testcase name="Login success flag" time="0.652" classname="ApiV1AuthRegisterLoginWithEmailAndPassword"/>
    <testcase name="Email is verified" time="0.652" classname="ApiV1AuthRegisterLoginWithEmailAndPassword"/>
  </testsuite>
  <testsuite name="api / v1 / auth / register / Get user profile" id="276370dc-a33b-4d46-84a7-277e625ba239" timestamp="2025-10-16T06:37:12.500Z" tests="8" failures="0" errors="0" time="0.021">
    <testcase name="Status code is 200" time="0.021" classname="ApiV1AuthRegisterGetUserProfile"/>
    <testcase name="User email matches saved variable" time="0.021" classname="ApiV1AuthRegisterGetUserProfile"/>
    <testcase name="User ID matches saved variable" time="0.021" classname="ApiV1AuthRegisterGetUserProfile"/>
    <testcase name="First Name matches saved variable" time="0.021" classname="ApiV1AuthRegisterGetUserProfile"/>
    <testcase name="Last Name matches saved variable" time="0.021" classname="ApiV1AuthRegisterGetUserProfile"/>
    <testcase name="Check if email is verified" time="0.021" classname="ApiV1AuthRegisterGetUserProfile"/>
    <testcase name="Response time is less than 600ms" time="0.021" classname="ApiV1AuthRegisterGetUserProfile"/>
    <testcase name="Response matches profile schema" time="0.021" classname="ApiV1AuthRegisterGetUserProfile"/>
  </testsuite>
  <testsuite name="api / v1 / auth / register / Update user profile" id="11910f1c-e46d-4593-ae37-979980f07e45" timestamp="2025-10-16T06:37:12.500Z" tests="2" failures="0" errors="0" time="0.022">
    <testcase name="Status code is 200" time="0.022" classname="ApiV1AuthRegisterUpdateUserProfile"/>
    <testcase name="Response time is less than 600ms" time="0.022" classname="ApiV1AuthRegisterUpdateUserProfile"/>
  </testsuite>
</testsuites>