<?xml version="1.0" encoding="UTF-8"?>
<testsuites name="QA Challenge" tests="3" time="0.727">
  <testsuite name="api / v1 / auth / register / Login with email and password" id="8c98beb7-5a01-4afa-aeb5-7a5e264a01a6" timestamp="2025-10-11T10:23:38.668Z" tests="3" failures="0" errors="0" time="0.653">
    <testcase name="Status code is 200" time="0.653" classname="ApiV1AuthRegisterLoginWithEmailAndPassword"/>
    <testcase name="Login success flag" time="0.653" classname="ApiV1AuthRegisterLoginWithEmailAndPassword"/>
    <testcase name="Email is verified" time="0.653" classname="ApiV1AuthRegisterLoginWithEmailAndPassword"/>
  </testsuite>
  <testsuite name="api / v1 / auth / register / Get user profile" id="f2c38f44-b31e-402a-b742-0966ff5c50ce" timestamp="2025-10-11T10:23:38.668Z" tests="8" failures="0" errors="0" time="0.036">
    <testcase name="Status code is 200" time="0.036" classname="ApiV1AuthRegisterGetUserProfile"/>
    <testcase name="User email matches saved variable" time="0.036" classname="ApiV1AuthRegisterGetUserProfile"/>
    <testcase name="User ID matches saved variable" time="0.036" classname="ApiV1AuthRegisterGetUserProfile"/>
    <testcase name="First Name matches saved variable" time="0.036" classname="ApiV1AuthRegisterGetUserProfile"/>
    <testcase name="Last Name matches saved variable" time="0.036" classname="ApiV1AuthRegisterGetUserProfile"/>
    <testcase name="Check if email is verified" time="0.036" classname="ApiV1AuthRegisterGetUserProfile"/>
    <testcase name="Response time is less than 600ms" time="0.036" classname="ApiV1AuthRegisterGetUserProfile"/>
    <testcase name="Response matches profile schema" time="0.036" classname="ApiV1AuthRegisterGetUserProfile"/>
  </testsuite>
  <testsuite name="api / v1 / auth / register / Update user profile" id="7bb8b159-0cf9-4330-9fa0-7169e185bded" timestamp="2025-10-11T10:23:38.668Z" tests="2" failures="0" errors="0" time="0.038">
    <testcase name="Status code is 200" time="0.038" classname="ApiV1AuthRegisterUpdateUserProfile"/>
    <testcase name="Response time is less than 600ms" time="0.038" classname="ApiV1AuthRegisterUpdateUserProfile"/>
  </testsuite>
</testsuites>