<?xml version="1.0" encoding="UTF-8"?>
<testsuites name="QA Challenge" tests="3" time="0.668">
  <testsuite name="api / v1 / auth / register / Login with email and password" id="69cb36b2-03d0-419d-a2ae-dbf864193676" timestamp="2025-10-08T06:37:00.897Z" tests="3" failures="0" errors="0" time="0.588">
    <testcase name="Status code is 200" time="0.588" classname="ApiV1AuthRegisterLoginWithEmailAndPassword"/>
    <testcase name="Login success flag" time="0.588" classname="ApiV1AuthRegisterLoginWithEmailAndPassword"/>
    <testcase name="Email is verified" time="0.588" classname="ApiV1AuthRegisterLoginWithEmailAndPassword"/>
  </testsuite>
  <testsuite name="api / v1 / auth / register / Get user profile" id="ced213a1-e810-48ea-9817-9325a6aa84aa" timestamp="2025-10-08T06:37:00.897Z" tests="8" failures="0" errors="0" time="0.056">
    <testcase name="Status code is 200" time="0.056" classname="ApiV1AuthRegisterGetUserProfile"/>
    <testcase name="User email matches saved variable" time="0.056" classname="ApiV1AuthRegisterGetUserProfile"/>
    <testcase name="User ID matches saved variable" time="0.056" classname="ApiV1AuthRegisterGetUserProfile"/>
    <testcase name="First Name matches saved variable" time="0.056" classname="ApiV1AuthRegisterGetUserProfile"/>
    <testcase name="Last Name matches saved variable" time="0.056" classname="ApiV1AuthRegisterGetUserProfile"/>
    <testcase name="Check if email is verified" time="0.056" classname="ApiV1AuthRegisterGetUserProfile"/>
    <testcase name="Response time is less than 600ms" time="0.056" classname="ApiV1AuthRegisterGetUserProfile"/>
    <testcase name="Response matches profile schema" time="0.056" classname="ApiV1AuthRegisterGetUserProfile"/>
  </testsuite>
  <testsuite name="api / v1 / auth / register / Update user profile" id="a268c117-23dd-4ea1-8b84-49d84a2682a0" timestamp="2025-10-08T06:37:00.897Z" tests="2" failures="0" errors="0" time="0.024">
    <testcase name="Status code is 200" time="0.024" classname="ApiV1AuthRegisterUpdateUserProfile"/>
    <testcase name="Response time is less than 600ms" time="0.024" classname="ApiV1AuthRegisterUpdateUserProfile"/>
  </testsuite>
</testsuites>