<?xml version="1.0" encoding="UTF-8"?>
<testsuites name="QA Challenge" tests="3" time="1.145">
  <testsuite name="api / v1 / auth / register / Login with email and password" id="7f137950-35e5-4d16-915e-abf3b03b686b" timestamp="2025-10-12T04:27:56.420Z" tests="3" failures="0" errors="0" time="0.952">
    <testcase name="Status code is 200" time="0.952" classname="ApiV1AuthRegisterLoginWithEmailAndPassword"/>
    <testcase name="Login success flag" time="0.952" classname="ApiV1AuthRegisterLoginWithEmailAndPassword"/>
    <testcase name="Email is verified" time="0.952" classname="ApiV1AuthRegisterLoginWithEmailAndPassword"/>
  </testsuite>
  <testsuite name="api / v1 / auth / register / Get user profile" id="72056acb-826c-40e4-ab72-41a7f383752d" timestamp="2025-10-12T04:27:56.420Z" tests="8" failures="0" errors="0" time="0.097">
    <testcase name="Status code is 200" time="0.097" classname="ApiV1AuthRegisterGetUserProfile"/>
    <testcase name="User email matches saved variable" time="0.097" classname="ApiV1AuthRegisterGetUserProfile"/>
    <testcase name="User ID matches saved variable" time="0.097" classname="ApiV1AuthRegisterGetUserProfile"/>
    <testcase name="First Name matches saved variable" time="0.097" classname="ApiV1AuthRegisterGetUserProfile"/>
    <testcase name="Last Name matches saved variable" time="0.097" classname="ApiV1AuthRegisterGetUserProfile"/>
    <testcase name="Check if email is verified" time="0.097" classname="ApiV1AuthRegisterGetUserProfile"/>
    <testcase name="Response time is less than 600ms" time="0.097" classname="ApiV1AuthRegisterGetUserProfile"/>
    <testcase name="Response matches profile schema" time="0.097" classname="ApiV1AuthRegisterGetUserProfile"/>
  </testsuite>
  <testsuite name="api / v1 / auth / register / Update user profile" id="7dc8d393-4b9c-4fed-8954-ca78a9a36e23" timestamp="2025-10-12T04:27:56.420Z" tests="2" failures="0" errors="0" time="0.096">
    <testcase name="Status code is 200" time="0.096" classname="ApiV1AuthRegisterUpdateUserProfile"/>
    <testcase name="Response time is less than 600ms" time="0.096" classname="ApiV1AuthRegisterUpdateUserProfile"/>
  </testsuite>
</testsuites>