<?xml version="1.0" encoding="UTF-8"?>
<testsuites name="QA Challenge" tests="3" time="0.787">
  <testsuite name="api / v1 / auth / register / Login with email and password" id="4bcd8d3e-fea1-4c34-9ae1-a65562c4fff2" timestamp="2025-10-13T04:30:05.634Z" tests="3" failures="0" errors="0" time="0.678">
    <testcase name="Status code is 200" time="0.678" classname="ApiV1AuthRegisterLoginWithEmailAndPassword"/>
    <testcase name="Login success flag" time="0.678" classname="ApiV1AuthRegisterLoginWithEmailAndPassword"/>
    <testcase name="Email is verified" time="0.678" classname="ApiV1AuthRegisterLoginWithEmailAndPassword"/>
  </testsuite>
  <testsuite name="api / v1 / auth / register / Get user profile" id="2db50ced-a353-431f-abc8-35fe67752135" timestamp="2025-10-13T04:30:05.634Z" tests="8" failures="0" errors="0" time="0.055">
    <testcase name="Status code is 200" time="0.055" classname="ApiV1AuthRegisterGetUserProfile"/>
    <testcase name="User email matches saved variable" time="0.055" classname="ApiV1AuthRegisterGetUserProfile"/>
    <testcase name="User ID matches saved variable" time="0.055" classname="ApiV1AuthRegisterGetUserProfile"/>
    <testcase name="First Name matches saved variable" time="0.055" classname="ApiV1AuthRegisterGetUserProfile"/>
    <testcase name="Last Name matches saved variable" time="0.055" classname="ApiV1AuthRegisterGetUserProfile"/>
    <testcase name="Check if email is verified" time="0.055" classname="ApiV1AuthRegisterGetUserProfile"/>
    <testcase name="Response time is less than 600ms" time="0.055" classname="ApiV1AuthRegisterGetUserProfile"/>
    <testcase name="Response matches profile schema" time="0.055" classname="ApiV1AuthRegisterGetUserProfile"/>
  </testsuite>
  <testsuite name="api / v1 / auth / register / Update user profile" id="74d0e643-46e1-4be8-b44b-111b696f5014" timestamp="2025-10-13T04:30:05.634Z" tests="2" failures="0" errors="0" time="0.054">
    <testcase name="Status code is 200" time="0.054" classname="ApiV1AuthRegisterUpdateUserProfile"/>
    <testcase name="Response time is less than 600ms" time="0.054" classname="ApiV1AuthRegisterUpdateUserProfile"/>
  </testsuite>
</testsuites>