<?xml version="1.0" encoding="UTF-8"?>
<testsuites name="QA Challenge" tests="3" time="0.991">
  <testsuite name="api / v1 / auth / register / Login with email and password" id="24582562-7c6f-4126-80bc-59ae168cd213" timestamp="2025-10-14T03:05:32.590Z" tests="3" failures="0" errors="0" time="0.804">
    <testcase name="Status code is 200" time="0.804" classname="ApiV1AuthRegisterLoginWithEmailAndPassword"/>
    <testcase name="Login success flag" time="0.804" classname="ApiV1AuthRegisterLoginWithEmailAndPassword"/>
    <testcase name="Email is verified" time="0.804" classname="ApiV1AuthRegisterLoginWithEmailAndPassword"/>
  </testsuite>
  <testsuite name="api / v1 / auth / register / Get user profile" id="3df73c8a-4f6f-422c-a23c-ac18f4bc49cb" timestamp="2025-10-14T03:05:32.590Z" tests="8" failures="0" errors="0" time="0.094">
    <testcase name="Status code is 200" time="0.094" classname="ApiV1AuthRegisterGetUserProfile"/>
    <testcase name="User email matches saved variable" time="0.094" classname="ApiV1AuthRegisterGetUserProfile"/>
    <testcase name="User ID matches saved variable" time="0.094" classname="ApiV1AuthRegisterGetUserProfile"/>
    <testcase name="First Name matches saved variable" time="0.094" classname="ApiV1AuthRegisterGetUserProfile"/>
    <testcase name="Last Name matches saved variable" time="0.094" classname="ApiV1AuthRegisterGetUserProfile"/>
    <testcase name="Check if email is verified" time="0.094" classname="ApiV1AuthRegisterGetUserProfile"/>
    <testcase name="Response time is less than 600ms" time="0.094" classname="ApiV1AuthRegisterGetUserProfile"/>
    <testcase name="Response matches profile schema" time="0.094" classname="ApiV1AuthRegisterGetUserProfile"/>
  </testsuite>
  <testsuite name="api / v1 / auth / register / Update user profile" id="f3ad6bf0-dceb-459e-a897-af3b95fcb0eb" timestamp="2025-10-14T03:05:32.590Z" tests="2" failures="0" errors="0" time="0.093">
    <testcase name="Status code is 200" time="0.093" classname="ApiV1AuthRegisterUpdateUserProfile"/>
    <testcase name="Response time is less than 600ms" time="0.093" classname="ApiV1AuthRegisterUpdateUserProfile"/>
  </testsuite>
</testsuites>