<?xml version="1.0" encoding="UTF-8"?>
<testsuites name="QA Challenge" tests="3" time="0.842">
  <testsuite name="api / v1 / auth / register / Login with email and password" id="5fc4e7b9-ca62-4bcb-9a60-6c5ba620ec6b" timestamp="2025-10-11T08:28:46.589Z" tests="3" failures="0" errors="0" time="0.788">
    <testcase name="Status code is 200" time="0.788" classname="ApiV1AuthRegisterLoginWithEmailAndPassword"/>
    <testcase name="Login success flag" time="0.788" classname="ApiV1AuthRegisterLoginWithEmailAndPassword"/>
    <testcase name="Email is verified" time="0.788" classname="ApiV1AuthRegisterLoginWithEmailAndPassword"/>
  </testsuite>
  <testsuite name="api / v1 / auth / register / Get user profile" id="a0fdba8b-beb6-4eaf-8aac-bf1c78cbcb77" timestamp="2025-10-11T08:28:46.589Z" tests="8" failures="0" errors="0" time="0.026">
    <testcase name="Status code is 200" time="0.026" classname="ApiV1AuthRegisterGetUserProfile"/>
    <testcase name="User email matches saved variable" time="0.026" classname="ApiV1AuthRegisterGetUserProfile"/>
    <testcase name="User ID matches saved variable" time="0.026" classname="ApiV1AuthRegisterGetUserProfile"/>
    <testcase name="First Name matches saved variable" time="0.026" classname="ApiV1AuthRegisterGetUserProfile"/>
    <testcase name="Last Name matches saved variable" time="0.026" classname="ApiV1AuthRegisterGetUserProfile"/>
    <testcase name="Check if email is verified" time="0.026" classname="ApiV1AuthRegisterGetUserProfile"/>
    <testcase name="Response time is less than 600ms" time="0.026" classname="ApiV1AuthRegisterGetUserProfile"/>
    <testcase name="Response matches profile schema" time="0.026" classname="ApiV1AuthRegisterGetUserProfile"/>
  </testsuite>
  <testsuite name="api / v1 / auth / register / Update user profile" id="6c5c0d55-37a0-4491-ab49-6c16fa999cd0" timestamp="2025-10-11T08:28:46.589Z" tests="2" failures="0" errors="0" time="0.028">
    <testcase name="Status code is 200" time="0.028" classname="ApiV1AuthRegisterUpdateUserProfile"/>
    <testcase name="Response time is less than 600ms" time="0.028" classname="ApiV1AuthRegisterUpdateUserProfile"/>
  </testsuite>
</testsuites>