<?xml version="1.0" encoding="UTF-8"?>
<testsuites name="QA Challenge" tests="3" time="0.674">
  <testsuite name="api / v1 / auth / register / Login with email and password" id="b9dc55ac-7f6e-4378-b6f1-cd521c0ce6d7" timestamp="2025-10-13T14:26:52.635Z" tests="3" failures="0" errors="0" time="0.612">
    <testcase name="Status code is 200" time="0.612" classname="ApiV1AuthRegisterLoginWithEmailAndPassword"/>
    <testcase name="Login success flag" time="0.612" classname="ApiV1AuthRegisterLoginWithEmailAndPassword"/>
    <testcase name="Email is verified" time="0.612" classname="ApiV1AuthRegisterLoginWithEmailAndPassword"/>
  </testsuite>
  <testsuite name="api / v1 / auth / register / Get user profile" id="fee87e38-dde8-437b-b65b-94799f91041f" timestamp="2025-10-13T14:26:52.635Z" tests="8" failures="0" errors="0" time="0.031">
    <testcase name="Status code is 200" time="0.031" classname="ApiV1AuthRegisterGetUserProfile"/>
    <testcase name="User email matches saved variable" time="0.031" classname="ApiV1AuthRegisterGetUserProfile"/>
    <testcase name="User ID matches saved variable" time="0.031" classname="ApiV1AuthRegisterGetUserProfile"/>
    <testcase name="First Name matches saved variable" time="0.031" classname="ApiV1AuthRegisterGetUserProfile"/>
    <testcase name="Last Name matches saved variable" time="0.031" classname="ApiV1AuthRegisterGetUserProfile"/>
    <testcase name="Check if email is verified" time="0.031" classname="ApiV1AuthRegisterGetUserProfile"/>
    <testcase name="Response time is less than 600ms" time="0.031" classname="ApiV1AuthRegisterGetUserProfile"/>
    <testcase name="Response matches profile schema" time="0.031" classname="ApiV1AuthRegisterGetUserProfile"/>
  </testsuite>
  <testsuite name="api / v1 / auth / register / Update user profile" id="b7f952f5-b54b-4c4c-954b-b23b42cf140a" timestamp="2025-10-13T14:26:52.635Z" tests="2" failures="0" errors="0" time="0.031">
    <testcase name="Status code is 200" time="0.031" classname="ApiV1AuthRegisterUpdateUserProfile"/>
    <testcase name="Response time is less than 600ms" time="0.031" classname="ApiV1AuthRegisterUpdateUserProfile"/>
  </testsuite>
</testsuites>