<?xml version="1.0" encoding="UTF-8"?>
<testsuites name="QA Challenge" tests="3" time="0.738">
  <testsuite name="api / v1 / auth / register / Login with email and password" id="08db8741-9a86-4bb0-a3b8-7411038b2a45" timestamp="2025-10-04T14:20:07.771Z" tests="3" failures="0" errors="0" time="0.670">
    <testcase name="Status code is 200" time="0.670" classname="ApiV1AuthRegisterLoginWithEmailAndPassword"/>
    <testcase name="Login success flag" time="0.670" classname="ApiV1AuthRegisterLoginWithEmailAndPassword"/>
    <testcase name="Email is verified" time="0.670" classname="ApiV1AuthRegisterLoginWithEmailAndPassword"/>
  </testsuite>
  <testsuite name="api / v1 / auth / register / Get user profile" id="2a146d07-7d14-4a64-ad34-6f325d68499f" timestamp="2025-10-04T14:20:07.771Z" tests="8" failures="0" errors="0" time="0.035">
    <testcase name="Status code is 200" time="0.035" classname="ApiV1AuthRegisterGetUserProfile"/>
    <testcase name="User email matches saved variable" time="0.035" classname="ApiV1AuthRegisterGetUserProfile"/>
    <testcase name="User ID matches saved variable" time="0.035" classname="ApiV1AuthRegisterGetUserProfile"/>
    <testcase name="First Name matches saved variable" time="0.035" classname="ApiV1AuthRegisterGetUserProfile"/>
    <testcase name="Last Name matches saved variable" time="0.035" classname="ApiV1AuthRegisterGetUserProfile"/>
    <testcase name="Check if email is verified" time="0.035" classname="ApiV1AuthRegisterGetUserProfile"/>
    <testcase name="Response time is less than 600ms" time="0.035" classname="ApiV1AuthRegisterGetUserProfile"/>
    <testcase name="Response matches profile schema" time="0.035" classname="ApiV1AuthRegisterGetUserProfile"/>
  </testsuite>
  <testsuite name="api / v1 / auth / register / Update user profile" id="27056136-6a4f-4bd0-a886-f9db67d74461" timestamp="2025-10-04T14:20:07.771Z" tests="2" failures="0" errors="0" time="0.033">
    <testcase name="Status code is 200" time="0.033" classname="ApiV1AuthRegisterUpdateUserProfile"/>
    <testcase name="Response time is less than 600ms" time="0.033" classname="ApiV1AuthRegisterUpdateUserProfile"/>
  </testsuite>
</testsuites>