<?xml version="1.0" encoding="UTF-8"?>
<testsuites name="QA Challenge" tests="3" time="0.609">
  <testsuite name="api / v1 / auth / register / Login with email and password" id="d8b3410c-843b-47be-b86f-94a4a44b2309" timestamp="2025-10-10T06:37:06.686Z" tests="3" failures="0" errors="0" time="0.552">
    <testcase name="Status code is 200" time="0.552" classname="ApiV1AuthRegisterLoginWithEmailAndPassword"/>
    <testcase name="Login success flag" time="0.552" classname="ApiV1AuthRegisterLoginWithEmailAndPassword"/>
    <testcase name="Email is verified" time="0.552" classname="ApiV1AuthRegisterLoginWithEmailAndPassword"/>
  </testsuite>
  <testsuite name="api / v1 / auth / register / Get user profile" id="fc56b4c3-1c6a-4cea-a8dd-1fad12f70db0" timestamp="2025-10-10T06:37:06.686Z" tests="8" failures="0" errors="0" time="0.028">
    <testcase name="Status code is 200" time="0.028" classname="ApiV1AuthRegisterGetUserProfile"/>
    <testcase name="User email matches saved variable" time="0.028" classname="ApiV1AuthRegisterGetUserProfile"/>
    <testcase name="User ID matches saved variable" time="0.028" classname="ApiV1AuthRegisterGetUserProfile"/>
    <testcase name="First Name matches saved variable" time="0.028" classname="ApiV1AuthRegisterGetUserProfile"/>
    <testcase name="Last Name matches saved variable" time="0.028" classname="ApiV1AuthRegisterGetUserProfile"/>
    <testcase name="Check if email is verified" time="0.028" classname="ApiV1AuthRegisterGetUserProfile"/>
    <testcase name="Response time is less than 600ms" time="0.028" classname="ApiV1AuthRegisterGetUserProfile"/>
    <testcase name="Response matches profile schema" time="0.028" classname="ApiV1AuthRegisterGetUserProfile"/>
  </testsuite>
  <testsuite name="api / v1 / auth / register / Update user profile" id="76cceefb-f029-47a1-a6ec-68d07dd98a5a" timestamp="2025-10-10T06:37:06.686Z" tests="2" failures="0" errors="0" time="0.029">
    <testcase name="Status code is 200" time="0.029" classname="ApiV1AuthRegisterUpdateUserProfile"/>
    <testcase name="Response time is less than 600ms" time="0.029" classname="ApiV1AuthRegisterUpdateUserProfile"/>
  </testsuite>
</testsuites>