<?xml version="1.0" encoding="UTF-8"?>
<testsuites name="QA Challenge" tests="3" time="0.819">
  <testsuite name="api / v1 / auth / register / Login with email and password" id="1ae57f50-afc3-4f1c-968b-6b5c72634546" timestamp="2025-10-07T06:36:47.492Z" tests="3" failures="0" errors="0" time="0.697">
    <testcase name="Status code is 200" time="0.697" classname="ApiV1AuthRegisterLoginWithEmailAndPassword"/>
    <testcase name="Login success flag" time="0.697" classname="ApiV1AuthRegisterLoginWithEmailAndPassword"/>
    <testcase name="Email is verified" time="0.697" classname="ApiV1AuthRegisterLoginWithEmailAndPassword"/>
  </testsuite>
  <testsuite name="api / v1 / auth / register / Get user profile" id="1f203597-cf83-4640-bc00-5672ea2949ad" timestamp="2025-10-07T06:36:47.492Z" tests="8" failures="0" errors="0" time="0.063">
    <testcase name="Status code is 200" time="0.063" classname="ApiV1AuthRegisterGetUserProfile"/>
    <testcase name="User email matches saved variable" time="0.063" classname="ApiV1AuthRegisterGetUserProfile"/>
    <testcase name="User ID matches saved variable" time="0.063" classname="ApiV1AuthRegisterGetUserProfile"/>
    <testcase name="First Name matches saved variable" time="0.063" classname="ApiV1AuthRegisterGetUserProfile"/>
    <testcase name="Last Name matches saved variable" time="0.063" classname="ApiV1AuthRegisterGetUserProfile"/>
    <testcase name="Check if email is verified" time="0.063" classname="ApiV1AuthRegisterGetUserProfile"/>
    <testcase name="Response time is less than 600ms" time="0.063" classname="ApiV1AuthRegisterGetUserProfile"/>
    <testcase name="Response matches profile schema" time="0.063" classname="ApiV1AuthRegisterGetUserProfile"/>
  </testsuite>
  <testsuite name="api / v1 / auth / register / Update user profile" id="431a60bc-423b-4737-a497-0d29b98734ba" timestamp="2025-10-07T06:36:47.492Z" tests="2" failures="0" errors="0" time="0.059">
    <testcase name="Status code is 200" time="0.059" classname="ApiV1AuthRegisterUpdateUserProfile"/>
    <testcase name="Response time is less than 600ms" time="0.059" classname="ApiV1AuthRegisterUpdateUserProfile"/>
  </testsuite>
</testsuites>