<?xml version="1.0" encoding="UTF-8"?>
<testsuites name="QA Challenge" tests="3" time="1.089">
  <testsuite name="api / v1 / auth / register / Login with email and password" id="d7f21682-9a0a-4e66-847d-1a9ac7cecb96" timestamp="2025-10-14T20:27:36.384Z" tests="3" failures="0" errors="0" time="0.911">
    <testcase name="Status code is 200" time="0.911" classname="ApiV1AuthRegisterLoginWithEmailAndPassword"/>
    <testcase name="Login success flag" time="0.911" classname="ApiV1AuthRegisterLoginWithEmailAndPassword"/>
    <testcase name="Email is verified" time="0.911" classname="ApiV1AuthRegisterLoginWithEmailAndPassword"/>
  </testsuite>
  <testsuite name="api / v1 / auth / register / Get user profile" id="426244dd-3334-44ee-a43f-42f2a06feeb6" timestamp="2025-10-14T20:27:36.384Z" tests="8" failures="0" errors="0" time="0.090">
    <testcase name="Status code is 200" time="0.090" classname="ApiV1AuthRegisterGetUserProfile"/>
    <testcase name="User email matches saved variable" time="0.090" classname="ApiV1AuthRegisterGetUserProfile"/>
    <testcase name="User ID matches saved variable" time="0.090" classname="ApiV1AuthRegisterGetUserProfile"/>
    <testcase name="First Name matches saved variable" time="0.090" classname="ApiV1AuthRegisterGetUserProfile"/>
    <testcase name="Last Name matches saved variable" time="0.090" classname="ApiV1AuthRegisterGetUserProfile"/>
    <testcase name="Check if email is verified" time="0.090" classname="ApiV1AuthRegisterGetUserProfile"/>
    <testcase name="Response time is less than 600ms" time="0.090" classname="ApiV1AuthRegisterGetUserProfile"/>
    <testcase name="Response matches profile schema" time="0.090" classname="ApiV1AuthRegisterGetUserProfile"/>
  </testsuite>
  <testsuite name="api / v1 / auth / register / Update user profile" id="7f83c07e-00fd-43de-a34c-d6836c3352b6" timestamp="2025-10-14T20:27:36.384Z" tests="2" failures="0" errors="0" time="0.088">
    <testcase name="Status code is 200" time="0.088" classname="ApiV1AuthRegisterUpdateUserProfile"/>
    <testcase name="Response time is less than 600ms" time="0.088" classname="ApiV1AuthRegisterUpdateUserProfile"/>
  </testsuite>
</testsuites>