<?xml version="1.0" encoding="UTF-8"?>
<testsuites name="QA Challenge" tests="3" time="0.978">
  <testsuite name="api / v1 / auth / register / Login with email and password" id="6666a053-4660-4f27-b030-aff3353170a2" timestamp="2025-10-03T13:34:43.866Z" tests="3" failures="0" errors="0" time="0.790">
    <testcase name="Status code is 200" time="0.790" classname="ApiV1AuthRegisterLoginWithEmailAndPassword"/>
    <testcase name="Login success flag" time="0.790" classname="ApiV1AuthRegisterLoginWithEmailAndPassword"/>
    <testcase name="Email is verified" time="0.790" classname="ApiV1AuthRegisterLoginWithEmailAndPassword"/>
  </testsuite>
  <testsuite name="api / v1 / auth / register / Get user profile" id="6bff872e-ea27-4d0a-8a3e-bd512c4ec2bb" timestamp="2025-10-03T13:34:43.866Z" tests="8" failures="0" errors="0" time="0.093">
    <testcase name="Status code is 200" time="0.093" classname="ApiV1AuthRegisterGetUserProfile"/>
    <testcase name="User email matches saved variable" time="0.093" classname="ApiV1AuthRegisterGetUserProfile"/>
    <testcase name="User ID matches saved variable" time="0.093" classname="ApiV1AuthRegisterGetUserProfile"/>
    <testcase name="First Name matches saved variable" time="0.093" classname="ApiV1AuthRegisterGetUserProfile"/>
    <testcase name="Last Name matches saved variable" time="0.093" classname="ApiV1AuthRegisterGetUserProfile"/>
    <testcase name="Check if email is verified" time="0.093" classname="ApiV1AuthRegisterGetUserProfile"/>
    <testcase name="Response time is less than 600ms" time="0.093" classname="ApiV1AuthRegisterGetUserProfile"/>
    <testcase name="Response matches profile schema" time="0.093" classname="ApiV1AuthRegisterGetUserProfile"/>
  </testsuite>
  <testsuite name="api / v1 / auth / register / Update user profile" id="737c6556-676c-464e-bf6a-bb13e93b228e" timestamp="2025-10-03T13:34:43.866Z" tests="2" failures="0" errors="0" time="0.095">
    <testcase name="Status code is 200" time="0.095" classname="ApiV1AuthRegisterUpdateUserProfile"/>
    <testcase name="Response time is less than 600ms" time="0.095" classname="ApiV1AuthRegisterUpdateUserProfile"/>
  </testsuite>
</testsuites>