<?xml version="1.0" encoding="UTF-8"?>
<testsuites name="QA Challenge" tests="3" time="0.645">
  <testsuite name="api / v1 / auth / register / Login with email and password" id="2a897da4-afea-4b62-bcd4-3faaf07b1f04" timestamp="2025-10-04T12:44:47.806Z" tests="3" failures="0" errors="0" time="0.596">
    <testcase name="Status code is 200" time="0.596" classname="ApiV1AuthRegisterLoginWithEmailAndPassword"/>
    <testcase name="Login success flag" time="0.596" classname="ApiV1AuthRegisterLoginWithEmailAndPassword"/>
    <testcase name="Email is verified" time="0.596" classname="ApiV1AuthRegisterLoginWithEmailAndPassword"/>
  </testsuite>
  <testsuite name="api / v1 / auth / register / Get user profile" id="a1d4ac87-1423-4d96-9f32-d09bf59eb746" timestamp="2025-10-04T12:44:47.806Z" tests="8" failures="0" errors="0" time="0.023">
    <testcase name="Status code is 200" time="0.023" classname="ApiV1AuthRegisterGetUserProfile"/>
    <testcase name="User email matches saved variable" time="0.023" classname="ApiV1AuthRegisterGetUserProfile"/>
    <testcase name="User ID matches saved variable" time="0.023" classname="ApiV1AuthRegisterGetUserProfile"/>
    <testcase name="First Name matches saved variable" time="0.023" classname="ApiV1AuthRegisterGetUserProfile"/>
    <testcase name="Last Name matches saved variable" time="0.023" classname="ApiV1AuthRegisterGetUserProfile"/>
    <testcase name="Check if email is verified" time="0.023" classname="ApiV1AuthRegisterGetUserProfile"/>
    <testcase name="Response time is less than 600ms" time="0.023" classname="ApiV1AuthRegisterGetUserProfile"/>
    <testcase name="Response matches profile schema" time="0.023" classname="ApiV1AuthRegisterGetUserProfile"/>
  </testsuite>
  <testsuite name="api / v1 / auth / register / Update user profile" id="b5390a99-1c62-4714-8d9f-96f16656cda8" timestamp="2025-10-04T12:44:47.806Z" tests="2" failures="0" errors="0" time="0.026">
    <testcase name="Status code is 200" time="0.026" classname="ApiV1AuthRegisterUpdateUserProfile"/>
    <testcase name="Response time is less than 600ms" time="0.026" classname="ApiV1AuthRegisterUpdateUserProfile"/>
  </testsuite>
</testsuites>