<?xml version="1.0" encoding="UTF-8"?>
<testsuites name="QA Challenge" tests="3" time="0.970">
  <testsuite name="api / v1 / auth / register / Login with email and password" id="ea23ae99-b86b-442c-b090-a7c16533e08b" timestamp="2025-10-18T02:59:31.233Z" tests="3" failures="0" errors="0" time="0.787">
    <testcase name="Status code is 200" time="0.787" classname="ApiV1AuthRegisterLoginWithEmailAndPassword"/>
    <testcase name="Login success flag" time="0.787" classname="ApiV1AuthRegisterLoginWithEmailAndPassword"/>
    <testcase name="Email is verified" time="0.787" classname="ApiV1AuthRegisterLoginWithEmailAndPassword"/>
  </testsuite>
  <testsuite name="api / v1 / auth / register / Get user profile" id="422c3950-88e6-4a6d-8044-e50210d40f17" timestamp="2025-10-18T02:59:31.233Z" tests="8" failures="0" errors="0" time="0.094">
    <testcase name="Status code is 200" time="0.094" classname="ApiV1AuthRegisterGetUserProfile"/>
    <testcase name="User email matches saved variable" time="0.094" classname="ApiV1AuthRegisterGetUserProfile"/>
    <testcase name="User ID matches saved variable" time="0.094" classname="ApiV1AuthRegisterGetUserProfile"/>
    <testcase name="First Name matches saved variable" time="0.094" classname="ApiV1AuthRegisterGetUserProfile"/>
    <testcase name="Last Name matches saved variable" time="0.094" classname="ApiV1AuthRegisterGetUserProfile"/>
    <testcase name="Check if email is verified" time="0.094" classname="ApiV1AuthRegisterGetUserProfile"/>
    <testcase name="Response time is less than 600ms" time="0.094" classname="ApiV1AuthRegisterGetUserProfile"/>
    <testcase name="Response matches profile schema" time="0.094" classname="ApiV1AuthRegisterGetUserProfile"/>
  </testsuite>
  <testsuite name="api / v1 / auth / register / Update user profile" id="5cf74646-f7d3-4759-911e-d9ee16aabf83" timestamp="2025-10-18T02:59:31.233Z" tests="2" failures="0" errors="0" time="0.089">
    <testcase name="Status code is 200" time="0.089" classname="ApiV1AuthRegisterUpdateUserProfile"/>
    <testcase name="Response time is less than 600ms" time="0.089" classname="ApiV1AuthRegisterUpdateUserProfile"/>
  </testsuite>
</testsuites>