<?xml version="1.0" encoding="UTF-8"?>
<testsuites name="QA Challenge" tests="3" time="0.731">
  <testsuite name="api / v1 / auth / register / Login with email and password" id="70c17d65-1617-497d-a4a1-a8cd8f344450" timestamp="2025-10-13T16:31:50.307Z" tests="3" failures="0" errors="0" time="0.678">
    <testcase name="Status code is 200" time="0.678" classname="ApiV1AuthRegisterLoginWithEmailAndPassword"/>
    <testcase name="Login success flag" time="0.678" classname="ApiV1AuthRegisterLoginWithEmailAndPassword"/>
    <testcase name="Email is verified" time="0.678" classname="ApiV1AuthRegisterLoginWithEmailAndPassword"/>
  </testsuite>
  <testsuite name="api / v1 / auth / register / Get user profile" id="c1064f1c-2d3f-4dc8-9f6e-c5e9936d4786" timestamp="2025-10-13T16:31:50.307Z" tests="8" failures="0" errors="0" time="0.023">
    <testcase name="Status code is 200" time="0.023" classname="ApiV1AuthRegisterGetUserProfile"/>
    <testcase name="User email matches saved variable" time="0.023" classname="ApiV1AuthRegisterGetUserProfile"/>
    <testcase name="User ID matches saved variable" time="0.023" classname="ApiV1AuthRegisterGetUserProfile"/>
    <testcase name="First Name matches saved variable" time="0.023" classname="ApiV1AuthRegisterGetUserProfile"/>
    <testcase name="Last Name matches saved variable" time="0.023" classname="ApiV1AuthRegisterGetUserProfile"/>
    <testcase name="Check if email is verified" time="0.023" classname="ApiV1AuthRegisterGetUserProfile"/>
    <testcase name="Response time is less than 600ms" time="0.023" classname="ApiV1AuthRegisterGetUserProfile"/>
    <testcase name="Response matches profile schema" time="0.023" classname="ApiV1AuthRegisterGetUserProfile"/>
  </testsuite>
  <testsuite name="api / v1 / auth / register / Update user profile" id="a142e72b-20da-43bf-9608-11b1640ce0aa" timestamp="2025-10-13T16:31:50.307Z" tests="2" failures="0" errors="0" time="0.030">
    <testcase name="Status code is 200" time="0.030" classname="ApiV1AuthRegisterUpdateUserProfile"/>
    <testcase name="Response time is less than 600ms" time="0.030" classname="ApiV1AuthRegisterUpdateUserProfile"/>
  </testsuite>
</testsuites>