<?xml version="1.0" encoding="UTF-8"?>
<testsuites name="QA Challenge" tests="3" time="0.627">
  <testsuite name="api / v1 / auth / register / Login with email and password" id="8e08fa6c-225f-4fee-8cbb-e5e98d06e72f" timestamp="2025-10-07T01:53:02.903Z" tests="3" failures="0" errors="0" time="0.582">
    <testcase name="Status code is 200" time="0.582" classname="ApiV1AuthRegisterLoginWithEmailAndPassword"/>
    <testcase name="Login success flag" time="0.582" classname="ApiV1AuthRegisterLoginWithEmailAndPassword"/>
    <testcase name="Email is verified" time="0.582" classname="ApiV1AuthRegisterLoginWithEmailAndPassword"/>
  </testsuite>
  <testsuite name="api / v1 / auth / register / Get user profile" id="38fb2cdd-639f-4c99-a75c-3890a639ef3b" timestamp="2025-10-07T01:53:02.903Z" tests="8" failures="0" errors="0" time="0.022">
    <testcase name="Status code is 200" time="0.022" classname="ApiV1AuthRegisterGetUserProfile"/>
    <testcase name="User email matches saved variable" time="0.022" classname="ApiV1AuthRegisterGetUserProfile"/>
    <testcase name="User ID matches saved variable" time="0.022" classname="ApiV1AuthRegisterGetUserProfile"/>
    <testcase name="First Name matches saved variable" time="0.022" classname="ApiV1AuthRegisterGetUserProfile"/>
    <testcase name="Last Name matches saved variable" time="0.022" classname="ApiV1AuthRegisterGetUserProfile"/>
    <testcase name="Check if email is verified" time="0.022" classname="ApiV1AuthRegisterGetUserProfile"/>
    <testcase name="Response time is less than 600ms" time="0.022" classname="ApiV1AuthRegisterGetUserProfile"/>
    <testcase name="Response matches profile schema" time="0.022" classname="ApiV1AuthRegisterGetUserProfile"/>
  </testsuite>
  <testsuite name="api / v1 / auth / register / Update user profile" id="03362fca-938f-46da-bc9e-82e41111b68e" timestamp="2025-10-07T01:53:02.903Z" tests="2" failures="0" errors="0" time="0.023">
    <testcase name="Status code is 200" time="0.023" classname="ApiV1AuthRegisterUpdateUserProfile"/>
    <testcase name="Response time is less than 600ms" time="0.023" classname="ApiV1AuthRegisterUpdateUserProfile"/>
  </testsuite>
</testsuites>