<?xml version="1.0" encoding="UTF-8"?>
<testsuites name="QA Challenge" tests="3" time="0.633">
  <testsuite name="api / v1 / auth / register / Login with email and password" id="d25adb3b-5e66-4705-8f4a-fd7ca9fa215a" timestamp="2025-10-05T14:20:04.071Z" tests="3" failures="0" errors="0" time="0.579">
    <testcase name="Status code is 200" time="0.579" classname="ApiV1AuthRegisterLoginWithEmailAndPassword"/>
    <testcase name="Login success flag" time="0.579" classname="ApiV1AuthRegisterLoginWithEmailAndPassword"/>
    <testcase name="Email is verified" time="0.579" classname="ApiV1AuthRegisterLoginWithEmailAndPassword"/>
  </testsuite>
  <testsuite name="api / v1 / auth / register / Get user profile" id="a6cef03e-149a-4cd9-b7e1-ed068b3aa4bc" timestamp="2025-10-05T14:20:04.071Z" tests="8" failures="0" errors="0" time="0.025">
    <testcase name="Status code is 200" time="0.025" classname="ApiV1AuthRegisterGetUserProfile"/>
    <testcase name="User email matches saved variable" time="0.025" classname="ApiV1AuthRegisterGetUserProfile"/>
    <testcase name="User ID matches saved variable" time="0.025" classname="ApiV1AuthRegisterGetUserProfile"/>
    <testcase name="First Name matches saved variable" time="0.025" classname="ApiV1AuthRegisterGetUserProfile"/>
    <testcase name="Last Name matches saved variable" time="0.025" classname="ApiV1AuthRegisterGetUserProfile"/>
    <testcase name="Check if email is verified" time="0.025" classname="ApiV1AuthRegisterGetUserProfile"/>
    <testcase name="Response time is less than 600ms" time="0.025" classname="ApiV1AuthRegisterGetUserProfile"/>
    <testcase name="Response matches profile schema" time="0.025" classname="ApiV1AuthRegisterGetUserProfile"/>
  </testsuite>
  <testsuite name="api / v1 / auth / register / Update user profile" id="3b44f375-d74e-41ef-bcbc-379e49874a08" timestamp="2025-10-05T14:20:04.071Z" tests="2" failures="0" errors="0" time="0.029">
    <testcase name="Status code is 200" time="0.029" classname="ApiV1AuthRegisterUpdateUserProfile"/>
    <testcase name="Response time is less than 600ms" time="0.029" classname="ApiV1AuthRegisterUpdateUserProfile"/>
  </testsuite>
</testsuites>