<?xml version="1.0" encoding="UTF-8"?>
<testsuites name="QA Challenge" tests="3" time="0.940">
  <testsuite name="api / v1 / auth / register / Login with email and password" id="5950fb31-f97d-494c-bace-15e1272b60ae" timestamp="2025-10-09T18:35:18.360Z" tests="3" failures="0" errors="0" time="0.757">
    <testcase name="Status code is 200" time="0.757" classname="ApiV1AuthRegisterLoginWithEmailAndPassword"/>
    <testcase name="Login success flag" time="0.757" classname="ApiV1AuthRegisterLoginWithEmailAndPassword"/>
    <testcase name="Email is verified" time="0.757" classname="ApiV1AuthRegisterLoginWithEmailAndPassword"/>
  </testsuite>
  <testsuite name="api / v1 / auth / register / Get user profile" id="15d102eb-b4a2-4a34-a4e7-4b5dcb010607" timestamp="2025-10-09T18:35:18.360Z" tests="8" failures="0" errors="0" time="0.092">
    <testcase name="Status code is 200" time="0.092" classname="ApiV1AuthRegisterGetUserProfile"/>
    <testcase name="User email matches saved variable" time="0.092" classname="ApiV1AuthRegisterGetUserProfile"/>
    <testcase name="User ID matches saved variable" time="0.092" classname="ApiV1AuthRegisterGetUserProfile"/>
    <testcase name="First Name matches saved variable" time="0.092" classname="ApiV1AuthRegisterGetUserProfile"/>
    <testcase name="Last Name matches saved variable" time="0.092" classname="ApiV1AuthRegisterGetUserProfile"/>
    <testcase name="Check if email is verified" time="0.092" classname="ApiV1AuthRegisterGetUserProfile"/>
    <testcase name="Response time is less than 600ms" time="0.092" classname="ApiV1AuthRegisterGetUserProfile"/>
    <testcase name="Response matches profile schema" time="0.092" classname="ApiV1AuthRegisterGetUserProfile"/>
  </testsuite>
  <testsuite name="api / v1 / auth / register / Update user profile" id="821a5f1a-38fa-4d37-89f8-10fc88807ff2" timestamp="2025-10-09T18:35:18.360Z" tests="2" failures="0" errors="0" time="0.091">
    <testcase name="Status code is 200" time="0.091" classname="ApiV1AuthRegisterUpdateUserProfile"/>
    <testcase name="Response time is less than 600ms" time="0.091" classname="ApiV1AuthRegisterUpdateUserProfile"/>
  </testsuite>
</testsuites>