<?xml version="1.0" encoding="UTF-8"?>
<testsuites name="QA Challenge" tests="3" time="0.960">
  <testsuite name="api / v1 / auth / register / Login with email and password" id="d134ed2c-a512-4c49-8c58-4a02515cbb71" timestamp="2025-10-07T14:26:46.328Z" tests="3" failures="0" errors="0" time="0.777">
    <testcase name="Status code is 200" time="0.777" classname="ApiV1AuthRegisterLoginWithEmailAndPassword"/>
    <testcase name="Login success flag" time="0.777" classname="ApiV1AuthRegisterLoginWithEmailAndPassword"/>
    <testcase name="Email is verified" time="0.777" classname="ApiV1AuthRegisterLoginWithEmailAndPassword"/>
  </testsuite>
  <testsuite name="api / v1 / auth / register / Get user profile" id="a8f5c117-a391-4cd8-a074-dc2cd0430f19" timestamp="2025-10-07T14:26:46.328Z" tests="8" failures="0" errors="0" time="0.091">
    <testcase name="Status code is 200" time="0.091" classname="ApiV1AuthRegisterGetUserProfile"/>
    <testcase name="User email matches saved variable" time="0.091" classname="ApiV1AuthRegisterGetUserProfile"/>
    <testcase name="User ID matches saved variable" time="0.091" classname="ApiV1AuthRegisterGetUserProfile"/>
    <testcase name="First Name matches saved variable" time="0.091" classname="ApiV1AuthRegisterGetUserProfile"/>
    <testcase name="Last Name matches saved variable" time="0.091" classname="ApiV1AuthRegisterGetUserProfile"/>
    <testcase name="Check if email is verified" time="0.091" classname="ApiV1AuthRegisterGetUserProfile"/>
    <testcase name="Response time is less than 600ms" time="0.091" classname="ApiV1AuthRegisterGetUserProfile"/>
    <testcase name="Response matches profile schema" time="0.091" classname="ApiV1AuthRegisterGetUserProfile"/>
  </testsuite>
  <testsuite name="api / v1 / auth / register / Update user profile" id="f4a068a6-7b65-43f2-84ad-beb27769a702" timestamp="2025-10-07T14:26:46.328Z" tests="2" failures="0" errors="0" time="0.092">
    <testcase name="Status code is 200" time="0.092" classname="ApiV1AuthRegisterUpdateUserProfile"/>
    <testcase name="Response time is less than 600ms" time="0.092" classname="ApiV1AuthRegisterUpdateUserProfile"/>
  </testsuite>
</testsuites>