<?xml version="1.0" encoding="UTF-8"?>
<testsuites name="QA Challenge" tests="3" time="0.860">
  <testsuite name="api / v1 / auth / register / Login with email and password" id="c92dd631-76b5-4355-bdb6-e959c71ea67b" timestamp="2025-10-12T14:20:29.186Z" tests="3" failures="0" errors="0" time="0.719">
    <testcase name="Status code is 200" time="0.719" classname="ApiV1AuthRegisterLoginWithEmailAndPassword"/>
    <testcase name="Login success flag" time="0.719" classname="ApiV1AuthRegisterLoginWithEmailAndPassword"/>
    <testcase name="Email is verified" time="0.719" classname="ApiV1AuthRegisterLoginWithEmailAndPassword"/>
  </testsuite>
  <testsuite name="api / v1 / auth / register / Get user profile" id="2f34d282-feaa-44a2-be41-ad3eb1fa6d79" timestamp="2025-10-12T14:20:29.186Z" tests="8" failures="0" errors="0" time="0.070">
    <testcase name="Status code is 200" time="0.070" classname="ApiV1AuthRegisterGetUserProfile"/>
    <testcase name="User email matches saved variable" time="0.070" classname="ApiV1AuthRegisterGetUserProfile"/>
    <testcase name="User ID matches saved variable" time="0.070" classname="ApiV1AuthRegisterGetUserProfile"/>
    <testcase name="First Name matches saved variable" time="0.070" classname="ApiV1AuthRegisterGetUserProfile"/>
    <testcase name="Last Name matches saved variable" time="0.070" classname="ApiV1AuthRegisterGetUserProfile"/>
    <testcase name="Check if email is verified" time="0.070" classname="ApiV1AuthRegisterGetUserProfile"/>
    <testcase name="Response time is less than 600ms" time="0.070" classname="ApiV1AuthRegisterGetUserProfile"/>
    <testcase name="Response matches profile schema" time="0.070" classname="ApiV1AuthRegisterGetUserProfile"/>
  </testsuite>
  <testsuite name="api / v1 / auth / register / Update user profile" id="f2b7cb93-f5b8-4ebd-9772-b6d6c6a20a9b" timestamp="2025-10-12T14:20:29.186Z" tests="2" failures="0" errors="0" time="0.071">
    <testcase name="Status code is 200" time="0.071" classname="ApiV1AuthRegisterUpdateUserProfile"/>
    <testcase name="Response time is less than 600ms" time="0.071" classname="ApiV1AuthRegisterUpdateUserProfile"/>
  </testsuite>
</testsuites>