<?xml version="1.0" encoding="UTF-8"?>
<testsuites name="QA Challenge" tests="3" time="0.840">
  <testsuite name="api / v1 / auth / register / Login with email and password" id="06b46145-28e8-46ea-89d9-d9b3eac800a2" timestamp="2025-10-09T06:37:51.891Z" tests="3" failures="0" errors="0" time="0.719">
    <testcase name="Status code is 200" time="0.719" classname="ApiV1AuthRegisterLoginWithEmailAndPassword"/>
    <testcase name="Login success flag" time="0.719" classname="ApiV1AuthRegisterLoginWithEmailAndPassword"/>
    <testcase name="Email is verified" time="0.719" classname="ApiV1AuthRegisterLoginWithEmailAndPassword"/>
  </testsuite>
  <testsuite name="api / v1 / auth / register / Get user profile" id="acb45a7f-5b70-47d6-8b93-be6cf90b6d6a" timestamp="2025-10-09T06:37:51.891Z" tests="8" failures="0" errors="0" time="0.060">
    <testcase name="Status code is 200" time="0.060" classname="ApiV1AuthRegisterGetUserProfile"/>
    <testcase name="User email matches saved variable" time="0.060" classname="ApiV1AuthRegisterGetUserProfile"/>
    <testcase name="User ID matches saved variable" time="0.060" classname="ApiV1AuthRegisterGetUserProfile"/>
    <testcase name="First Name matches saved variable" time="0.060" classname="ApiV1AuthRegisterGetUserProfile"/>
    <testcase name="Last Name matches saved variable" time="0.060" classname="ApiV1AuthRegisterGetUserProfile"/>
    <testcase name="Check if email is verified" time="0.060" classname="ApiV1AuthRegisterGetUserProfile"/>
    <testcase name="Response time is less than 600ms" time="0.060" classname="ApiV1AuthRegisterGetUserProfile"/>
    <testcase name="Response matches profile schema" time="0.060" classname="ApiV1AuthRegisterGetUserProfile"/>
  </testsuite>
  <testsuite name="api / v1 / auth / register / Update user profile" id="92b25a78-d320-46db-819e-ca3f698eb086" timestamp="2025-10-09T06:37:51.891Z" tests="2" failures="0" errors="0" time="0.061">
    <testcase name="Status code is 200" time="0.061" classname="ApiV1AuthRegisterUpdateUserProfile"/>
    <testcase name="Response time is less than 600ms" time="0.061" classname="ApiV1AuthRegisterUpdateUserProfile"/>
  </testsuite>
</testsuites>