<?xml version="1.0" encoding="UTF-8"?>
<testsuites name="QA Challenge" tests="3" time="0.889">
  <testsuite name="api / v1 / auth / register / Login with email and password" id="8af31a21-8157-4621-91ce-ae531e432f1c" timestamp="2025-10-09T04:29:53.547Z" tests="3" failures="0" errors="0" time="0.757">
    <testcase name="Status code is 200" time="0.757" classname="ApiV1AuthRegisterLoginWithEmailAndPassword"/>
    <testcase name="Login success flag" time="0.757" classname="ApiV1AuthRegisterLoginWithEmailAndPassword"/>
    <testcase name="Email is verified" time="0.757" classname="ApiV1AuthRegisterLoginWithEmailAndPassword"/>
  </testsuite>
  <testsuite name="api / v1 / auth / register / Get user profile" id="7d897a8d-3b36-4777-9143-cf6ae5c4c7c1" timestamp="2025-10-09T04:29:53.547Z" tests="8" failures="0" errors="0" time="0.066">
    <testcase name="Status code is 200" time="0.066" classname="ApiV1AuthRegisterGetUserProfile"/>
    <testcase name="User email matches saved variable" time="0.066" classname="ApiV1AuthRegisterGetUserProfile"/>
    <testcase name="User ID matches saved variable" time="0.066" classname="ApiV1AuthRegisterGetUserProfile"/>
    <testcase name="First Name matches saved variable" time="0.066" classname="ApiV1AuthRegisterGetUserProfile"/>
    <testcase name="Last Name matches saved variable" time="0.066" classname="ApiV1AuthRegisterGetUserProfile"/>
    <testcase name="Check if email is verified" time="0.066" classname="ApiV1AuthRegisterGetUserProfile"/>
    <testcase name="Response time is less than 600ms" time="0.066" classname="ApiV1AuthRegisterGetUserProfile"/>
    <testcase name="Response matches profile schema" time="0.066" classname="ApiV1AuthRegisterGetUserProfile"/>
  </testsuite>
  <testsuite name="api / v1 / auth / register / Update user profile" id="c92b05c5-e26f-4db1-9bbf-51dc3b586aa7" timestamp="2025-10-09T04:29:53.547Z" tests="2" failures="0" errors="0" time="0.066">
    <testcase name="Status code is 200" time="0.066" classname="ApiV1AuthRegisterUpdateUserProfile"/>
    <testcase name="Response time is less than 600ms" time="0.066" classname="ApiV1AuthRegisterUpdateUserProfile"/>
  </testsuite>
</testsuites>