<?xml version="1.0" encoding="UTF-8"?>
<testsuites name="QA Challenge" tests="3" time="0.817">
  <testsuite name="api / v1 / auth / register / Login with email and password" id="7775b158-9c25-4c25-a472-4ff011a80307" timestamp="2025-10-04T04:27:16.080Z" tests="3" failures="0" errors="0" time="0.742">
    <testcase name="Status code is 200" time="0.742" classname="ApiV1AuthRegisterLoginWithEmailAndPassword"/>
    <testcase name="Login success flag" time="0.742" classname="ApiV1AuthRegisterLoginWithEmailAndPassword"/>
    <testcase name="Email is verified" time="0.742" classname="ApiV1AuthRegisterLoginWithEmailAndPassword"/>
  </testsuite>
  <testsuite name="api / v1 / auth / register / Get user profile" id="065a3545-f710-431d-8a6b-a38ed7ebe215" timestamp="2025-10-04T04:27:16.080Z" tests="8" failures="0" errors="0" time="0.035">
    <testcase name="Status code is 200" time="0.035" classname="ApiV1AuthRegisterGetUserProfile"/>
    <testcase name="User email matches saved variable" time="0.035" classname="ApiV1AuthRegisterGetUserProfile"/>
    <testcase name="User ID matches saved variable" time="0.035" classname="ApiV1AuthRegisterGetUserProfile"/>
    <testcase name="First Name matches saved variable" time="0.035" classname="ApiV1AuthRegisterGetUserProfile"/>
    <testcase name="Last Name matches saved variable" time="0.035" classname="ApiV1AuthRegisterGetUserProfile"/>
    <testcase name="Check if email is verified" time="0.035" classname="ApiV1AuthRegisterGetUserProfile"/>
    <testcase name="Response time is less than 600ms" time="0.035" classname="ApiV1AuthRegisterGetUserProfile"/>
    <testcase name="Response matches profile schema" time="0.035" classname="ApiV1AuthRegisterGetUserProfile"/>
  </testsuite>
  <testsuite name="api / v1 / auth / register / Update user profile" id="eabdfae9-6834-4439-8cfe-abfd9e784040" timestamp="2025-10-04T04:27:16.080Z" tests="2" failures="0" errors="0" time="0.040">
    <testcase name="Status code is 200" time="0.040" classname="ApiV1AuthRegisterUpdateUserProfile"/>
    <testcase name="Response time is less than 600ms" time="0.040" classname="ApiV1AuthRegisterUpdateUserProfile"/>
  </testsuite>
</testsuites>