<?xml version="1.0" encoding="UTF-8"?>
<testsuites name="QA Challenge" tests="3" time="1.025">
  <testsuite name="api / v1 / auth / register / Login with email and password" id="1749e954-5bcd-4a6e-a075-c6347fb6ffc1" timestamp="2025-10-09T10:28:20.217Z" tests="3" failures="0" errors="0" time="0.842">
    <testcase name="Status code is 200" time="0.842" classname="ApiV1AuthRegisterLoginWithEmailAndPassword"/>
    <testcase name="Login success flag" time="0.842" classname="ApiV1AuthRegisterLoginWithEmailAndPassword"/>
    <testcase name="Email is verified" time="0.842" classname="ApiV1AuthRegisterLoginWithEmailAndPassword"/>
  </testsuite>
  <testsuite name="api / v1 / auth / register / Get user profile" id="7a251982-707c-46cd-9b5f-80ba916e5cb6" timestamp="2025-10-09T10:28:20.217Z" tests="8" failures="0" errors="0" time="0.092">
    <testcase name="Status code is 200" time="0.092" classname="ApiV1AuthRegisterGetUserProfile"/>
    <testcase name="User email matches saved variable" time="0.092" classname="ApiV1AuthRegisterGetUserProfile"/>
    <testcase name="User ID matches saved variable" time="0.092" classname="ApiV1AuthRegisterGetUserProfile"/>
    <testcase name="First Name matches saved variable" time="0.092" classname="ApiV1AuthRegisterGetUserProfile"/>
    <testcase name="Last Name matches saved variable" time="0.092" classname="ApiV1AuthRegisterGetUserProfile"/>
    <testcase name="Check if email is verified" time="0.092" classname="ApiV1AuthRegisterGetUserProfile"/>
    <testcase name="Response time is less than 600ms" time="0.092" classname="ApiV1AuthRegisterGetUserProfile"/>
    <testcase name="Response matches profile schema" time="0.092" classname="ApiV1AuthRegisterGetUserProfile"/>
  </testsuite>
  <testsuite name="api / v1 / auth / register / Update user profile" id="d4198eb3-8c50-44b8-a30e-a34d6b79be1b" timestamp="2025-10-09T10:28:20.217Z" tests="2" failures="0" errors="0" time="0.091">
    <testcase name="Status code is 200" time="0.091" classname="ApiV1AuthRegisterUpdateUserProfile"/>
    <testcase name="Response time is less than 600ms" time="0.091" classname="ApiV1AuthRegisterUpdateUserProfile"/>
  </testsuite>
</testsuites>