<?xml version="1.0" encoding="UTF-8"?>
<testsuites name="QA Challenge" tests="3" time="0.970">
  <testsuite name="api / v1 / auth / register / Login with email and password" id="f40baf42-1c2c-4590-9d02-1fa1448cdbc6" timestamp="2025-10-16T03:08:50.215Z" tests="3" failures="0" errors="0" time="0.779">
    <testcase name="Status code is 200" time="0.779" classname="ApiV1AuthRegisterLoginWithEmailAndPassword"/>
    <testcase name="Login success flag" time="0.779" classname="ApiV1AuthRegisterLoginWithEmailAndPassword"/>
    <testcase name="Email is verified" time="0.779" classname="ApiV1AuthRegisterLoginWithEmailAndPassword"/>
  </testsuite>
  <testsuite name="api / v1 / auth / register / Get user profile" id="e898059a-86bb-4754-b85a-df64aca8cf5d" timestamp="2025-10-16T03:08:50.215Z" tests="8" failures="0" errors="0" time="0.096">
    <testcase name="Status code is 200" time="0.096" classname="ApiV1AuthRegisterGetUserProfile"/>
    <testcase name="User email matches saved variable" time="0.096" classname="ApiV1AuthRegisterGetUserProfile"/>
    <testcase name="User ID matches saved variable" time="0.096" classname="ApiV1AuthRegisterGetUserProfile"/>
    <testcase name="First Name matches saved variable" time="0.096" classname="ApiV1AuthRegisterGetUserProfile"/>
    <testcase name="Last Name matches saved variable" time="0.096" classname="ApiV1AuthRegisterGetUserProfile"/>
    <testcase name="Check if email is verified" time="0.096" classname="ApiV1AuthRegisterGetUserProfile"/>
    <testcase name="Response time is less than 600ms" time="0.096" classname="ApiV1AuthRegisterGetUserProfile"/>
    <testcase name="Response matches profile schema" time="0.096" classname="ApiV1AuthRegisterGetUserProfile"/>
  </testsuite>
  <testsuite name="api / v1 / auth / register / Update user profile" id="e544c84c-dd5e-4d2a-b7cf-dc882b21ea22" timestamp="2025-10-16T03:08:50.215Z" tests="2" failures="0" errors="0" time="0.095">
    <testcase name="Status code is 200" time="0.095" classname="ApiV1AuthRegisterUpdateUserProfile"/>
    <testcase name="Response time is less than 600ms" time="0.095" classname="ApiV1AuthRegisterUpdateUserProfile"/>
  </testsuite>
</testsuites>