<?xml version="1.0" encoding="UTF-8"?>
<testsuites name="QA Challenge" tests="3" time="0.715">
  <testsuite name="api / v1 / auth / register / Login with email and password" id="ca89310e-7a29-4ad0-badc-0fc93ceb7bbf" timestamp="2025-10-08T04:29:02.760Z" tests="3" failures="0" errors="0" time="0.645">
    <testcase name="Status code is 200" time="0.645" classname="ApiV1AuthRegisterLoginWithEmailAndPassword"/>
    <testcase name="Login success flag" time="0.645" classname="ApiV1AuthRegisterLoginWithEmailAndPassword"/>
    <testcase name="Email is verified" time="0.645" classname="ApiV1AuthRegisterLoginWithEmailAndPassword"/>
  </testsuite>
  <testsuite name="api / v1 / auth / register / Get user profile" id="2bb226c8-6901-448e-8697-08f67a5069fd" timestamp="2025-10-08T04:29:02.760Z" tests="8" failures="0" errors="0" time="0.035">
    <testcase name="Status code is 200" time="0.035" classname="ApiV1AuthRegisterGetUserProfile"/>
    <testcase name="User email matches saved variable" time="0.035" classname="ApiV1AuthRegisterGetUserProfile"/>
    <testcase name="User ID matches saved variable" time="0.035" classname="ApiV1AuthRegisterGetUserProfile"/>
    <testcase name="First Name matches saved variable" time="0.035" classname="ApiV1AuthRegisterGetUserProfile"/>
    <testcase name="Last Name matches saved variable" time="0.035" classname="ApiV1AuthRegisterGetUserProfile"/>
    <testcase name="Check if email is verified" time="0.035" classname="ApiV1AuthRegisterGetUserProfile"/>
    <testcase name="Response time is less than 600ms" time="0.035" classname="ApiV1AuthRegisterGetUserProfile"/>
    <testcase name="Response matches profile schema" time="0.035" classname="ApiV1AuthRegisterGetUserProfile"/>
  </testsuite>
  <testsuite name="api / v1 / auth / register / Update user profile" id="1eddd9b8-c589-42e4-a551-c95732c8d84e" timestamp="2025-10-08T04:29:02.760Z" tests="2" failures="0" errors="0" time="0.035">
    <testcase name="Status code is 200" time="0.035" classname="ApiV1AuthRegisterUpdateUserProfile"/>
    <testcase name="Response time is less than 600ms" time="0.035" classname="ApiV1AuthRegisterUpdateUserProfile"/>
  </testsuite>
</testsuites>