<?xml version="1.0" encoding="UTF-8"?>
<testsuites name="QA Challenge" tests="3" time="0.663">
  <testsuite name="api / v1 / auth / register / Login with email and password" id="f6614e13-8c35-4c2c-8450-2031e88bba17" timestamp="2025-10-17T18:33:21.465Z" tests="3" failures="0" errors="0" time="0.604">
    <testcase name="Status code is 200" time="0.604" classname="ApiV1AuthRegisterLoginWithEmailAndPassword"/>
    <testcase name="Login success flag" time="0.604" classname="ApiV1AuthRegisterLoginWithEmailAndPassword"/>
    <testcase name="Email is verified" time="0.604" classname="ApiV1AuthRegisterLoginWithEmailAndPassword"/>
  </testsuite>
  <testsuite name="api / v1 / auth / register / Get user profile" id="0bdcbbeb-cabb-4c6e-a669-0e29b502b244" timestamp="2025-10-17T18:33:21.465Z" tests="8" failures="0" errors="0" time="0.030">
    <testcase name="Status code is 200" time="0.030" classname="ApiV1AuthRegisterGetUserProfile"/>
    <testcase name="User email matches saved variable" time="0.030" classname="ApiV1AuthRegisterGetUserProfile"/>
    <testcase name="User ID matches saved variable" time="0.030" classname="ApiV1AuthRegisterGetUserProfile"/>
    <testcase name="First Name matches saved variable" time="0.030" classname="ApiV1AuthRegisterGetUserProfile"/>
    <testcase name="Last Name matches saved variable" time="0.030" classname="ApiV1AuthRegisterGetUserProfile"/>
    <testcase name="Check if email is verified" time="0.030" classname="ApiV1AuthRegisterGetUserProfile"/>
    <testcase name="Response time is less than 600ms" time="0.030" classname="ApiV1AuthRegisterGetUserProfile"/>
    <testcase name="Response matches profile schema" time="0.030" classname="ApiV1AuthRegisterGetUserProfile"/>
  </testsuite>
  <testsuite name="api / v1 / auth / register / Update user profile" id="b425a71e-35e5-4ba3-ab49-caf39cb27e42" timestamp="2025-10-17T18:33:21.465Z" tests="2" failures="0" errors="0" time="0.029">
    <testcase name="Status code is 200" time="0.029" classname="ApiV1AuthRegisterUpdateUserProfile"/>
    <testcase name="Response time is less than 600ms" time="0.029" classname="ApiV1AuthRegisterUpdateUserProfile"/>
  </testsuite>
</testsuites>