<?xml version="1.0" encoding="UTF-8"?>
<testsuites name="QA Challenge" tests="3" time="0.866">
  <testsuite name="api / v1 / auth / register / Login with email and password" id="cad85787-10ec-4562-942d-a4ffaa303c1f" timestamp="2025-10-17T08:33:57.923Z" tests="3" failures="0" errors="0" time="0.763">
    <testcase name="Status code is 200" time="0.763" classname="ApiV1AuthRegisterLoginWithEmailAndPassword"/>
    <testcase name="Login success flag" time="0.763" classname="ApiV1AuthRegisterLoginWithEmailAndPassword"/>
    <testcase name="Email is verified" time="0.763" classname="ApiV1AuthRegisterLoginWithEmailAndPassword"/>
  </testsuite>
  <testsuite name="api / v1 / auth / register / Get user profile" id="9b76ad87-c8d2-4227-9fd0-853a04118313" timestamp="2025-10-17T08:33:57.923Z" tests="8" failures="0" errors="0" time="0.051">
    <testcase name="Status code is 200" time="0.051" classname="ApiV1AuthRegisterGetUserProfile"/>
    <testcase name="User email matches saved variable" time="0.051" classname="ApiV1AuthRegisterGetUserProfile"/>
    <testcase name="User ID matches saved variable" time="0.051" classname="ApiV1AuthRegisterGetUserProfile"/>
    <testcase name="First Name matches saved variable" time="0.051" classname="ApiV1AuthRegisterGetUserProfile"/>
    <testcase name="Last Name matches saved variable" time="0.051" classname="ApiV1AuthRegisterGetUserProfile"/>
    <testcase name="Check if email is verified" time="0.051" classname="ApiV1AuthRegisterGetUserProfile"/>
    <testcase name="Response time is less than 600ms" time="0.051" classname="ApiV1AuthRegisterGetUserProfile"/>
    <testcase name="Response matches profile schema" time="0.051" classname="ApiV1AuthRegisterGetUserProfile"/>
  </testsuite>
  <testsuite name="api / v1 / auth / register / Update user profile" id="45f0babc-c3fc-4e7f-9d33-503eea82c123" timestamp="2025-10-17T08:33:57.923Z" tests="2" failures="0" errors="0" time="0.052">
    <testcase name="Status code is 200" time="0.052" classname="ApiV1AuthRegisterUpdateUserProfile"/>
    <testcase name="Response time is less than 600ms" time="0.052" classname="ApiV1AuthRegisterUpdateUserProfile"/>
  </testsuite>
</testsuites>