<?xml version="1.0" encoding="UTF-8"?>
<testsuites name="QA Challenge" tests="3" time="0.936">
  <testsuite name="api / v1 / auth / register / Login with email and password" id="a53672fd-f26a-4307-93ab-8a345633f13e" timestamp="2025-10-17T03:06:45.630Z" tests="3" failures="0" errors="0" time="0.741">
    <testcase name="Status code is 200" time="0.741" classname="ApiV1AuthRegisterLoginWithEmailAndPassword"/>
    <testcase name="Login success flag" time="0.741" classname="ApiV1AuthRegisterLoginWithEmailAndPassword"/>
    <testcase name="Email is verified" time="0.741" classname="ApiV1AuthRegisterLoginWithEmailAndPassword"/>
  </testsuite>
  <testsuite name="api / v1 / auth / register / Get user profile" id="18554018-2173-4ea0-9346-a29dd7a19fc0" timestamp="2025-10-17T03:06:45.630Z" tests="8" failures="0" errors="0" time="0.098">
    <testcase name="Status code is 200" time="0.098" classname="ApiV1AuthRegisterGetUserProfile"/>
    <testcase name="User email matches saved variable" time="0.098" classname="ApiV1AuthRegisterGetUserProfile"/>
    <testcase name="User ID matches saved variable" time="0.098" classname="ApiV1AuthRegisterGetUserProfile"/>
    <testcase name="First Name matches saved variable" time="0.098" classname="ApiV1AuthRegisterGetUserProfile"/>
    <testcase name="Last Name matches saved variable" time="0.098" classname="ApiV1AuthRegisterGetUserProfile"/>
    <testcase name="Check if email is verified" time="0.098" classname="ApiV1AuthRegisterGetUserProfile"/>
    <testcase name="Response time is less than 600ms" time="0.098" classname="ApiV1AuthRegisterGetUserProfile"/>
    <testcase name="Response matches profile schema" time="0.098" classname="ApiV1AuthRegisterGetUserProfile"/>
  </testsuite>
  <testsuite name="api / v1 / auth / register / Update user profile" id="24cc640d-45cf-4d2f-87c1-8d3a115846b5" timestamp="2025-10-17T03:06:45.630Z" tests="2" failures="0" errors="0" time="0.097">
    <testcase name="Status code is 200" time="0.097" classname="ApiV1AuthRegisterUpdateUserProfile"/>
    <testcase name="Response time is less than 600ms" time="0.097" classname="ApiV1AuthRegisterUpdateUserProfile"/>
  </testsuite>
</testsuites>