<?xml version="1.0" encoding="UTF-8"?>
<testsuites name="QA Challenge" tests="3" time="0.907">
  <testsuite name="api / v1 / auth / register / Login with email and password" id="6354c699-9ee2-4df4-aaa5-c14989ef7be3" timestamp="2025-10-14T16:31:44.320Z" tests="3" failures="0" errors="0" time="0.784">
    <testcase name="Status code is 200" time="0.784" classname="ApiV1AuthRegisterLoginWithEmailAndPassword"/>
    <testcase name="Login success flag" time="0.784" classname="ApiV1AuthRegisterLoginWithEmailAndPassword"/>
    <testcase name="Email is verified" time="0.784" classname="ApiV1AuthRegisterLoginWithEmailAndPassword"/>
  </testsuite>
  <testsuite name="api / v1 / auth / register / Get user profile" id="a0c98540-e7ff-4958-a0ce-723c67f36558" timestamp="2025-10-14T16:31:44.320Z" tests="8" failures="0" errors="0" time="0.059">
    <testcase name="Status code is 200" time="0.059" classname="ApiV1AuthRegisterGetUserProfile"/>
    <testcase name="User email matches saved variable" time="0.059" classname="ApiV1AuthRegisterGetUserProfile"/>
    <testcase name="User ID matches saved variable" time="0.059" classname="ApiV1AuthRegisterGetUserProfile"/>
    <testcase name="First Name matches saved variable" time="0.059" classname="ApiV1AuthRegisterGetUserProfile"/>
    <testcase name="Last Name matches saved variable" time="0.059" classname="ApiV1AuthRegisterGetUserProfile"/>
    <testcase name="Check if email is verified" time="0.059" classname="ApiV1AuthRegisterGetUserProfile"/>
    <testcase name="Response time is less than 600ms" time="0.059" classname="ApiV1AuthRegisterGetUserProfile"/>
    <testcase name="Response matches profile schema" time="0.059" classname="ApiV1AuthRegisterGetUserProfile"/>
  </testsuite>
  <testsuite name="api / v1 / auth / register / Update user profile" id="bd690052-bef8-4343-b10d-bbf977b607c8" timestamp="2025-10-14T16:31:44.320Z" tests="2" failures="0" errors="0" time="0.064">
    <testcase name="Status code is 200" time="0.064" classname="ApiV1AuthRegisterUpdateUserProfile"/>
    <testcase name="Response time is less than 600ms" time="0.064" classname="ApiV1AuthRegisterUpdateUserProfile"/>
  </testsuite>
</testsuites>