<?xml version="1.0" encoding="UTF-8"?>
<testsuites name="QA Challenge" tests="3" time="0.785">
  <testsuite name="api / v1 / auth / register / Login with email and password" id="d96fc53b-be3b-40e9-8c54-ed1ed910e66d" timestamp="2025-10-03T13:24:27.775Z" tests="3" failures="0" errors="0" time="0.691">
    <testcase name="Status code is 200" time="0.691" classname="ApiV1AuthRegisterLoginWithEmailAndPassword"/>
    <testcase name="Login success flag" time="0.691" classname="ApiV1AuthRegisterLoginWithEmailAndPassword"/>
    <testcase name="Email is verified" time="0.691" classname="ApiV1AuthRegisterLoginWithEmailAndPassword"/>
  </testsuite>
  <testsuite name="api / v1 / auth / register / Get user profile" id="a77bfb34-81e7-4c09-9269-e5388542d913" timestamp="2025-10-03T13:24:27.775Z" tests="8" failures="0" errors="0" time="0.050">
    <testcase name="Status code is 200" time="0.050" classname="ApiV1AuthRegisterGetUserProfile"/>
    <testcase name="User email matches saved variable" time="0.050" classname="ApiV1AuthRegisterGetUserProfile"/>
    <testcase name="User ID matches saved variable" time="0.050" classname="ApiV1AuthRegisterGetUserProfile"/>
    <testcase name="First Name matches saved variable" time="0.050" classname="ApiV1AuthRegisterGetUserProfile"/>
    <testcase name="Last Name matches saved variable" time="0.050" classname="ApiV1AuthRegisterGetUserProfile"/>
    <testcase name="Check if email is verified" time="0.050" classname="ApiV1AuthRegisterGetUserProfile"/>
    <testcase name="Response time is less than 600ms" time="0.050" classname="ApiV1AuthRegisterGetUserProfile"/>
    <testcase name="Response matches profile schema" time="0.050" classname="ApiV1AuthRegisterGetUserProfile"/>
  </testsuite>
  <testsuite name="api / v1 / auth / register / Update user profile" id="978885c9-e90d-42f5-aff9-8c23e537d9b9" timestamp="2025-10-03T13:24:27.775Z" tests="2" failures="0" errors="0" time="0.044">
    <testcase name="Status code is 200" time="0.044" classname="ApiV1AuthRegisterUpdateUserProfile"/>
    <testcase name="Response time is less than 600ms" time="0.044" classname="ApiV1AuthRegisterUpdateUserProfile"/>
  </testsuite>
</testsuites>