<?xml version="1.0" encoding="UTF-8"?>
<testsuites name="QA Challenge" tests="3" time="0.742">
  <testsuite name="api / v1 / auth / register / Login with email and password" id="43cdbe49-5680-443d-ad72-d5e02277c37c" timestamp="2025-10-05T08:27:56.943Z" tests="3" failures="0" errors="0" time="0.647">
    <testcase name="Status code is 200" time="0.647" classname="ApiV1AuthRegisterLoginWithEmailAndPassword"/>
    <testcase name="Login success flag" time="0.647" classname="ApiV1AuthRegisterLoginWithEmailAndPassword"/>
    <testcase name="Email is verified" time="0.647" classname="ApiV1AuthRegisterLoginWithEmailAndPassword"/>
  </testsuite>
  <testsuite name="api / v1 / auth / register / Get user profile" id="fac946fd-26ba-4292-9501-bf6a81cf58e9" timestamp="2025-10-05T08:27:56.943Z" tests="8" failures="0" errors="0" time="0.046">
    <testcase name="Status code is 200" time="0.046" classname="ApiV1AuthRegisterGetUserProfile"/>
    <testcase name="User email matches saved variable" time="0.046" classname="ApiV1AuthRegisterGetUserProfile"/>
    <testcase name="User ID matches saved variable" time="0.046" classname="ApiV1AuthRegisterGetUserProfile"/>
    <testcase name="First Name matches saved variable" time="0.046" classname="ApiV1AuthRegisterGetUserProfile"/>
    <testcase name="Last Name matches saved variable" time="0.046" classname="ApiV1AuthRegisterGetUserProfile"/>
    <testcase name="Check if email is verified" time="0.046" classname="ApiV1AuthRegisterGetUserProfile"/>
    <testcase name="Response time is less than 600ms" time="0.046" classname="ApiV1AuthRegisterGetUserProfile"/>
    <testcase name="Response matches profile schema" time="0.046" classname="ApiV1AuthRegisterGetUserProfile"/>
  </testsuite>
  <testsuite name="api / v1 / auth / register / Update user profile" id="3add1880-2b41-4697-99af-c0b7f38f2029" timestamp="2025-10-05T08:27:56.943Z" tests="2" failures="0" errors="0" time="0.049">
    <testcase name="Status code is 200" time="0.049" classname="ApiV1AuthRegisterUpdateUserProfile"/>
    <testcase name="Response time is less than 600ms" time="0.049" classname="ApiV1AuthRegisterUpdateUserProfile"/>
  </testsuite>
</testsuites>