<?xml version="1.0" encoding="UTF-8"?>
<testsuites name="QA Challenge" tests="3" time="0.943">
  <testsuite name="api / v1 / auth / register / Login with email and password" id="1e4fb716-d5eb-4b38-81e5-d42725f7d087" timestamp="2025-10-07T16:31:13.881Z" tests="3" failures="0" errors="0" time="0.761">
    <testcase name="Status code is 200" time="0.761" classname="ApiV1AuthRegisterLoginWithEmailAndPassword"/>
    <testcase name="Login success flag" time="0.761" classname="ApiV1AuthRegisterLoginWithEmailAndPassword"/>
    <testcase name="Email is verified" time="0.761" classname="ApiV1AuthRegisterLoginWithEmailAndPassword"/>
  </testsuite>
  <testsuite name="api / v1 / auth / register / Get user profile" id="e16d67fc-3e47-49b9-8ad8-765f55602f8f" timestamp="2025-10-07T16:31:13.881Z" tests="8" failures="0" errors="0" time="0.087">
    <testcase name="Status code is 200" time="0.087" classname="ApiV1AuthRegisterGetUserProfile"/>
    <testcase name="User email matches saved variable" time="0.087" classname="ApiV1AuthRegisterGetUserProfile"/>
    <testcase name="User ID matches saved variable" time="0.087" classname="ApiV1AuthRegisterGetUserProfile"/>
    <testcase name="First Name matches saved variable" time="0.087" classname="ApiV1AuthRegisterGetUserProfile"/>
    <testcase name="Last Name matches saved variable" time="0.087" classname="ApiV1AuthRegisterGetUserProfile"/>
    <testcase name="Check if email is verified" time="0.087" classname="ApiV1AuthRegisterGetUserProfile"/>
    <testcase name="Response time is less than 600ms" time="0.087" classname="ApiV1AuthRegisterGetUserProfile"/>
    <testcase name="Response matches profile schema" time="0.087" classname="ApiV1AuthRegisterGetUserProfile"/>
  </testsuite>
  <testsuite name="api / v1 / auth / register / Update user profile" id="738cd395-3147-4610-972f-885458a18bd6" timestamp="2025-10-07T16:31:13.881Z" tests="2" failures="0" errors="0" time="0.095">
    <testcase name="Status code is 200" time="0.095" classname="ApiV1AuthRegisterUpdateUserProfile"/>
    <testcase name="Response time is less than 600ms" time="0.095" classname="ApiV1AuthRegisterUpdateUserProfile"/>
  </testsuite>
</testsuites>