<?xml version="1.0" encoding="UTF-8"?>
<testsuites name="QA Challenge" tests="3" time="0.756">
  <testsuite name="api / v1 / auth / register / Login with email and password" id="05e4f243-7ed8-479c-854a-44565a1f8918" timestamp="2025-10-10T16:30:43.038Z" tests="3" failures="0" errors="0" time="0.669">
    <testcase name="Status code is 200" time="0.669" classname="ApiV1AuthRegisterLoginWithEmailAndPassword"/>
    <testcase name="Login success flag" time="0.669" classname="ApiV1AuthRegisterLoginWithEmailAndPassword"/>
    <testcase name="Email is verified" time="0.669" classname="ApiV1AuthRegisterLoginWithEmailAndPassword"/>
  </testsuite>
  <testsuite name="api / v1 / auth / register / Get user profile" id="8d22248d-7230-4da3-9abe-643f8dc5643f" timestamp="2025-10-10T16:30:43.038Z" tests="8" failures="0" errors="0" time="0.039">
    <testcase name="Status code is 200" time="0.039" classname="ApiV1AuthRegisterGetUserProfile"/>
    <testcase name="User email matches saved variable" time="0.039" classname="ApiV1AuthRegisterGetUserProfile"/>
    <testcase name="User ID matches saved variable" time="0.039" classname="ApiV1AuthRegisterGetUserProfile"/>
    <testcase name="First Name matches saved variable" time="0.039" classname="ApiV1AuthRegisterGetUserProfile"/>
    <testcase name="Last Name matches saved variable" time="0.039" classname="ApiV1AuthRegisterGetUserProfile"/>
    <testcase name="Check if email is verified" time="0.039" classname="ApiV1AuthRegisterGetUserProfile"/>
    <testcase name="Response time is less than 600ms" time="0.039" classname="ApiV1AuthRegisterGetUserProfile"/>
    <testcase name="Response matches profile schema" time="0.039" classname="ApiV1AuthRegisterGetUserProfile"/>
  </testsuite>
  <testsuite name="api / v1 / auth / register / Update user profile" id="58ab2d72-60b0-43d1-be0d-5d5fba085208" timestamp="2025-10-10T16:30:43.038Z" tests="2" failures="0" errors="0" time="0.048">
    <testcase name="Status code is 200" time="0.048" classname="ApiV1AuthRegisterUpdateUserProfile"/>
    <testcase name="Response time is less than 600ms" time="0.048" classname="ApiV1AuthRegisterUpdateUserProfile"/>
  </testsuite>
</testsuites>