<?xml version="1.0" encoding="UTF-8"?>
<testsuites name="QA Challenge" tests="3" time="0.762">
  <testsuite name="api / v1 / auth / register / Login with email and password" id="df2d2bc4-0831-4dd9-a715-8aeccf1a0fd7" timestamp="2025-10-11T20:23:32.829Z" tests="3" failures="0" errors="0" time="0.683">
    <testcase name="Status code is 200" time="0.683" classname="ApiV1AuthRegisterLoginWithEmailAndPassword"/>
    <testcase name="Login success flag" time="0.683" classname="ApiV1AuthRegisterLoginWithEmailAndPassword"/>
    <testcase name="Email is verified" time="0.683" classname="ApiV1AuthRegisterLoginWithEmailAndPassword"/>
  </testsuite>
  <testsuite name="api / v1 / auth / register / Get user profile" id="ec18ec1a-03be-43eb-ab53-567247995781" timestamp="2025-10-11T20:23:32.829Z" tests="8" failures="0" errors="0" time="0.053">
    <testcase name="Status code is 200" time="0.053" classname="ApiV1AuthRegisterGetUserProfile"/>
    <testcase name="User email matches saved variable" time="0.053" classname="ApiV1AuthRegisterGetUserProfile"/>
    <testcase name="User ID matches saved variable" time="0.053" classname="ApiV1AuthRegisterGetUserProfile"/>
    <testcase name="First Name matches saved variable" time="0.053" classname="ApiV1AuthRegisterGetUserProfile"/>
    <testcase name="Last Name matches saved variable" time="0.053" classname="ApiV1AuthRegisterGetUserProfile"/>
    <testcase name="Check if email is verified" time="0.053" classname="ApiV1AuthRegisterGetUserProfile"/>
    <testcase name="Response time is less than 600ms" time="0.053" classname="ApiV1AuthRegisterGetUserProfile"/>
    <testcase name="Response matches profile schema" time="0.053" classname="ApiV1AuthRegisterGetUserProfile"/>
  </testsuite>
  <testsuite name="api / v1 / auth / register / Update user profile" id="b69401f3-102d-4bd5-a64c-76da5eb3d246" timestamp="2025-10-11T20:23:32.829Z" tests="2" failures="0" errors="0" time="0.026">
    <testcase name="Status code is 200" time="0.026" classname="ApiV1AuthRegisterUpdateUserProfile"/>
    <testcase name="Response time is less than 600ms" time="0.026" classname="ApiV1AuthRegisterUpdateUserProfile"/>
  </testsuite>
</testsuites>