<?xml version="1.0" encoding="UTF-8"?>
<testsuites name="QA Challenge" tests="3" time="0.859">
  <testsuite name="api / v1 / auth / register / Login with email and password" id="921f7966-bd2c-412b-adb8-46e007c01456" timestamp="2025-10-08T12:53:28.265Z" tests="3" failures="0" errors="0" time="0.726">
    <testcase name="Status code is 200" time="0.726" classname="ApiV1AuthRegisterLoginWithEmailAndPassword"/>
    <testcase name="Login success flag" time="0.726" classname="ApiV1AuthRegisterLoginWithEmailAndPassword"/>
    <testcase name="Email is verified" time="0.726" classname="ApiV1AuthRegisterLoginWithEmailAndPassword"/>
  </testsuite>
  <testsuite name="api / v1 / auth / register / Get user profile" id="dbf6d48f-1042-4687-a5b2-8da59f5e1315" timestamp="2025-10-08T12:53:28.265Z" tests="8" failures="0" errors="0" time="0.066">
    <testcase name="Status code is 200" time="0.066" classname="ApiV1AuthRegisterGetUserProfile"/>
    <testcase name="User email matches saved variable" time="0.066" classname="ApiV1AuthRegisterGetUserProfile"/>
    <testcase name="User ID matches saved variable" time="0.066" classname="ApiV1AuthRegisterGetUserProfile"/>
    <testcase name="First Name matches saved variable" time="0.066" classname="ApiV1AuthRegisterGetUserProfile"/>
    <testcase name="Last Name matches saved variable" time="0.066" classname="ApiV1AuthRegisterGetUserProfile"/>
    <testcase name="Check if email is verified" time="0.066" classname="ApiV1AuthRegisterGetUserProfile"/>
    <testcase name="Response time is less than 600ms" time="0.066" classname="ApiV1AuthRegisterGetUserProfile"/>
    <testcase name="Response matches profile schema" time="0.066" classname="ApiV1AuthRegisterGetUserProfile"/>
  </testsuite>
  <testsuite name="api / v1 / auth / register / Update user profile" id="9b95438f-93eb-48a0-9df9-f604a7f4c033" timestamp="2025-10-08T12:53:28.265Z" tests="2" failures="0" errors="0" time="0.067">
    <testcase name="Status code is 200" time="0.067" classname="ApiV1AuthRegisterUpdateUserProfile"/>
    <testcase name="Response time is less than 600ms" time="0.067" classname="ApiV1AuthRegisterUpdateUserProfile"/>
  </testsuite>
</testsuites>