<?xml version="1.0" encoding="UTF-8"?>
<testsuites name="QA Challenge" tests="3" time="0.961">
  <testsuite name="api / v1 / auth / register / Login with email and password" id="4b0df7da-be3c-438c-b8a4-930e32f9a52b" timestamp="2025-10-08T20:27:00.251Z" tests="3" failures="0" errors="0" time="0.787">
    <testcase name="Status code is 200" time="0.787" classname="ApiV1AuthRegisterLoginWithEmailAndPassword"/>
    <testcase name="Login success flag" time="0.787" classname="ApiV1AuthRegisterLoginWithEmailAndPassword"/>
    <testcase name="Email is verified" time="0.787" classname="ApiV1AuthRegisterLoginWithEmailAndPassword"/>
  </testsuite>
  <testsuite name="api / v1 / auth / register / Get user profile" id="2dc43e7c-13d0-4362-a1fe-9baaee1faeca" timestamp="2025-10-08T20:27:00.251Z" tests="8" failures="0" errors="0" time="0.086">
    <testcase name="Status code is 200" time="0.086" classname="ApiV1AuthRegisterGetUserProfile"/>
    <testcase name="User email matches saved variable" time="0.086" classname="ApiV1AuthRegisterGetUserProfile"/>
    <testcase name="User ID matches saved variable" time="0.086" classname="ApiV1AuthRegisterGetUserProfile"/>
    <testcase name="First Name matches saved variable" time="0.086" classname="ApiV1AuthRegisterGetUserProfile"/>
    <testcase name="Last Name matches saved variable" time="0.086" classname="ApiV1AuthRegisterGetUserProfile"/>
    <testcase name="Check if email is verified" time="0.086" classname="ApiV1AuthRegisterGetUserProfile"/>
    <testcase name="Response time is less than 600ms" time="0.086" classname="ApiV1AuthRegisterGetUserProfile"/>
    <testcase name="Response matches profile schema" time="0.086" classname="ApiV1AuthRegisterGetUserProfile"/>
  </testsuite>
  <testsuite name="api / v1 / auth / register / Update user profile" id="910d5663-d326-46dc-b330-fb3026d58de1" timestamp="2025-10-08T20:27:00.251Z" tests="2" failures="0" errors="0" time="0.088">
    <testcase name="Status code is 200" time="0.088" classname="ApiV1AuthRegisterUpdateUserProfile"/>
    <testcase name="Response time is less than 600ms" time="0.088" classname="ApiV1AuthRegisterUpdateUserProfile"/>
  </testsuite>
</testsuites>