<?xml version="1.0" encoding="UTF-8"?>
<testsuites name="QA Challenge" tests="3" time="0.625">
  <testsuite name="api / v1 / auth / register / Login with email and password" id="0405231c-5f3f-4ca0-a4bb-3875a1b17bf6" timestamp="2025-10-18T04:28:05.351Z" tests="3" failures="0" errors="0" time="0.570">
    <testcase name="Status code is 200" time="0.570" classname="ApiV1AuthRegisterLoginWithEmailAndPassword"/>
    <testcase name="Login success flag" time="0.570" classname="ApiV1AuthRegisterLoginWithEmailAndPassword"/>
    <testcase name="Email is verified" time="0.570" classname="ApiV1AuthRegisterLoginWithEmailAndPassword"/>
  </testsuite>
  <testsuite name="api / v1 / auth / register / Get user profile" id="3dbb6ae4-88fe-4c6e-8b87-59213b638778" timestamp="2025-10-18T04:28:05.351Z" tests="8" failures="0" errors="0" time="0.032">
    <testcase name="Status code is 200" time="0.032" classname="ApiV1AuthRegisterGetUserProfile"/>
    <testcase name="User email matches saved variable" time="0.032" classname="ApiV1AuthRegisterGetUserProfile"/>
    <testcase name="User ID matches saved variable" time="0.032" classname="ApiV1AuthRegisterGetUserProfile"/>
    <testcase name="First Name matches saved variable" time="0.032" classname="ApiV1AuthRegisterGetUserProfile"/>
    <testcase name="Last Name matches saved variable" time="0.032" classname="ApiV1AuthRegisterGetUserProfile"/>
    <testcase name="Check if email is verified" time="0.032" classname="ApiV1AuthRegisterGetUserProfile"/>
    <testcase name="Response time is less than 600ms" time="0.032" classname="ApiV1AuthRegisterGetUserProfile"/>
    <testcase name="Response matches profile schema" time="0.032" classname="ApiV1AuthRegisterGetUserProfile"/>
  </testsuite>
  <testsuite name="api / v1 / auth / register / Update user profile" id="b99c38a6-9fe9-425d-a0af-cda629e9575f" timestamp="2025-10-18T04:28:05.351Z" tests="2" failures="0" errors="0" time="0.023">
    <testcase name="Status code is 200" time="0.023" classname="ApiV1AuthRegisterUpdateUserProfile"/>
    <testcase name="Response time is less than 600ms" time="0.023" classname="ApiV1AuthRegisterUpdateUserProfile"/>
  </testsuite>
</testsuites>