<?xml version="1.0" encoding="UTF-8"?>
<testsuites name="QA Challenge" tests="3" time="0.958">
  <testsuite name="api / v1 / auth / register / Login with email and password" id="ee600d63-4c71-4629-b56d-d6959a0a906c" timestamp="2025-10-11T14:19:17.337Z" tests="3" failures="0" errors="0" time="0.785">
    <testcase name="Status code is 200" time="0.785" classname="ApiV1AuthRegisterLoginWithEmailAndPassword"/>
    <testcase name="Login success flag" time="0.785" classname="ApiV1AuthRegisterLoginWithEmailAndPassword"/>
    <testcase name="Email is verified" time="0.785" classname="ApiV1AuthRegisterLoginWithEmailAndPassword"/>
  </testsuite>
  <testsuite name="api / v1 / auth / register / Get user profile" id="e7b0b12c-0b17-45c8-9fc7-efed9f779f9b" timestamp="2025-10-11T14:19:17.337Z" tests="8" failures="0" errors="0" time="0.087">
    <testcase name="Status code is 200" time="0.087" classname="ApiV1AuthRegisterGetUserProfile"/>
    <testcase name="User email matches saved variable" time="0.087" classname="ApiV1AuthRegisterGetUserProfile"/>
    <testcase name="User ID matches saved variable" time="0.087" classname="ApiV1AuthRegisterGetUserProfile"/>
    <testcase name="First Name matches saved variable" time="0.087" classname="ApiV1AuthRegisterGetUserProfile"/>
    <testcase name="Last Name matches saved variable" time="0.087" classname="ApiV1AuthRegisterGetUserProfile"/>
    <testcase name="Check if email is verified" time="0.087" classname="ApiV1AuthRegisterGetUserProfile"/>
    <testcase name="Response time is less than 600ms" time="0.087" classname="ApiV1AuthRegisterGetUserProfile"/>
    <testcase name="Response matches profile schema" time="0.087" classname="ApiV1AuthRegisterGetUserProfile"/>
  </testsuite>
  <testsuite name="api / v1 / auth / register / Update user profile" id="62486488-919c-4979-8e34-714eee32e4be" timestamp="2025-10-11T14:19:17.337Z" tests="2" failures="0" errors="0" time="0.086">
    <testcase name="Status code is 200" time="0.086" classname="ApiV1AuthRegisterUpdateUserProfile"/>
    <testcase name="Response time is less than 600ms" time="0.086" classname="ApiV1AuthRegisterUpdateUserProfile"/>
  </testsuite>
</testsuites>