<?xml version="1.0" encoding="UTF-8"?>
<testsuites name="QA Challenge" tests="3" time="0.811">
  <testsuite name="api / v1 / auth / register / Login with email and password" id="8fb9ef4f-54bc-460b-8fbc-210df3669eb2" timestamp="2025-10-03T16:29:44.219Z" tests="3" failures="0" errors="0" time="0.723">
    <testcase name="Status code is 200" time="0.723" classname="ApiV1AuthRegisterLoginWithEmailAndPassword"/>
    <testcase name="Login success flag" time="0.723" classname="ApiV1AuthRegisterLoginWithEmailAndPassword"/>
    <testcase name="Email is verified" time="0.723" classname="ApiV1AuthRegisterLoginWithEmailAndPassword"/>
  </testsuite>
  <testsuite name="api / v1 / auth / register / Get user profile" id="82a8b8e7-5f7d-43b1-b513-4438f3bbcb3d" timestamp="2025-10-03T16:29:44.219Z" tests="8" failures="0" errors="0" time="0.042">
    <testcase name="Status code is 200" time="0.042" classname="ApiV1AuthRegisterGetUserProfile"/>
    <testcase name="User email matches saved variable" time="0.042" classname="ApiV1AuthRegisterGetUserProfile"/>
    <testcase name="User ID matches saved variable" time="0.042" classname="ApiV1AuthRegisterGetUserProfile"/>
    <testcase name="First Name matches saved variable" time="0.042" classname="ApiV1AuthRegisterGetUserProfile"/>
    <testcase name="Last Name matches saved variable" time="0.042" classname="ApiV1AuthRegisterGetUserProfile"/>
    <testcase name="Check if email is verified" time="0.042" classname="ApiV1AuthRegisterGetUserProfile"/>
    <testcase name="Response time is less than 600ms" time="0.042" classname="ApiV1AuthRegisterGetUserProfile"/>
    <testcase name="Response matches profile schema" time="0.042" classname="ApiV1AuthRegisterGetUserProfile"/>
  </testsuite>
  <testsuite name="api / v1 / auth / register / Update user profile" id="730e9f83-ae30-4680-ae6c-9bb01d06bf04" timestamp="2025-10-03T16:29:44.219Z" tests="2" failures="0" errors="0" time="0.046">
    <testcase name="Status code is 200" time="0.046" classname="ApiV1AuthRegisterUpdateUserProfile"/>
    <testcase name="Response time is less than 600ms" time="0.046" classname="ApiV1AuthRegisterUpdateUserProfile"/>
  </testsuite>
</testsuites>