<?xml version="1.0" encoding="UTF-8"?>
<testsuites name="QA Challenge" tests="3" time="0.817">
  <testsuite name="api / v1 / auth / register / Login with email and password" id="0b1d3b7c-7788-4f73-b9b2-f9873a3aba2c" timestamp="2025-10-12T16:27:34.432Z" tests="3" failures="0" errors="0" time="0.731">
    <testcase name="Status code is 200" time="0.731" classname="ApiV1AuthRegisterLoginWithEmailAndPassword"/>
    <testcase name="Login success flag" time="0.731" classname="ApiV1AuthRegisterLoginWithEmailAndPassword"/>
    <testcase name="Email is verified" time="0.731" classname="ApiV1AuthRegisterLoginWithEmailAndPassword"/>
  </testsuite>
  <testsuite name="api / v1 / auth / register / Get user profile" id="39001721-1b52-412a-b39e-6175f4c3d083" timestamp="2025-10-12T16:27:34.432Z" tests="8" failures="0" errors="0" time="0.041">
    <testcase name="Status code is 200" time="0.041" classname="ApiV1AuthRegisterGetUserProfile"/>
    <testcase name="User email matches saved variable" time="0.041" classname="ApiV1AuthRegisterGetUserProfile"/>
    <testcase name="User ID matches saved variable" time="0.041" classname="ApiV1AuthRegisterGetUserProfile"/>
    <testcase name="First Name matches saved variable" time="0.041" classname="ApiV1AuthRegisterGetUserProfile"/>
    <testcase name="Last Name matches saved variable" time="0.041" classname="ApiV1AuthRegisterGetUserProfile"/>
    <testcase name="Check if email is verified" time="0.041" classname="ApiV1AuthRegisterGetUserProfile"/>
    <testcase name="Response time is less than 600ms" time="0.041" classname="ApiV1AuthRegisterGetUserProfile"/>
    <testcase name="Response matches profile schema" time="0.041" classname="ApiV1AuthRegisterGetUserProfile"/>
  </testsuite>
  <testsuite name="api / v1 / auth / register / Update user profile" id="0dafb501-9065-4a63-bb08-ff0ba0a0df9e" timestamp="2025-10-12T16:27:34.432Z" tests="2" failures="0" errors="0" time="0.045">
    <testcase name="Status code is 200" time="0.045" classname="ApiV1AuthRegisterUpdateUserProfile"/>
    <testcase name="Response time is less than 600ms" time="0.045" classname="ApiV1AuthRegisterUpdateUserProfile"/>
  </testsuite>
</testsuites>