<?xml version="1.0" encoding="UTF-8"?>
<testsuites name="QA Challenge" tests="3" time="0.919">
  <testsuite name="api / v1 / auth / register / Login with email and password" id="f4d86c15-9113-492e-8c11-eba94cc21671" timestamp="2025-10-12T03:07:58.026Z" tests="3" failures="0" errors="0" time="0.751">
    <testcase name="Status code is 200" time="0.751" classname="ApiV1AuthRegisterLoginWithEmailAndPassword"/>
    <testcase name="Login success flag" time="0.751" classname="ApiV1AuthRegisterLoginWithEmailAndPassword"/>
    <testcase name="Email is verified" time="0.751" classname="ApiV1AuthRegisterLoginWithEmailAndPassword"/>
  </testsuite>
  <testsuite name="api / v1 / auth / register / Get user profile" id="45b982d7-6f15-4dda-a5d0-716880a6ddf2" timestamp="2025-10-12T03:07:58.026Z" tests="8" failures="0" errors="0" time="0.084">
    <testcase name="Status code is 200" time="0.084" classname="ApiV1AuthRegisterGetUserProfile"/>
    <testcase name="User email matches saved variable" time="0.084" classname="ApiV1AuthRegisterGetUserProfile"/>
    <testcase name="User ID matches saved variable" time="0.084" classname="ApiV1AuthRegisterGetUserProfile"/>
    <testcase name="First Name matches saved variable" time="0.084" classname="ApiV1AuthRegisterGetUserProfile"/>
    <testcase name="Last Name matches saved variable" time="0.084" classname="ApiV1AuthRegisterGetUserProfile"/>
    <testcase name="Check if email is verified" time="0.084" classname="ApiV1AuthRegisterGetUserProfile"/>
    <testcase name="Response time is less than 600ms" time="0.084" classname="ApiV1AuthRegisterGetUserProfile"/>
    <testcase name="Response matches profile schema" time="0.084" classname="ApiV1AuthRegisterGetUserProfile"/>
  </testsuite>
  <testsuite name="api / v1 / auth / register / Update user profile" id="f76d3e1c-7ad7-47cb-8898-18ce6112d7bd" timestamp="2025-10-12T03:07:58.026Z" tests="2" failures="0" errors="0" time="0.084">
    <testcase name="Status code is 200" time="0.084" classname="ApiV1AuthRegisterUpdateUserProfile"/>
    <testcase name="Response time is less than 600ms" time="0.084" classname="ApiV1AuthRegisterUpdateUserProfile"/>
  </testsuite>
</testsuites>