<?xml version="1.0" encoding="UTF-8"?>
<testsuites name="QA Challenge" tests="3" time="0.599">
  <testsuite name="api / v1 / auth / register / Login with email and password" id="cf0b3bdc-4366-4552-960c-578d5f36db43" timestamp="2025-10-06T22:22:31.540Z" tests="3" failures="0" errors="0" time="0.557">
    <testcase name="Status code is 200" time="0.557" classname="ApiV1AuthRegisterLoginWithEmailAndPassword"/>
    <testcase name="Login success flag" time="0.557" classname="ApiV1AuthRegisterLoginWithEmailAndPassword"/>
    <testcase name="Email is verified" time="0.557" classname="ApiV1AuthRegisterLoginWithEmailAndPassword"/>
  </testsuite>
  <testsuite name="api / v1 / auth / register / Get user profile" id="97476ae4-755c-489e-9a56-3401cc1feee6" timestamp="2025-10-06T22:22:31.540Z" tests="8" failures="0" errors="0" time="0.021">
    <testcase name="Status code is 200" time="0.021" classname="ApiV1AuthRegisterGetUserProfile"/>
    <testcase name="User email matches saved variable" time="0.021" classname="ApiV1AuthRegisterGetUserProfile"/>
    <testcase name="User ID matches saved variable" time="0.021" classname="ApiV1AuthRegisterGetUserProfile"/>
    <testcase name="First Name matches saved variable" time="0.021" classname="ApiV1AuthRegisterGetUserProfile"/>
    <testcase name="Last Name matches saved variable" time="0.021" classname="ApiV1AuthRegisterGetUserProfile"/>
    <testcase name="Check if email is verified" time="0.021" classname="ApiV1AuthRegisterGetUserProfile"/>
    <testcase name="Response time is less than 600ms" time="0.021" classname="ApiV1AuthRegisterGetUserProfile"/>
    <testcase name="Response matches profile schema" time="0.021" classname="ApiV1AuthRegisterGetUserProfile"/>
  </testsuite>
  <testsuite name="api / v1 / auth / register / Update user profile" id="c93f96c3-8559-4be4-b923-b2ff8fec4021" timestamp="2025-10-06T22:22:31.540Z" tests="2" failures="0" errors="0" time="0.021">
    <testcase name="Status code is 200" time="0.021" classname="ApiV1AuthRegisterUpdateUserProfile"/>
    <testcase name="Response time is less than 600ms" time="0.021" classname="ApiV1AuthRegisterUpdateUserProfile"/>
  </testsuite>
</testsuites>