<?xml version="1.0" encoding="UTF-8"?>
<testsuites name="QA Challenge" tests="3" time="0.694">
  <testsuite name="api / v1 / auth / register / Login with email and password" id="e3cbe578-999f-4c51-a549-9819215e8f48" timestamp="2025-10-15T12:54:58.029Z" tests="3" failures="0" errors="0" time="0.646">
    <testcase name="Status code is 200" time="0.646" classname="ApiV1AuthRegisterLoginWithEmailAndPassword"/>
    <testcase name="Login success flag" time="0.646" classname="ApiV1AuthRegisterLoginWithEmailAndPassword"/>
    <testcase name="Email is verified" time="0.646" classname="ApiV1AuthRegisterLoginWithEmailAndPassword"/>
  </testsuite>
  <testsuite name="api / v1 / auth / register / Get user profile" id="2adf5329-e219-49f8-837c-84b1002bc758" timestamp="2025-10-15T12:54:58.029Z" tests="8" failures="0" errors="0" time="0.024">
    <testcase name="Status code is 200" time="0.024" classname="ApiV1AuthRegisterGetUserProfile"/>
    <testcase name="User email matches saved variable" time="0.024" classname="ApiV1AuthRegisterGetUserProfile"/>
    <testcase name="User ID matches saved variable" time="0.024" classname="ApiV1AuthRegisterGetUserProfile"/>
    <testcase name="First Name matches saved variable" time="0.024" classname="ApiV1AuthRegisterGetUserProfile"/>
    <testcase name="Last Name matches saved variable" time="0.024" classname="ApiV1AuthRegisterGetUserProfile"/>
    <testcase name="Check if email is verified" time="0.024" classname="ApiV1AuthRegisterGetUserProfile"/>
    <testcase name="Response time is less than 600ms" time="0.024" classname="ApiV1AuthRegisterGetUserProfile"/>
    <testcase name="Response matches profile schema" time="0.024" classname="ApiV1AuthRegisterGetUserProfile"/>
  </testsuite>
  <testsuite name="api / v1 / auth / register / Update user profile" id="72196c15-6ef7-4823-918d-b0534258ed0e" timestamp="2025-10-15T12:54:58.029Z" tests="2" failures="0" errors="0" time="0.024">
    <testcase name="Status code is 200" time="0.024" classname="ApiV1AuthRegisterUpdateUserProfile"/>
    <testcase name="Response time is less than 600ms" time="0.024" classname="ApiV1AuthRegisterUpdateUserProfile"/>
  </testsuite>
</testsuites>