<?xml version="1.0" encoding="UTF-8"?>
<testsuites name="QA Challenge" tests="3" time="0.694">
  <testsuite name="api / v1 / auth / register / Login with email and password" id="9a1a4284-664d-48f2-8073-456d0ede5348" timestamp="2025-10-15T20:28:31.902Z" tests="3" failures="0" errors="0" time="0.625">
    <testcase name="Status code is 200" time="0.625" classname="ApiV1AuthRegisterLoginWithEmailAndPassword"/>
    <testcase name="Login success flag" time="0.625" classname="ApiV1AuthRegisterLoginWithEmailAndPassword"/>
    <testcase name="Email is verified" time="0.625" classname="ApiV1AuthRegisterLoginWithEmailAndPassword"/>
  </testsuite>
  <testsuite name="api / v1 / auth / register / Get user profile" id="44970877-a9bb-404a-9733-69f4627c132f" timestamp="2025-10-15T20:28:31.902Z" tests="8" failures="0" errors="0" time="0.035">
    <testcase name="Status code is 200" time="0.035" classname="ApiV1AuthRegisterGetUserProfile"/>
    <testcase name="User email matches saved variable" time="0.035" classname="ApiV1AuthRegisterGetUserProfile"/>
    <testcase name="User ID matches saved variable" time="0.035" classname="ApiV1AuthRegisterGetUserProfile"/>
    <testcase name="First Name matches saved variable" time="0.035" classname="ApiV1AuthRegisterGetUserProfile"/>
    <testcase name="Last Name matches saved variable" time="0.035" classname="ApiV1AuthRegisterGetUserProfile"/>
    <testcase name="Check if email is verified" time="0.035" classname="ApiV1AuthRegisterGetUserProfile"/>
    <testcase name="Response time is less than 600ms" time="0.035" classname="ApiV1AuthRegisterGetUserProfile"/>
    <testcase name="Response matches profile schema" time="0.035" classname="ApiV1AuthRegisterGetUserProfile"/>
  </testsuite>
  <testsuite name="api / v1 / auth / register / Update user profile" id="a1720b31-24aa-4082-880d-7155279e9209" timestamp="2025-10-15T20:28:31.902Z" tests="2" failures="0" errors="0" time="0.034">
    <testcase name="Status code is 200" time="0.034" classname="ApiV1AuthRegisterUpdateUserProfile"/>
    <testcase name="Response time is less than 600ms" time="0.034" classname="ApiV1AuthRegisterUpdateUserProfile"/>
  </testsuite>
</testsuites>