<?xml version="1.0" encoding="UTF-8"?>
<testsuites name="QA Challenge" tests="3" time="0.847">
  <testsuite name="api / v1 / auth / register / Login with email and password" id="00aca3e2-8a52-4e16-9f89-ddee5bc52cbf" timestamp="2025-10-07T20:26:51.729Z" tests="3" failures="0" errors="0" time="0.746">
    <testcase name="Status code is 200" time="0.746" classname="ApiV1AuthRegisterLoginWithEmailAndPassword"/>
    <testcase name="Login success flag" time="0.746" classname="ApiV1AuthRegisterLoginWithEmailAndPassword"/>
    <testcase name="Email is verified" time="0.746" classname="ApiV1AuthRegisterLoginWithEmailAndPassword"/>
  </testsuite>
  <testsuite name="api / v1 / auth / register / Get user profile" id="ee449e7f-5345-47b5-8ca7-daa6c25ae262" timestamp="2025-10-07T20:26:51.729Z" tests="8" failures="0" errors="0" time="0.049">
    <testcase name="Status code is 200" time="0.049" classname="ApiV1AuthRegisterGetUserProfile"/>
    <testcase name="User email matches saved variable" time="0.049" classname="ApiV1AuthRegisterGetUserProfile"/>
    <testcase name="User ID matches saved variable" time="0.049" classname="ApiV1AuthRegisterGetUserProfile"/>
    <testcase name="First Name matches saved variable" time="0.049" classname="ApiV1AuthRegisterGetUserProfile"/>
    <testcase name="Last Name matches saved variable" time="0.049" classname="ApiV1AuthRegisterGetUserProfile"/>
    <testcase name="Check if email is verified" time="0.049" classname="ApiV1AuthRegisterGetUserProfile"/>
    <testcase name="Response time is less than 600ms" time="0.049" classname="ApiV1AuthRegisterGetUserProfile"/>
    <testcase name="Response matches profile schema" time="0.049" classname="ApiV1AuthRegisterGetUserProfile"/>
  </testsuite>
  <testsuite name="api / v1 / auth / register / Update user profile" id="9de77c95-93c0-4450-b757-3e51afd8e0d6" timestamp="2025-10-07T20:26:51.729Z" tests="2" failures="0" errors="0" time="0.052">
    <testcase name="Status code is 200" time="0.052" classname="ApiV1AuthRegisterUpdateUserProfile"/>
    <testcase name="Response time is less than 600ms" time="0.052" classname="ApiV1AuthRegisterUpdateUserProfile"/>
  </testsuite>
</testsuites>