<?xml version="1.0" encoding="UTF-8"?>
<testsuites name="QA Challenge" tests="3" time="0.854">
  <testsuite name="api / v1 / auth / register / Login with email and password" id="51266d53-92f0-4399-b2aa-d4209284fc8d" timestamp="2025-10-09T03:04:31.366Z" tests="3" failures="0" errors="0" time="0.733">
    <testcase name="Status code is 200" time="0.733" classname="ApiV1AuthRegisterLoginWithEmailAndPassword"/>
    <testcase name="Login success flag" time="0.733" classname="ApiV1AuthRegisterLoginWithEmailAndPassword"/>
    <testcase name="Email is verified" time="0.733" classname="ApiV1AuthRegisterLoginWithEmailAndPassword"/>
  </testsuite>
  <testsuite name="api / v1 / auth / register / Get user profile" id="24f80ecc-0557-4554-aef9-e14a127990e1" timestamp="2025-10-09T03:04:31.366Z" tests="8" failures="0" errors="0" time="0.046">
    <testcase name="Status code is 200" time="0.046" classname="ApiV1AuthRegisterGetUserProfile"/>
    <testcase name="User email matches saved variable" time="0.046" classname="ApiV1AuthRegisterGetUserProfile"/>
    <testcase name="User ID matches saved variable" time="0.046" classname="ApiV1AuthRegisterGetUserProfile"/>
    <testcase name="First Name matches saved variable" time="0.046" classname="ApiV1AuthRegisterGetUserProfile"/>
    <testcase name="Last Name matches saved variable" time="0.046" classname="ApiV1AuthRegisterGetUserProfile"/>
    <testcase name="Check if email is verified" time="0.046" classname="ApiV1AuthRegisterGetUserProfile"/>
    <testcase name="Response time is less than 600ms" time="0.046" classname="ApiV1AuthRegisterGetUserProfile"/>
    <testcase name="Response matches profile schema" time="0.046" classname="ApiV1AuthRegisterGetUserProfile"/>
  </testsuite>
  <testsuite name="api / v1 / auth / register / Update user profile" id="0fd3017d-c89f-4131-97d7-79d479e68c06" timestamp="2025-10-09T03:04:31.366Z" tests="2" failures="0" errors="0" time="0.075">
    <testcase name="Status code is 200" time="0.075" classname="ApiV1AuthRegisterUpdateUserProfile"/>
    <testcase name="Response time is less than 600ms" time="0.075" classname="ApiV1AuthRegisterUpdateUserProfile"/>
  </testsuite>
</testsuites>