<?xml version="1.0" encoding="UTF-8"?>
<testsuites name="QA Challenge" tests="3" time="0.965">
  <testsuite name="api / v1 / auth / register / Login with email and password" id="b3d72d4f-2927-4223-9de3-e5f1bb188d5b" timestamp="2025-10-14T04:29:33.701Z" tests="3" failures="0" errors="0" time="0.784">
    <testcase name="Status code is 200" time="0.784" classname="ApiV1AuthRegisterLoginWithEmailAndPassword"/>
    <testcase name="Login success flag" time="0.784" classname="ApiV1AuthRegisterLoginWithEmailAndPassword"/>
    <testcase name="Email is verified" time="0.784" classname="ApiV1AuthRegisterLoginWithEmailAndPassword"/>
  </testsuite>
  <testsuite name="api / v1 / auth / register / Get user profile" id="01f27fef-3d7a-4e51-bdd9-d75d015fe87e" timestamp="2025-10-14T04:29:33.701Z" tests="8" failures="0" errors="0" time="0.090">
    <testcase name="Status code is 200" time="0.090" classname="ApiV1AuthRegisterGetUserProfile"/>
    <testcase name="User email matches saved variable" time="0.090" classname="ApiV1AuthRegisterGetUserProfile"/>
    <testcase name="User ID matches saved variable" time="0.090" classname="ApiV1AuthRegisterGetUserProfile"/>
    <testcase name="First Name matches saved variable" time="0.090" classname="ApiV1AuthRegisterGetUserProfile"/>
    <testcase name="Last Name matches saved variable" time="0.090" classname="ApiV1AuthRegisterGetUserProfile"/>
    <testcase name="Check if email is verified" time="0.090" classname="ApiV1AuthRegisterGetUserProfile"/>
    <testcase name="Response time is less than 600ms" time="0.090" classname="ApiV1AuthRegisterGetUserProfile"/>
    <testcase name="Response matches profile schema" time="0.090" classname="ApiV1AuthRegisterGetUserProfile"/>
  </testsuite>
  <testsuite name="api / v1 / auth / register / Update user profile" id="14950390-1469-4aa4-88bc-567b169539f7" timestamp="2025-10-14T04:29:33.701Z" tests="2" failures="0" errors="0" time="0.091">
    <testcase name="Status code is 200" time="0.091" classname="ApiV1AuthRegisterUpdateUserProfile"/>
    <testcase name="Response time is less than 600ms" time="0.091" classname="ApiV1AuthRegisterUpdateUserProfile"/>
  </testsuite>
</testsuites>