<?xml version="1.0" encoding="UTF-8"?>
<testsuites name="QA Challenge" tests="3" time="1.000">
  <testsuite name="api / v1 / auth / register / Login with email and password" id="b2ffb6d6-7e75-4b31-b9ab-dc6c8f46560c" timestamp="2025-10-15T18:37:08.279Z" tests="3" failures="0" errors="0" time="0.812">
    <testcase name="Status code is 200" time="0.812" classname="ApiV1AuthRegisterLoginWithEmailAndPassword"/>
    <testcase name="Login success flag" time="0.812" classname="ApiV1AuthRegisterLoginWithEmailAndPassword"/>
    <testcase name="Email is verified" time="0.812" classname="ApiV1AuthRegisterLoginWithEmailAndPassword"/>
  </testsuite>
  <testsuite name="api / v1 / auth / register / Get user profile" id="b02196b7-e292-42bb-8f75-2ecacc4f6940" timestamp="2025-10-15T18:37:08.279Z" tests="8" failures="0" errors="0" time="0.094">
    <testcase name="Status code is 200" time="0.094" classname="ApiV1AuthRegisterGetUserProfile"/>
    <testcase name="User email matches saved variable" time="0.094" classname="ApiV1AuthRegisterGetUserProfile"/>
    <testcase name="User ID matches saved variable" time="0.094" classname="ApiV1AuthRegisterGetUserProfile"/>
    <testcase name="First Name matches saved variable" time="0.094" classname="ApiV1AuthRegisterGetUserProfile"/>
    <testcase name="Last Name matches saved variable" time="0.094" classname="ApiV1AuthRegisterGetUserProfile"/>
    <testcase name="Check if email is verified" time="0.094" classname="ApiV1AuthRegisterGetUserProfile"/>
    <testcase name="Response time is less than 600ms" time="0.094" classname="ApiV1AuthRegisterGetUserProfile"/>
    <testcase name="Response matches profile schema" time="0.094" classname="ApiV1AuthRegisterGetUserProfile"/>
  </testsuite>
  <testsuite name="api / v1 / auth / register / Update user profile" id="0429c07d-38bc-4fbb-ac74-dcb2bd7f42cb" timestamp="2025-10-15T18:37:08.279Z" tests="2" failures="0" errors="0" time="0.094">
    <testcase name="Status code is 200" time="0.094" classname="ApiV1AuthRegisterUpdateUserProfile"/>
    <testcase name="Response time is less than 600ms" time="0.094" classname="ApiV1AuthRegisterUpdateUserProfile"/>
  </testsuite>
</testsuites>