<?xml version="1.0" encoding="UTF-8"?>
<testsuites name="QA Challenge" tests="3" time="0.795">
  <testsuite name="api / v1 / auth / register / Login with email and password" id="4b3f3d88-a818-49b6-9309-655eabaa7aa0" timestamp="2025-10-04T18:31:36.202Z" tests="3" failures="0" errors="0" time="0.718">
    <testcase name="Status code is 200" time="0.718" classname="ApiV1AuthRegisterLoginWithEmailAndPassword"/>
    <testcase name="Login success flag" time="0.718" classname="ApiV1AuthRegisterLoginWithEmailAndPassword"/>
    <testcase name="Email is verified" time="0.718" classname="ApiV1AuthRegisterLoginWithEmailAndPassword"/>
  </testsuite>
  <testsuite name="api / v1 / auth / register / Get user profile" id="2526905b-9660-4874-9652-f26080c6b97a" timestamp="2025-10-04T18:31:36.202Z" tests="8" failures="0" errors="0" time="0.038">
    <testcase name="Status code is 200" time="0.038" classname="ApiV1AuthRegisterGetUserProfile"/>
    <testcase name="User email matches saved variable" time="0.038" classname="ApiV1AuthRegisterGetUserProfile"/>
    <testcase name="User ID matches saved variable" time="0.038" classname="ApiV1AuthRegisterGetUserProfile"/>
    <testcase name="First Name matches saved variable" time="0.038" classname="ApiV1AuthRegisterGetUserProfile"/>
    <testcase name="Last Name matches saved variable" time="0.038" classname="ApiV1AuthRegisterGetUserProfile"/>
    <testcase name="Check if email is verified" time="0.038" classname="ApiV1AuthRegisterGetUserProfile"/>
    <testcase name="Response time is less than 600ms" time="0.038" classname="ApiV1AuthRegisterGetUserProfile"/>
    <testcase name="Response matches profile schema" time="0.038" classname="ApiV1AuthRegisterGetUserProfile"/>
  </testsuite>
  <testsuite name="api / v1 / auth / register / Update user profile" id="71ef6873-ccc6-44e5-bb0b-dcbf413f37f8" timestamp="2025-10-04T18:31:36.202Z" tests="2" failures="0" errors="0" time="0.039">
    <testcase name="Status code is 200" time="0.039" classname="ApiV1AuthRegisterUpdateUserProfile"/>
    <testcase name="Response time is less than 600ms" time="0.039" classname="ApiV1AuthRegisterUpdateUserProfile"/>
  </testsuite>
</testsuites>