<?xml version="1.0" encoding="UTF-8"?>
<testsuites name="QA Challenge" tests="3" time="1.017">
  <testsuite name="api / v1 / auth / register / Login with email and password" id="58165d1d-e802-44a4-86b2-5c1343f08232" timestamp="2025-10-04T01:47:37.494Z" tests="3" failures="0" errors="0" time="0.866">
    <testcase name="Status code is 200" time="0.866" classname="ApiV1AuthRegisterLoginWithEmailAndPassword"/>
    <testcase name="Login success flag" time="0.866" classname="ApiV1AuthRegisterLoginWithEmailAndPassword"/>
    <testcase name="Email is verified" time="0.866" classname="ApiV1AuthRegisterLoginWithEmailAndPassword"/>
  </testsuite>
  <testsuite name="api / v1 / auth / register / Get user profile" id="3f833e13-f2fa-4b0b-bb61-6a159a3151af" timestamp="2025-10-04T01:47:37.494Z" tests="8" failures="0" errors="0" time="0.074">
    <testcase name="Status code is 200" time="0.074" classname="ApiV1AuthRegisterGetUserProfile"/>
    <testcase name="User email matches saved variable" time="0.074" classname="ApiV1AuthRegisterGetUserProfile"/>
    <testcase name="User ID matches saved variable" time="0.074" classname="ApiV1AuthRegisterGetUserProfile"/>
    <testcase name="First Name matches saved variable" time="0.074" classname="ApiV1AuthRegisterGetUserProfile"/>
    <testcase name="Last Name matches saved variable" time="0.074" classname="ApiV1AuthRegisterGetUserProfile"/>
    <testcase name="Check if email is verified" time="0.074" classname="ApiV1AuthRegisterGetUserProfile"/>
    <testcase name="Response time is less than 600ms" time="0.074" classname="ApiV1AuthRegisterGetUserProfile"/>
    <testcase name="Response matches profile schema" time="0.074" classname="ApiV1AuthRegisterGetUserProfile"/>
  </testsuite>
  <testsuite name="api / v1 / auth / register / Update user profile" id="cfbcc0c9-8508-4830-8514-4aa6d8d039a1" timestamp="2025-10-04T01:47:37.494Z" tests="2" failures="0" errors="0" time="0.077">
    <testcase name="Status code is 200" time="0.077" classname="ApiV1AuthRegisterUpdateUserProfile"/>
    <testcase name="Response time is less than 600ms" time="0.077" classname="ApiV1AuthRegisterUpdateUserProfile"/>
  </testsuite>
</testsuites>