<?xml version="1.0" encoding="UTF-8"?>
<testsuites name="QA Challenge" tests="3" time="0.898">
  <testsuite name="api / v1 / auth / register / Login with email and password" id="f5f60f1c-ba32-4682-9bc7-ed78a8ae9f56" timestamp="2025-10-13T02:01:47.163Z" tests="3" failures="0" errors="0" time="0.734">
    <testcase name="Status code is 200" time="0.734" classname="ApiV1AuthRegisterLoginWithEmailAndPassword"/>
    <testcase name="Login success flag" time="0.734" classname="ApiV1AuthRegisterLoginWithEmailAndPassword"/>
    <testcase name="Email is verified" time="0.734" classname="ApiV1AuthRegisterLoginWithEmailAndPassword"/>
  </testsuite>
  <testsuite name="api / v1 / auth / register / Get user profile" id="b8471642-13f9-4e8d-be9e-19379fa8abec" timestamp="2025-10-13T02:01:47.163Z" tests="8" failures="0" errors="0" time="0.084">
    <testcase name="Status code is 200" time="0.084" classname="ApiV1AuthRegisterGetUserProfile"/>
    <testcase name="User email matches saved variable" time="0.084" classname="ApiV1AuthRegisterGetUserProfile"/>
    <testcase name="User ID matches saved variable" time="0.084" classname="ApiV1AuthRegisterGetUserProfile"/>
    <testcase name="First Name matches saved variable" time="0.084" classname="ApiV1AuthRegisterGetUserProfile"/>
    <testcase name="Last Name matches saved variable" time="0.084" classname="ApiV1AuthRegisterGetUserProfile"/>
    <testcase name="Check if email is verified" time="0.084" classname="ApiV1AuthRegisterGetUserProfile"/>
    <testcase name="Response time is less than 600ms" time="0.084" classname="ApiV1AuthRegisterGetUserProfile"/>
    <testcase name="Response matches profile schema" time="0.084" classname="ApiV1AuthRegisterGetUserProfile"/>
  </testsuite>
  <testsuite name="api / v1 / auth / register / Update user profile" id="67d4c513-8f22-4be6-b8fe-78ebb2e64f5e" timestamp="2025-10-13T02:01:47.163Z" tests="2" failures="0" errors="0" time="0.080">
    <testcase name="Status code is 200" time="0.080" classname="ApiV1AuthRegisterUpdateUserProfile"/>
    <testcase name="Response time is less than 600ms" time="0.080" classname="ApiV1AuthRegisterUpdateUserProfile"/>
  </testsuite>
</testsuites>