<?xml version="1.0" encoding="UTF-8"?>
<testsuites name="QA Challenge" tests="3" time="0.938">
  <testsuite name="api / v1 / auth / register / Login with email and password" id="2b4f4063-0fbf-4c75-b33b-aad7af9ccdf3" timestamp="2025-10-12T10:23:55.345Z" tests="3" failures="0" errors="0" time="0.767">
    <testcase name="Status code is 200" time="0.767" classname="ApiV1AuthRegisterLoginWithEmailAndPassword"/>
    <testcase name="Login success flag" time="0.767" classname="ApiV1AuthRegisterLoginWithEmailAndPassword"/>
    <testcase name="Email is verified" time="0.767" classname="ApiV1AuthRegisterLoginWithEmailAndPassword"/>
  </testsuite>
  <testsuite name="api / v1 / auth / register / Get user profile" id="a44b0592-2c87-482a-9575-708c015c6256" timestamp="2025-10-12T10:23:55.345Z" tests="8" failures="0" errors="0" time="0.086">
    <testcase name="Status code is 200" time="0.086" classname="ApiV1AuthRegisterGetUserProfile"/>
    <testcase name="User email matches saved variable" time="0.086" classname="ApiV1AuthRegisterGetUserProfile"/>
    <testcase name="User ID matches saved variable" time="0.086" classname="ApiV1AuthRegisterGetUserProfile"/>
    <testcase name="First Name matches saved variable" time="0.086" classname="ApiV1AuthRegisterGetUserProfile"/>
    <testcase name="Last Name matches saved variable" time="0.086" classname="ApiV1AuthRegisterGetUserProfile"/>
    <testcase name="Check if email is verified" time="0.086" classname="ApiV1AuthRegisterGetUserProfile"/>
    <testcase name="Response time is less than 600ms" time="0.086" classname="ApiV1AuthRegisterGetUserProfile"/>
    <testcase name="Response matches profile schema" time="0.086" classname="ApiV1AuthRegisterGetUserProfile"/>
  </testsuite>
  <testsuite name="api / v1 / auth / register / Update user profile" id="09553256-1f2b-4d54-938c-9ac8e2153e07" timestamp="2025-10-12T10:23:55.345Z" tests="2" failures="0" errors="0" time="0.085">
    <testcase name="Status code is 200" time="0.085" classname="ApiV1AuthRegisterUpdateUserProfile"/>
    <testcase name="Response time is less than 600ms" time="0.085" classname="ApiV1AuthRegisterUpdateUserProfile"/>
  </testsuite>
</testsuites>