<?xml version="1.0" encoding="UTF-8"?>
<testsuites name="QA Challenge" tests="3" time="0.796">
  <testsuite name="api / v1 / auth / register / Login with email and password" id="4479b5f7-7952-4f53-9666-9820f8082596" timestamp="2025-10-08T16:31:31.070Z" tests="3" failures="0" errors="0" time="0.717">
    <testcase name="Status code is 200" time="0.717" classname="ApiV1AuthRegisterLoginWithEmailAndPassword"/>
    <testcase name="Login success flag" time="0.717" classname="ApiV1AuthRegisterLoginWithEmailAndPassword"/>
    <testcase name="Email is verified" time="0.717" classname="ApiV1AuthRegisterLoginWithEmailAndPassword"/>
  </testsuite>
  <testsuite name="api / v1 / auth / register / Get user profile" id="fae49588-563b-4df2-b54d-9abba4899554" timestamp="2025-10-08T16:31:31.070Z" tests="8" failures="0" errors="0" time="0.040">
    <testcase name="Status code is 200" time="0.040" classname="ApiV1AuthRegisterGetUserProfile"/>
    <testcase name="User email matches saved variable" time="0.040" classname="ApiV1AuthRegisterGetUserProfile"/>
    <testcase name="User ID matches saved variable" time="0.040" classname="ApiV1AuthRegisterGetUserProfile"/>
    <testcase name="First Name matches saved variable" time="0.040" classname="ApiV1AuthRegisterGetUserProfile"/>
    <testcase name="Last Name matches saved variable" time="0.040" classname="ApiV1AuthRegisterGetUserProfile"/>
    <testcase name="Check if email is verified" time="0.040" classname="ApiV1AuthRegisterGetUserProfile"/>
    <testcase name="Response time is less than 600ms" time="0.040" classname="ApiV1AuthRegisterGetUserProfile"/>
    <testcase name="Response matches profile schema" time="0.040" classname="ApiV1AuthRegisterGetUserProfile"/>
  </testsuite>
  <testsuite name="api / v1 / auth / register / Update user profile" id="5557ce55-8a99-4ee6-9a18-cfb8b1096ad2" timestamp="2025-10-08T16:31:31.070Z" tests="2" failures="0" errors="0" time="0.039">
    <testcase name="Status code is 200" time="0.039" classname="ApiV1AuthRegisterUpdateUserProfile"/>
    <testcase name="Response time is less than 600ms" time="0.039" classname="ApiV1AuthRegisterUpdateUserProfile"/>
  </testsuite>
</testsuites>