<?xml version="1.0" encoding="UTF-8"?>
<testsuites name="QA Challenge" tests="3" time="0.975">
  <testsuite name="api / v1 / auth / register / Login with email and password" id="b3a8af93-335c-48ee-9a01-64877936a08b" timestamp="2025-10-05T04:27:00.928Z" tests="3" failures="0" errors="0" time="0.800">
    <testcase name="Status code is 200" time="0.800" classname="ApiV1AuthRegisterLoginWithEmailAndPassword"/>
    <testcase name="Login success flag" time="0.800" classname="ApiV1AuthRegisterLoginWithEmailAndPassword"/>
    <testcase name="Email is verified" time="0.800" classname="ApiV1AuthRegisterLoginWithEmailAndPassword"/>
  </testsuite>
  <testsuite name="api / v1 / auth / register / Get user profile" id="c8980be3-e933-40a8-9989-21334566c1b1" timestamp="2025-10-05T04:27:00.928Z" tests="8" failures="0" errors="0" time="0.085">
    <testcase name="Status code is 200" time="0.085" classname="ApiV1AuthRegisterGetUserProfile"/>
    <testcase name="User email matches saved variable" time="0.085" classname="ApiV1AuthRegisterGetUserProfile"/>
    <testcase name="User ID matches saved variable" time="0.085" classname="ApiV1AuthRegisterGetUserProfile"/>
    <testcase name="First Name matches saved variable" time="0.085" classname="ApiV1AuthRegisterGetUserProfile"/>
    <testcase name="Last Name matches saved variable" time="0.085" classname="ApiV1AuthRegisterGetUserProfile"/>
    <testcase name="Check if email is verified" time="0.085" classname="ApiV1AuthRegisterGetUserProfile"/>
    <testcase name="Response time is less than 600ms" time="0.085" classname="ApiV1AuthRegisterGetUserProfile"/>
    <testcase name="Response matches profile schema" time="0.085" classname="ApiV1AuthRegisterGetUserProfile"/>
  </testsuite>
  <testsuite name="api / v1 / auth / register / Update user profile" id="87186312-1f22-4bbe-a43b-7232777c2a75" timestamp="2025-10-05T04:27:00.928Z" tests="2" failures="0" errors="0" time="0.090">
    <testcase name="Status code is 200" time="0.090" classname="ApiV1AuthRegisterUpdateUserProfile"/>
    <testcase name="Response time is less than 600ms" time="0.090" classname="ApiV1AuthRegisterUpdateUserProfile"/>
  </testsuite>
</testsuites>