<?xml version="1.0" encoding="UTF-8"?>
<testsuites name="QA Challenge" tests="3" time="0.718">
  <testsuite name="api / v1 / auth / register / Login with email and password" id="c0af1561-9a73-4b6a-a055-ccc2997bf093" timestamp="2025-10-03T22:21:39.310Z" tests="3" failures="0" errors="0" time="0.644">
    <testcase name="Status code is 200" time="0.644" classname="ApiV1AuthRegisterLoginWithEmailAndPassword"/>
    <testcase name="Login success flag" time="0.644" classname="ApiV1AuthRegisterLoginWithEmailAndPassword"/>
    <testcase name="Email is verified" time="0.644" classname="ApiV1AuthRegisterLoginWithEmailAndPassword"/>
  </testsuite>
  <testsuite name="api / v1 / auth / register / Get user profile" id="d329bafc-e7bc-4d90-8cc3-29234f84eeff" timestamp="2025-10-03T22:21:39.310Z" tests="8" failures="0" errors="0" time="0.040">
    <testcase name="Status code is 200" time="0.040" classname="ApiV1AuthRegisterGetUserProfile"/>
    <testcase name="User email matches saved variable" time="0.040" classname="ApiV1AuthRegisterGetUserProfile"/>
    <testcase name="User ID matches saved variable" time="0.040" classname="ApiV1AuthRegisterGetUserProfile"/>
    <testcase name="First Name matches saved variable" time="0.040" classname="ApiV1AuthRegisterGetUserProfile"/>
    <testcase name="Last Name matches saved variable" time="0.040" classname="ApiV1AuthRegisterGetUserProfile"/>
    <testcase name="Check if email is verified" time="0.040" classname="ApiV1AuthRegisterGetUserProfile"/>
    <testcase name="Response time is less than 600ms" time="0.040" classname="ApiV1AuthRegisterGetUserProfile"/>
    <testcase name="Response matches profile schema" time="0.040" classname="ApiV1AuthRegisterGetUserProfile"/>
  </testsuite>
  <testsuite name="api / v1 / auth / register / Update user profile" id="e3f6880e-3871-410e-ad79-f1a885a9f53b" timestamp="2025-10-03T22:21:39.310Z" tests="2" failures="0" errors="0" time="0.034">
    <testcase name="Status code is 200" time="0.034" classname="ApiV1AuthRegisterUpdateUserProfile"/>
    <testcase name="Response time is less than 600ms" time="0.034" classname="ApiV1AuthRegisterUpdateUserProfile"/>
  </testsuite>
</testsuites>