<?xml version="1.0" encoding="UTF-8"?>
<testsuites name="QA Challenge" tests="3" time="0.956">
  <testsuite name="api / v1 / auth / register / Login with email and password" id="fa7742d2-27db-4f9d-a9d8-b4ff8472d8e0" timestamp="2025-10-12T08:28:56.457Z" tests="3" failures="0" errors="0" time="0.800">
    <testcase name="Status code is 200" time="0.800" classname="ApiV1AuthRegisterLoginWithEmailAndPassword"/>
    <testcase name="Login success flag" time="0.800" classname="ApiV1AuthRegisterLoginWithEmailAndPassword"/>
    <testcase name="Email is verified" time="0.800" classname="ApiV1AuthRegisterLoginWithEmailAndPassword"/>
  </testsuite>
  <testsuite name="api / v1 / auth / register / Get user profile" id="d6d109ef-283b-433c-a2b9-121548409b04" timestamp="2025-10-12T08:28:56.457Z" tests="8" failures="0" errors="0" time="0.081">
    <testcase name="Status code is 200" time="0.081" classname="ApiV1AuthRegisterGetUserProfile"/>
    <testcase name="User email matches saved variable" time="0.081" classname="ApiV1AuthRegisterGetUserProfile"/>
    <testcase name="User ID matches saved variable" time="0.081" classname="ApiV1AuthRegisterGetUserProfile"/>
    <testcase name="First Name matches saved variable" time="0.081" classname="ApiV1AuthRegisterGetUserProfile"/>
    <testcase name="Last Name matches saved variable" time="0.081" classname="ApiV1AuthRegisterGetUserProfile"/>
    <testcase name="Check if email is verified" time="0.081" classname="ApiV1AuthRegisterGetUserProfile"/>
    <testcase name="Response time is less than 600ms" time="0.081" classname="ApiV1AuthRegisterGetUserProfile"/>
    <testcase name="Response matches profile schema" time="0.081" classname="ApiV1AuthRegisterGetUserProfile"/>
  </testsuite>
  <testsuite name="api / v1 / auth / register / Update user profile" id="1416311a-a628-4c31-93da-cf8080ab03dc" timestamp="2025-10-12T08:28:56.457Z" tests="2" failures="0" errors="0" time="0.075">
    <testcase name="Status code is 200" time="0.075" classname="ApiV1AuthRegisterUpdateUserProfile"/>
    <testcase name="Response time is less than 600ms" time="0.075" classname="ApiV1AuthRegisterUpdateUserProfile"/>
  </testsuite>
</testsuites>