<?xml version="1.0" encoding="UTF-8"?>
<testsuites name="QA Challenge" tests="3" time="0.885">
  <testsuite name="api / v1 / auth / register / Login with email and password" id="a502e386-a51d-4653-8b01-b652d9563db8" timestamp="2025-10-08T22:23:53.105Z" tests="3" failures="0" errors="0" time="0.749">
    <testcase name="Status code is 200" time="0.749" classname="ApiV1AuthRegisterLoginWithEmailAndPassword"/>
    <testcase name="Login success flag" time="0.749" classname="ApiV1AuthRegisterLoginWithEmailAndPassword"/>
    <testcase name="Email is verified" time="0.749" classname="ApiV1AuthRegisterLoginWithEmailAndPassword"/>
  </testsuite>
  <testsuite name="api / v1 / auth / register / Get user profile" id="82d37e79-ce27-4025-a463-f8373d8f5760" timestamp="2025-10-08T22:23:53.105Z" tests="8" failures="0" errors="0" time="0.067">
    <testcase name="Status code is 200" time="0.067" classname="ApiV1AuthRegisterGetUserProfile"/>
    <testcase name="User email matches saved variable" time="0.067" classname="ApiV1AuthRegisterGetUserProfile"/>
    <testcase name="User ID matches saved variable" time="0.067" classname="ApiV1AuthRegisterGetUserProfile"/>
    <testcase name="First Name matches saved variable" time="0.067" classname="ApiV1AuthRegisterGetUserProfile"/>
    <testcase name="Last Name matches saved variable" time="0.067" classname="ApiV1AuthRegisterGetUserProfile"/>
    <testcase name="Check if email is verified" time="0.067" classname="ApiV1AuthRegisterGetUserProfile"/>
    <testcase name="Response time is less than 600ms" time="0.067" classname="ApiV1AuthRegisterGetUserProfile"/>
    <testcase name="Response matches profile schema" time="0.067" classname="ApiV1AuthRegisterGetUserProfile"/>
  </testsuite>
  <testsuite name="api / v1 / auth / register / Update user profile" id="ba6813c3-6116-4d7c-9680-31499e3c9528" timestamp="2025-10-08T22:23:53.105Z" tests="2" failures="0" errors="0" time="0.069">
    <testcase name="Status code is 200" time="0.069" classname="ApiV1AuthRegisterUpdateUserProfile"/>
    <testcase name="Response time is less than 600ms" time="0.069" classname="ApiV1AuthRegisterUpdateUserProfile"/>
  </testsuite>
</testsuites>