<?xml version="1.0" encoding="UTF-8"?>
<testsuites name="QA Challenge" tests="3" time="0.827">
  <testsuite name="api / v1 / auth / register / Login with email and password" id="f09d34d5-d28f-4ee8-9644-e7bae82a39b6" timestamp="2025-10-17T12:53:21.297Z" tests="3" failures="0" errors="0" time="0.735">
    <testcase name="Status code is 200" time="0.735" classname="ApiV1AuthRegisterLoginWithEmailAndPassword"/>
    <testcase name="Login success flag" time="0.735" classname="ApiV1AuthRegisterLoginWithEmailAndPassword"/>
    <testcase name="Email is verified" time="0.735" classname="ApiV1AuthRegisterLoginWithEmailAndPassword"/>
  </testsuite>
  <testsuite name="api / v1 / auth / register / Get user profile" id="710553c6-86a1-48b0-bf8e-42c7742704e2" timestamp="2025-10-17T12:53:21.297Z" tests="8" failures="0" errors="0" time="0.044">
    <testcase name="Status code is 200" time="0.044" classname="ApiV1AuthRegisterGetUserProfile"/>
    <testcase name="User email matches saved variable" time="0.044" classname="ApiV1AuthRegisterGetUserProfile"/>
    <testcase name="User ID matches saved variable" time="0.044" classname="ApiV1AuthRegisterGetUserProfile"/>
    <testcase name="First Name matches saved variable" time="0.044" classname="ApiV1AuthRegisterGetUserProfile"/>
    <testcase name="Last Name matches saved variable" time="0.044" classname="ApiV1AuthRegisterGetUserProfile"/>
    <testcase name="Check if email is verified" time="0.044" classname="ApiV1AuthRegisterGetUserProfile"/>
    <testcase name="Response time is less than 600ms" time="0.044" classname="ApiV1AuthRegisterGetUserProfile"/>
    <testcase name="Response matches profile schema" time="0.044" classname="ApiV1AuthRegisterGetUserProfile"/>
  </testsuite>
  <testsuite name="api / v1 / auth / register / Update user profile" id="8dda333f-5c22-43cc-ac43-33438760b0b4" timestamp="2025-10-17T12:53:21.297Z" tests="2" failures="0" errors="0" time="0.048">
    <testcase name="Status code is 200" time="0.048" classname="ApiV1AuthRegisterUpdateUserProfile"/>
    <testcase name="Response time is less than 600ms" time="0.048" classname="ApiV1AuthRegisterUpdateUserProfile"/>
  </testsuite>
</testsuites>