<?xml version="1.0" encoding="UTF-8"?>
<testsuites name="QA Challenge" tests="3" time="0.708">
  <testsuite name="api / v1 / auth / register / Login with email and password" id="f302df0d-47e8-4217-9d49-4019dc1a459d" timestamp="2025-10-17T20:27:31.158Z" tests="3" failures="0" errors="0" time="0.650">
    <testcase name="Status code is 200" time="0.650" classname="ApiV1AuthRegisterLoginWithEmailAndPassword"/>
    <testcase name="Login success flag" time="0.650" classname="ApiV1AuthRegisterLoginWithEmailAndPassword"/>
    <testcase name="Email is verified" time="0.650" classname="ApiV1AuthRegisterLoginWithEmailAndPassword"/>
  </testsuite>
  <testsuite name="api / v1 / auth / register / Get user profile" id="db72c5d9-1fdc-4c70-85b3-fc567bc6b005" timestamp="2025-10-17T20:27:31.158Z" tests="8" failures="0" errors="0" time="0.027">
    <testcase name="Status code is 200" time="0.027" classname="ApiV1AuthRegisterGetUserProfile"/>
    <testcase name="User email matches saved variable" time="0.027" classname="ApiV1AuthRegisterGetUserProfile"/>
    <testcase name="User ID matches saved variable" time="0.027" classname="ApiV1AuthRegisterGetUserProfile"/>
    <testcase name="First Name matches saved variable" time="0.027" classname="ApiV1AuthRegisterGetUserProfile"/>
    <testcase name="Last Name matches saved variable" time="0.027" classname="ApiV1AuthRegisterGetUserProfile"/>
    <testcase name="Check if email is verified" time="0.027" classname="ApiV1AuthRegisterGetUserProfile"/>
    <testcase name="Response time is less than 600ms" time="0.027" classname="ApiV1AuthRegisterGetUserProfile"/>
    <testcase name="Response matches profile schema" time="0.027" classname="ApiV1AuthRegisterGetUserProfile"/>
  </testsuite>
  <testsuite name="api / v1 / auth / register / Update user profile" id="e6cbd202-5d02-4b8c-880e-5decfed1e463" timestamp="2025-10-17T20:27:31.158Z" tests="2" failures="0" errors="0" time="0.031">
    <testcase name="Status code is 200" time="0.031" classname="ApiV1AuthRegisterUpdateUserProfile"/>
    <testcase name="Response time is less than 600ms" time="0.031" classname="ApiV1AuthRegisterUpdateUserProfile"/>
  </testsuite>
</testsuites>