<?xml version="1.0" encoding="UTF-8"?>
<testsuites name="QA Challenge" tests="3" time="0.823">
  <testsuite name="api / v1 / auth / register / Login with email and password" id="a585be10-2bfa-4515-a1e9-b31e2e2ca96f" timestamp="2025-10-04T22:21:19.077Z" tests="3" failures="0" errors="0" time="0.699">
    <testcase name="Status code is 200" time="0.699" classname="ApiV1AuthRegisterLoginWithEmailAndPassword"/>
    <testcase name="Login success flag" time="0.699" classname="ApiV1AuthRegisterLoginWithEmailAndPassword"/>
    <testcase name="Email is verified" time="0.699" classname="ApiV1AuthRegisterLoginWithEmailAndPassword"/>
  </testsuite>
  <testsuite name="api / v1 / auth / register / Get user profile" id="db7c6040-5ae8-4931-9ced-f1c017b7f5cc" timestamp="2025-10-04T22:21:19.077Z" tests="8" failures="0" errors="0" time="0.062">
    <testcase name="Status code is 200" time="0.062" classname="ApiV1AuthRegisterGetUserProfile"/>
    <testcase name="User email matches saved variable" time="0.062" classname="ApiV1AuthRegisterGetUserProfile"/>
    <testcase name="User ID matches saved variable" time="0.062" classname="ApiV1AuthRegisterGetUserProfile"/>
    <testcase name="First Name matches saved variable" time="0.062" classname="ApiV1AuthRegisterGetUserProfile"/>
    <testcase name="Last Name matches saved variable" time="0.062" classname="ApiV1AuthRegisterGetUserProfile"/>
    <testcase name="Check if email is verified" time="0.062" classname="ApiV1AuthRegisterGetUserProfile"/>
    <testcase name="Response time is less than 600ms" time="0.062" classname="ApiV1AuthRegisterGetUserProfile"/>
    <testcase name="Response matches profile schema" time="0.062" classname="ApiV1AuthRegisterGetUserProfile"/>
  </testsuite>
  <testsuite name="api / v1 / auth / register / Update user profile" id="90c01501-d729-4765-aa1c-cb386bf5db16" timestamp="2025-10-04T22:21:19.077Z" tests="2" failures="0" errors="0" time="0.062">
    <testcase name="Status code is 200" time="0.062" classname="ApiV1AuthRegisterUpdateUserProfile"/>
    <testcase name="Response time is less than 600ms" time="0.062" classname="ApiV1AuthRegisterUpdateUserProfile"/>
  </testsuite>
</testsuites>