<?xml version="1.0" encoding="UTF-8"?>
<testsuites name="QA Challenge" tests="3" time="1.089">
  <testsuite name="api / v1 / auth / register / Login with email and password" id="2307b496-75cb-4a9c-826d-dfabdebc113f" timestamp="2025-10-14T01:54:45.983Z" tests="3" failures="0" errors="0" time="0.901">
    <testcase name="Status code is 200" time="0.901" classname="ApiV1AuthRegisterLoginWithEmailAndPassword"/>
    <testcase name="Login success flag" time="0.901" classname="ApiV1AuthRegisterLoginWithEmailAndPassword"/>
    <testcase name="Email is verified" time="0.901" classname="ApiV1AuthRegisterLoginWithEmailAndPassword"/>
  </testsuite>
  <testsuite name="api / v1 / auth / register / Get user profile" id="8600f422-3123-4605-a63b-487cc1f351f6" timestamp="2025-10-14T01:54:45.983Z" tests="8" failures="0" errors="0" time="0.094">
    <testcase name="Status code is 200" time="0.094" classname="ApiV1AuthRegisterGetUserProfile"/>
    <testcase name="User email matches saved variable" time="0.094" classname="ApiV1AuthRegisterGetUserProfile"/>
    <testcase name="User ID matches saved variable" time="0.094" classname="ApiV1AuthRegisterGetUserProfile"/>
    <testcase name="First Name matches saved variable" time="0.094" classname="ApiV1AuthRegisterGetUserProfile"/>
    <testcase name="Last Name matches saved variable" time="0.094" classname="ApiV1AuthRegisterGetUserProfile"/>
    <testcase name="Check if email is verified" time="0.094" classname="ApiV1AuthRegisterGetUserProfile"/>
    <testcase name="Response time is less than 600ms" time="0.094" classname="ApiV1AuthRegisterGetUserProfile"/>
    <testcase name="Response matches profile schema" time="0.094" classname="ApiV1AuthRegisterGetUserProfile"/>
  </testsuite>
  <testsuite name="api / v1 / auth / register / Update user profile" id="d21b70f6-1c16-4431-aaab-ce72373c7d05" timestamp="2025-10-14T01:54:45.983Z" tests="2" failures="0" errors="0" time="0.094">
    <testcase name="Status code is 200" time="0.094" classname="ApiV1AuthRegisterUpdateUserProfile"/>
    <testcase name="Response time is less than 600ms" time="0.094" classname="ApiV1AuthRegisterUpdateUserProfile"/>
  </testsuite>
</testsuites>