<?xml version="1.0" encoding="UTF-8"?>
<testsuites name="QA Challenge" tests="3" time="0.685">
  <testsuite name="api / v1 / auth / register / Login with email and password" id="30b8eac6-d683-4a76-8a24-80cd86288296" timestamp="2025-10-06T06:37:34.662Z" tests="3" failures="0" errors="0" time="0.604">
    <testcase name="Status code is 200" time="0.604" classname="ApiV1AuthRegisterLoginWithEmailAndPassword"/>
    <testcase name="Login success flag" time="0.604" classname="ApiV1AuthRegisterLoginWithEmailAndPassword"/>
    <testcase name="Email is verified" time="0.604" classname="ApiV1AuthRegisterLoginWithEmailAndPassword"/>
  </testsuite>
  <testsuite name="api / v1 / auth / register / Get user profile" id="f2a47295-aeea-44fe-a710-1ce8d45ddbf2" timestamp="2025-10-06T06:37:34.662Z" tests="8" failures="0" errors="0" time="0.040">
    <testcase name="Status code is 200" time="0.040" classname="ApiV1AuthRegisterGetUserProfile"/>
    <testcase name="User email matches saved variable" time="0.040" classname="ApiV1AuthRegisterGetUserProfile"/>
    <testcase name="User ID matches saved variable" time="0.040" classname="ApiV1AuthRegisterGetUserProfile"/>
    <testcase name="First Name matches saved variable" time="0.040" classname="ApiV1AuthRegisterGetUserProfile"/>
    <testcase name="Last Name matches saved variable" time="0.040" classname="ApiV1AuthRegisterGetUserProfile"/>
    <testcase name="Check if email is verified" time="0.040" classname="ApiV1AuthRegisterGetUserProfile"/>
    <testcase name="Response time is less than 600ms" time="0.040" classname="ApiV1AuthRegisterGetUserProfile"/>
    <testcase name="Response matches profile schema" time="0.040" classname="ApiV1AuthRegisterGetUserProfile"/>
  </testsuite>
  <testsuite name="api / v1 / auth / register / Update user profile" id="87ab1d34-2645-4dc0-94a0-56c70e8a7577" timestamp="2025-10-06T06:37:34.662Z" tests="2" failures="0" errors="0" time="0.041">
    <testcase name="Status code is 200" time="0.041" classname="ApiV1AuthRegisterUpdateUserProfile"/>
    <testcase name="Response time is less than 600ms" time="0.041" classname="ApiV1AuthRegisterUpdateUserProfile"/>
  </testsuite>
</testsuites>