<?xml version="1.0" encoding="UTF-8"?>
<testsuites name="QA Challenge" tests="3" time="0.836">
  <testsuite name="api / v1 / auth / register / Login with email and password" id="fb893c37-fdce-4bd7-903c-95689df310ad" timestamp="2025-10-05T12:46:01.840Z" tests="3" failures="0" errors="0" time="0.736">
    <testcase name="Status code is 200" time="0.736" classname="ApiV1AuthRegisterLoginWithEmailAndPassword"/>
    <testcase name="Login success flag" time="0.736" classname="ApiV1AuthRegisterLoginWithEmailAndPassword"/>
    <testcase name="Email is verified" time="0.736" classname="ApiV1AuthRegisterLoginWithEmailAndPassword"/>
  </testsuite>
  <testsuite name="api / v1 / auth / register / Get user profile" id="62fafb68-1aa5-46c0-a4a2-7d1b2dc22f8d" timestamp="2025-10-05T12:46:01.840Z" tests="8" failures="0" errors="0" time="0.049">
    <testcase name="Status code is 200" time="0.049" classname="ApiV1AuthRegisterGetUserProfile"/>
    <testcase name="User email matches saved variable" time="0.049" classname="ApiV1AuthRegisterGetUserProfile"/>
    <testcase name="User ID matches saved variable" time="0.049" classname="ApiV1AuthRegisterGetUserProfile"/>
    <testcase name="First Name matches saved variable" time="0.049" classname="ApiV1AuthRegisterGetUserProfile"/>
    <testcase name="Last Name matches saved variable" time="0.049" classname="ApiV1AuthRegisterGetUserProfile"/>
    <testcase name="Check if email is verified" time="0.049" classname="ApiV1AuthRegisterGetUserProfile"/>
    <testcase name="Response time is less than 600ms" time="0.049" classname="ApiV1AuthRegisterGetUserProfile"/>
    <testcase name="Response matches profile schema" time="0.049" classname="ApiV1AuthRegisterGetUserProfile"/>
  </testsuite>
  <testsuite name="api / v1 / auth / register / Update user profile" id="aa712959-b075-4ffd-a8fc-57a55c70efd2" timestamp="2025-10-05T12:46:01.840Z" tests="2" failures="0" errors="0" time="0.051">
    <testcase name="Status code is 200" time="0.051" classname="ApiV1AuthRegisterUpdateUserProfile"/>
    <testcase name="Response time is less than 600ms" time="0.051" classname="ApiV1AuthRegisterUpdateUserProfile"/>
  </testsuite>
</testsuites>