<?xml version="1.0" encoding="UTF-8"?>
<testsuites name="QA Challenge" tests="3" time="0.924">
  <testsuite name="api / v1 / auth / register / Login with email and password" id="ac6de4ac-fb79-410b-9b43-7a55622d3d95" timestamp="2025-10-05T16:27:06.657Z" tests="3" failures="0" errors="0" time="0.798">
    <testcase name="Status code is 200" time="0.798" classname="ApiV1AuthRegisterLoginWithEmailAndPassword"/>
    <testcase name="Login success flag" time="0.798" classname="ApiV1AuthRegisterLoginWithEmailAndPassword"/>
    <testcase name="Email is verified" time="0.798" classname="ApiV1AuthRegisterLoginWithEmailAndPassword"/>
  </testsuite>
  <testsuite name="api / v1 / auth / register / Get user profile" id="e58a8038-f6f1-4c40-b980-2d05a68382cc" timestamp="2025-10-05T16:27:06.657Z" tests="8" failures="0" errors="0" time="0.063">
    <testcase name="Status code is 200" time="0.063" classname="ApiV1AuthRegisterGetUserProfile"/>
    <testcase name="User email matches saved variable" time="0.063" classname="ApiV1AuthRegisterGetUserProfile"/>
    <testcase name="User ID matches saved variable" time="0.063" classname="ApiV1AuthRegisterGetUserProfile"/>
    <testcase name="First Name matches saved variable" time="0.063" classname="ApiV1AuthRegisterGetUserProfile"/>
    <testcase name="Last Name matches saved variable" time="0.063" classname="ApiV1AuthRegisterGetUserProfile"/>
    <testcase name="Check if email is verified" time="0.063" classname="ApiV1AuthRegisterGetUserProfile"/>
    <testcase name="Response time is less than 600ms" time="0.063" classname="ApiV1AuthRegisterGetUserProfile"/>
    <testcase name="Response matches profile schema" time="0.063" classname="ApiV1AuthRegisterGetUserProfile"/>
  </testsuite>
  <testsuite name="api / v1 / auth / register / Update user profile" id="3f4da8c2-d08a-44b6-9e5b-8dacd030863a" timestamp="2025-10-05T16:27:06.657Z" tests="2" failures="0" errors="0" time="0.063">
    <testcase name="Status code is 200" time="0.063" classname="ApiV1AuthRegisterUpdateUserProfile"/>
    <testcase name="Response time is less than 600ms" time="0.063" classname="ApiV1AuthRegisterUpdateUserProfile"/>
  </testsuite>
</testsuites>