<?xml version="1.0" encoding="UTF-8"?>
<testsuites name="QA Challenge" tests="3" time="0.859">
  <testsuite name="api / v1 / auth / register / Login with email and password" id="e4dd754a-0a7f-4804-9d26-3b13e692df82" timestamp="2025-10-06T08:33:18.534Z" tests="3" failures="0" errors="0" time="0.691">
    <testcase name="Status code is 200" time="0.691" classname="ApiV1AuthRegisterLoginWithEmailAndPassword"/>
    <testcase name="Login success flag" time="0.691" classname="ApiV1AuthRegisterLoginWithEmailAndPassword"/>
    <testcase name="Email is verified" time="0.691" classname="ApiV1AuthRegisterLoginWithEmailAndPassword"/>
  </testsuite>
  <testsuite name="api / v1 / auth / register / Get user profile" id="d038d3b2-f125-4273-b105-42df104e5354" timestamp="2025-10-06T08:33:18.534Z" tests="8" failures="0" errors="0" time="0.085">
    <testcase name="Status code is 200" time="0.085" classname="ApiV1AuthRegisterGetUserProfile"/>
    <testcase name="User email matches saved variable" time="0.085" classname="ApiV1AuthRegisterGetUserProfile"/>
    <testcase name="User ID matches saved variable" time="0.085" classname="ApiV1AuthRegisterGetUserProfile"/>
    <testcase name="First Name matches saved variable" time="0.085" classname="ApiV1AuthRegisterGetUserProfile"/>
    <testcase name="Last Name matches saved variable" time="0.085" classname="ApiV1AuthRegisterGetUserProfile"/>
    <testcase name="Check if email is verified" time="0.085" classname="ApiV1AuthRegisterGetUserProfile"/>
    <testcase name="Response time is less than 600ms" time="0.085" classname="ApiV1AuthRegisterGetUserProfile"/>
    <testcase name="Response matches profile schema" time="0.085" classname="ApiV1AuthRegisterGetUserProfile"/>
  </testsuite>
  <testsuite name="api / v1 / auth / register / Update user profile" id="670909df-eeb4-46a6-a088-a1c2cedd07c2" timestamp="2025-10-06T08:33:18.534Z" tests="2" failures="0" errors="0" time="0.083">
    <testcase name="Status code is 200" time="0.083" classname="ApiV1AuthRegisterUpdateUserProfile"/>
    <testcase name="Response time is less than 600ms" time="0.083" classname="ApiV1AuthRegisterUpdateUserProfile"/>
  </testsuite>
</testsuites>