<?xml version="1.0" encoding="UTF-8"?>
<testsuites name="QA Challenge" tests="3" time="0.917">
  <testsuite name="api / v1 / auth / register / Login with email and password" id="e9238608-8d2e-4d7a-9b0a-3569f43cddec" timestamp="2025-10-18T08:30:07.983Z" tests="3" failures="0" errors="0" time="0.744">
    <testcase name="Status code is 200" time="0.744" classname="ApiV1AuthRegisterLoginWithEmailAndPassword"/>
    <testcase name="Login success flag" time="0.744" classname="ApiV1AuthRegisterLoginWithEmailAndPassword"/>
    <testcase name="Email is verified" time="0.744" classname="ApiV1AuthRegisterLoginWithEmailAndPassword"/>
  </testsuite>
  <testsuite name="api / v1 / auth / register / Get user profile" id="189f8c6f-6b4a-494a-bc10-f399ec87fa4e" timestamp="2025-10-18T08:30:07.983Z" tests="8" failures="0" errors="0" time="0.087">
    <testcase name="Status code is 200" time="0.087" classname="ApiV1AuthRegisterGetUserProfile"/>
    <testcase name="User email matches saved variable" time="0.087" classname="ApiV1AuthRegisterGetUserProfile"/>
    <testcase name="User ID matches saved variable" time="0.087" classname="ApiV1AuthRegisterGetUserProfile"/>
    <testcase name="First Name matches saved variable" time="0.087" classname="ApiV1AuthRegisterGetUserProfile"/>
    <testcase name="Last Name matches saved variable" time="0.087" classname="ApiV1AuthRegisterGetUserProfile"/>
    <testcase name="Check if email is verified" time="0.087" classname="ApiV1AuthRegisterGetUserProfile"/>
    <testcase name="Response time is less than 600ms" time="0.087" classname="ApiV1AuthRegisterGetUserProfile"/>
    <testcase name="Response matches profile schema" time="0.087" classname="ApiV1AuthRegisterGetUserProfile"/>
  </testsuite>
  <testsuite name="api / v1 / auth / register / Update user profile" id="c30004e7-d379-4acb-861a-d0cb7e9697e6" timestamp="2025-10-18T08:30:07.983Z" tests="2" failures="0" errors="0" time="0.086">
    <testcase name="Status code is 200" time="0.086" classname="ApiV1AuthRegisterUpdateUserProfile"/>
    <testcase name="Response time is less than 600ms" time="0.086" classname="ApiV1AuthRegisterUpdateUserProfile"/>
  </testsuite>
</testsuites>