<?xml version="1.0" encoding="UTF-8"?>
<testsuites name="QA Challenge" tests="3" time="0.992">
  <testsuite name="api / v1 / auth / register / Login with email and password" id="65246067-f9af-40a4-9abc-4bbe997b18a1" timestamp="2025-10-11T18:29:52.279Z" tests="3" failures="0" errors="0" time="0.812">
    <testcase name="Status code is 200" time="0.812" classname="ApiV1AuthRegisterLoginWithEmailAndPassword"/>
    <testcase name="Login success flag" time="0.812" classname="ApiV1AuthRegisterLoginWithEmailAndPassword"/>
    <testcase name="Email is verified" time="0.812" classname="ApiV1AuthRegisterLoginWithEmailAndPassword"/>
  </testsuite>
  <testsuite name="api / v1 / auth / register / Get user profile" id="ca278db9-a18f-4d87-982b-525a6bbb4d62" timestamp="2025-10-11T18:29:52.279Z" tests="8" failures="0" errors="0" time="0.090">
    <testcase name="Status code is 200" time="0.090" classname="ApiV1AuthRegisterGetUserProfile"/>
    <testcase name="User email matches saved variable" time="0.090" classname="ApiV1AuthRegisterGetUserProfile"/>
    <testcase name="User ID matches saved variable" time="0.090" classname="ApiV1AuthRegisterGetUserProfile"/>
    <testcase name="First Name matches saved variable" time="0.090" classname="ApiV1AuthRegisterGetUserProfile"/>
    <testcase name="Last Name matches saved variable" time="0.090" classname="ApiV1AuthRegisterGetUserProfile"/>
    <testcase name="Check if email is verified" time="0.090" classname="ApiV1AuthRegisterGetUserProfile"/>
    <testcase name="Response time is less than 600ms" time="0.090" classname="ApiV1AuthRegisterGetUserProfile"/>
    <testcase name="Response matches profile schema" time="0.090" classname="ApiV1AuthRegisterGetUserProfile"/>
  </testsuite>
  <testsuite name="api / v1 / auth / register / Update user profile" id="69d4b0bc-b994-4654-bd2a-7b625fdd487c" timestamp="2025-10-11T18:29:52.279Z" tests="2" failures="0" errors="0" time="0.090">
    <testcase name="Status code is 200" time="0.090" classname="ApiV1AuthRegisterUpdateUserProfile"/>
    <testcase name="Response time is less than 600ms" time="0.090" classname="ApiV1AuthRegisterUpdateUserProfile"/>
  </testsuite>
</testsuites>