<?xml version="1.0" encoding="UTF-8"?>
<testsuites name="QA Challenge" tests="3" time="0.746">
  <testsuite name="api / v1 / auth / register / Login with email and password" id="67f5b14e-876e-466f-bb60-7294c7e98492" timestamp="2025-10-05T22:21:42.883Z" tests="3" failures="0" errors="0" time="0.665">
    <testcase name="Status code is 200" time="0.665" classname="ApiV1AuthRegisterLoginWithEmailAndPassword"/>
    <testcase name="Login success flag" time="0.665" classname="ApiV1AuthRegisterLoginWithEmailAndPassword"/>
    <testcase name="Email is verified" time="0.665" classname="ApiV1AuthRegisterLoginWithEmailAndPassword"/>
  </testsuite>
  <testsuite name="api / v1 / auth / register / Get user profile" id="ab8f531c-9557-4d56-bce1-f24b28e40a58" timestamp="2025-10-05T22:21:42.883Z" tests="8" failures="0" errors="0" time="0.038">
    <testcase name="Status code is 200" time="0.038" classname="ApiV1AuthRegisterGetUserProfile"/>
    <testcase name="User email matches saved variable" time="0.038" classname="ApiV1AuthRegisterGetUserProfile"/>
    <testcase name="User ID matches saved variable" time="0.038" classname="ApiV1AuthRegisterGetUserProfile"/>
    <testcase name="First Name matches saved variable" time="0.038" classname="ApiV1AuthRegisterGetUserProfile"/>
    <testcase name="Last Name matches saved variable" time="0.038" classname="ApiV1AuthRegisterGetUserProfile"/>
    <testcase name="Check if email is verified" time="0.038" classname="ApiV1AuthRegisterGetUserProfile"/>
    <testcase name="Response time is less than 600ms" time="0.038" classname="ApiV1AuthRegisterGetUserProfile"/>
    <testcase name="Response matches profile schema" time="0.038" classname="ApiV1AuthRegisterGetUserProfile"/>
  </testsuite>
  <testsuite name="api / v1 / auth / register / Update user profile" id="49a4184d-ff37-46e6-941c-7e5f88c19000" timestamp="2025-10-05T22:21:42.883Z" tests="2" failures="0" errors="0" time="0.043">
    <testcase name="Status code is 200" time="0.043" classname="ApiV1AuthRegisterUpdateUserProfile"/>
    <testcase name="Response time is less than 600ms" time="0.043" classname="ApiV1AuthRegisterUpdateUserProfile"/>
  </testsuite>
</testsuites>