<?xml version="1.0" encoding="UTF-8"?>
<testsuites name="QA Challenge" tests="3" time="0.676">
  <testsuite name="api / v1 / auth / register / Login with email and password" id="931fc8a7-2af8-4b0e-bb95-05f7ce67aad2" timestamp="2025-10-11T16:26:35.278Z" tests="3" failures="0" errors="0" time="0.626">
    <testcase name="Status code is 200" time="0.626" classname="ApiV1AuthRegisterLoginWithEmailAndPassword"/>
    <testcase name="Login success flag" time="0.626" classname="ApiV1AuthRegisterLoginWithEmailAndPassword"/>
    <testcase name="Email is verified" time="0.626" classname="ApiV1AuthRegisterLoginWithEmailAndPassword"/>
  </testsuite>
  <testsuite name="api / v1 / auth / register / Get user profile" id="5f08c2b3-1454-4979-80dd-d995781a50b7" timestamp="2025-10-11T16:26:35.278Z" tests="8" failures="0" errors="0" time="0.023">
    <testcase name="Status code is 200" time="0.023" classname="ApiV1AuthRegisterGetUserProfile"/>
    <testcase name="User email matches saved variable" time="0.023" classname="ApiV1AuthRegisterGetUserProfile"/>
    <testcase name="User ID matches saved variable" time="0.023" classname="ApiV1AuthRegisterGetUserProfile"/>
    <testcase name="First Name matches saved variable" time="0.023" classname="ApiV1AuthRegisterGetUserProfile"/>
    <testcase name="Last Name matches saved variable" time="0.023" classname="ApiV1AuthRegisterGetUserProfile"/>
    <testcase name="Check if email is verified" time="0.023" classname="ApiV1AuthRegisterGetUserProfile"/>
    <testcase name="Response time is less than 600ms" time="0.023" classname="ApiV1AuthRegisterGetUserProfile"/>
    <testcase name="Response matches profile schema" time="0.023" classname="ApiV1AuthRegisterGetUserProfile"/>
  </testsuite>
  <testsuite name="api / v1 / auth / register / Update user profile" id="bc006609-412c-438b-a57c-68e3a1222457" timestamp="2025-10-11T16:26:35.278Z" tests="2" failures="0" errors="0" time="0.027">
    <testcase name="Status code is 200" time="0.027" classname="ApiV1AuthRegisterUpdateUserProfile"/>
    <testcase name="Response time is less than 600ms" time="0.027" classname="ApiV1AuthRegisterUpdateUserProfile"/>
  </testsuite>
</testsuites>