<?xml version="1.0" encoding="UTF-8"?>
<testsuites name="QA Challenge" tests="3" time="0.656">
  <testsuite name="api / v1 / auth / register / Login with email and password" id="cd1fa023-9e04-4f52-ad71-e5a403eb7131" timestamp="2025-10-14T10:27:30.421Z" tests="3" failures="0" errors="0" time="0.605">
    <testcase name="Status code is 200" time="0.605" classname="ApiV1AuthRegisterLoginWithEmailAndPassword"/>
    <testcase name="Login success flag" time="0.605" classname="ApiV1AuthRegisterLoginWithEmailAndPassword"/>
    <testcase name="Email is verified" time="0.605" classname="ApiV1AuthRegisterLoginWithEmailAndPassword"/>
  </testsuite>
  <testsuite name="api / v1 / auth / register / Get user profile" id="2e8dc6f7-13a1-4100-a92a-f698476ff8c5" timestamp="2025-10-14T10:27:30.421Z" tests="8" failures="0" errors="0" time="0.024">
    <testcase name="Status code is 200" time="0.024" classname="ApiV1AuthRegisterGetUserProfile"/>
    <testcase name="User email matches saved variable" time="0.024" classname="ApiV1AuthRegisterGetUserProfile"/>
    <testcase name="User ID matches saved variable" time="0.024" classname="ApiV1AuthRegisterGetUserProfile"/>
    <testcase name="First Name matches saved variable" time="0.024" classname="ApiV1AuthRegisterGetUserProfile"/>
    <testcase name="Last Name matches saved variable" time="0.024" classname="ApiV1AuthRegisterGetUserProfile"/>
    <testcase name="Check if email is verified" time="0.024" classname="ApiV1AuthRegisterGetUserProfile"/>
    <testcase name="Response time is less than 600ms" time="0.024" classname="ApiV1AuthRegisterGetUserProfile"/>
    <testcase name="Response matches profile schema" time="0.024" classname="ApiV1AuthRegisterGetUserProfile"/>
  </testsuite>
  <testsuite name="api / v1 / auth / register / Update user profile" id="a413dfde-ff61-47cf-8538-9bdf8d62cc32" timestamp="2025-10-14T10:27:30.421Z" tests="2" failures="0" errors="0" time="0.027">
    <testcase name="Status code is 200" time="0.027" classname="ApiV1AuthRegisterUpdateUserProfile"/>
    <testcase name="Response time is less than 600ms" time="0.027" classname="ApiV1AuthRegisterUpdateUserProfile"/>
  </testsuite>
</testsuites>