<?xml version="1.0" encoding="UTF-8"?>
<testsuites name="QA Challenge" tests="3" time="0.694">
  <testsuite name="api / v1 / auth / register / Login with email and password" id="a06f476a-01a7-4d5f-a3ed-bb3b251ba353" timestamp="2025-10-03T14:23:14.631Z" tests="3" failures="0" errors="0" time="0.605">
    <testcase name="Status code is 200" time="0.605" classname="ApiV1AuthRegisterLoginWithEmailAndPassword"/>
    <testcase name="Login success flag" time="0.605" classname="ApiV1AuthRegisterLoginWithEmailAndPassword"/>
    <testcase name="Email is verified" time="0.605" classname="ApiV1AuthRegisterLoginWithEmailAndPassword"/>
  </testsuite>
  <testsuite name="api / v1 / auth / register / Get user profile" id="7b5c6732-b361-444b-974a-8033fb580f31" timestamp="2025-10-03T14:23:14.631Z" tests="8" failures="0" errors="0" time="0.045">
    <testcase name="Status code is 200" time="0.045" classname="ApiV1AuthRegisterGetUserProfile"/>
    <testcase name="User email matches saved variable" time="0.045" classname="ApiV1AuthRegisterGetUserProfile"/>
    <testcase name="User ID matches saved variable" time="0.045" classname="ApiV1AuthRegisterGetUserProfile"/>
    <testcase name="First Name matches saved variable" time="0.045" classname="ApiV1AuthRegisterGetUserProfile"/>
    <testcase name="Last Name matches saved variable" time="0.045" classname="ApiV1AuthRegisterGetUserProfile"/>
    <testcase name="Check if email is verified" time="0.045" classname="ApiV1AuthRegisterGetUserProfile"/>
    <testcase name="Response time is less than 600ms" time="0.045" classname="ApiV1AuthRegisterGetUserProfile"/>
    <testcase name="Response matches profile schema" time="0.045" classname="ApiV1AuthRegisterGetUserProfile"/>
  </testsuite>
  <testsuite name="api / v1 / auth / register / Update user profile" id="612bffd8-3643-4c6f-812d-2c457e538bcf" timestamp="2025-10-03T14:23:14.631Z" tests="2" failures="0" errors="0" time="0.044">
    <testcase name="Status code is 200" time="0.044" classname="ApiV1AuthRegisterUpdateUserProfile"/>
    <testcase name="Response time is less than 600ms" time="0.044" classname="ApiV1AuthRegisterUpdateUserProfile"/>
  </testsuite>
</testsuites>