<?xml version="1.0" encoding="UTF-8"?>
<testsuites name="QA Challenge" tests="3" time="0.745">
  <testsuite name="api / v1 / auth / register / Login with email and password" id="2574901b-8a2a-4122-8272-9ac1a8cbf54b" timestamp="2025-10-17T06:36:13.905Z" tests="3" failures="0" errors="0" time="0.687">
    <testcase name="Status code is 200" time="0.687" classname="ApiV1AuthRegisterLoginWithEmailAndPassword"/>
    <testcase name="Login success flag" time="0.687" classname="ApiV1AuthRegisterLoginWithEmailAndPassword"/>
    <testcase name="Email is verified" time="0.687" classname="ApiV1AuthRegisterLoginWithEmailAndPassword"/>
  </testsuite>
  <testsuite name="api / v1 / auth / register / Get user profile" id="9350fad2-64bb-4c75-ab72-91b1c0307efa" timestamp="2025-10-17T06:36:13.905Z" tests="8" failures="0" errors="0" time="0.029">
    <testcase name="Status code is 200" time="0.029" classname="ApiV1AuthRegisterGetUserProfile"/>
    <testcase name="User email matches saved variable" time="0.029" classname="ApiV1AuthRegisterGetUserProfile"/>
    <testcase name="User ID matches saved variable" time="0.029" classname="ApiV1AuthRegisterGetUserProfile"/>
    <testcase name="First Name matches saved variable" time="0.029" classname="ApiV1AuthRegisterGetUserProfile"/>
    <testcase name="Last Name matches saved variable" time="0.029" classname="ApiV1AuthRegisterGetUserProfile"/>
    <testcase name="Check if email is verified" time="0.029" classname="ApiV1AuthRegisterGetUserProfile"/>
    <testcase name="Response time is less than 600ms" time="0.029" classname="ApiV1AuthRegisterGetUserProfile"/>
    <testcase name="Response matches profile schema" time="0.029" classname="ApiV1AuthRegisterGetUserProfile"/>
  </testsuite>
  <testsuite name="api / v1 / auth / register / Update user profile" id="a663e3ec-15fe-4279-9485-a002db4dcaae" timestamp="2025-10-17T06:36:13.905Z" tests="2" failures="0" errors="0" time="0.029">
    <testcase name="Status code is 200" time="0.029" classname="ApiV1AuthRegisterUpdateUserProfile"/>
    <testcase name="Response time is less than 600ms" time="0.029" classname="ApiV1AuthRegisterUpdateUserProfile"/>
  </testsuite>
</testsuites>