<?xml version="1.0" encoding="UTF-8"?>
<testsuites name="QA Challenge" tests="3" time="0.846">
  <testsuite name="api / v1 / auth / register / Login with email and password" id="aa007631-355a-48d5-a287-2a3a21c8c46c" timestamp="2025-10-15T01:57:41.878Z" tests="3" failures="0" errors="0" time="0.741">
    <testcase name="Status code is 200" time="0.741" classname="ApiV1AuthRegisterLoginWithEmailAndPassword"/>
    <testcase name="Login success flag" time="0.741" classname="ApiV1AuthRegisterLoginWithEmailAndPassword"/>
    <testcase name="Email is verified" time="0.741" classname="ApiV1AuthRegisterLoginWithEmailAndPassword"/>
  </testsuite>
  <testsuite name="api / v1 / auth / register / Get user profile" id="cc888898-69df-4364-8568-0eddfbab47ed" timestamp="2025-10-15T01:57:41.878Z" tests="8" failures="0" errors="0" time="0.054">
    <testcase name="Status code is 200" time="0.054" classname="ApiV1AuthRegisterGetUserProfile"/>
    <testcase name="User email matches saved variable" time="0.054" classname="ApiV1AuthRegisterGetUserProfile"/>
    <testcase name="User ID matches saved variable" time="0.054" classname="ApiV1AuthRegisterGetUserProfile"/>
    <testcase name="First Name matches saved variable" time="0.054" classname="ApiV1AuthRegisterGetUserProfile"/>
    <testcase name="Last Name matches saved variable" time="0.054" classname="ApiV1AuthRegisterGetUserProfile"/>
    <testcase name="Check if email is verified" time="0.054" classname="ApiV1AuthRegisterGetUserProfile"/>
    <testcase name="Response time is less than 600ms" time="0.054" classname="ApiV1AuthRegisterGetUserProfile"/>
    <testcase name="Response matches profile schema" time="0.054" classname="ApiV1AuthRegisterGetUserProfile"/>
  </testsuite>
  <testsuite name="api / v1 / auth / register / Update user profile" id="f0f49046-0af8-47c6-a5e7-ee41642efd60" timestamp="2025-10-15T01:57:41.878Z" tests="2" failures="0" errors="0" time="0.051">
    <testcase name="Status code is 200" time="0.051" classname="ApiV1AuthRegisterUpdateUserProfile"/>
    <testcase name="Response time is less than 600ms" time="0.051" classname="ApiV1AuthRegisterUpdateUserProfile"/>
  </testsuite>
</testsuites>