<?xml version="1.0" encoding="UTF-8"?>
<testsuites name="QA Challenge" tests="3" time="0.933">
  <testsuite name="api / v1 / auth / register / Login with email and password" id="5d6c9cfb-90df-4a01-8b3c-4be1e602a2d5" timestamp="2025-10-16T16:32:46.034Z" tests="3" failures="0" errors="0" time="0.783">
    <testcase name="Status code is 200" time="0.783" classname="ApiV1AuthRegisterLoginWithEmailAndPassword"/>
    <testcase name="Login success flag" time="0.783" classname="ApiV1AuthRegisterLoginWithEmailAndPassword"/>
    <testcase name="Email is verified" time="0.783" classname="ApiV1AuthRegisterLoginWithEmailAndPassword"/>
  </testsuite>
  <testsuite name="api / v1 / auth / register / Get user profile" id="60d47328-280a-4c93-9c38-ce182c51529a" timestamp="2025-10-16T16:32:46.034Z" tests="8" failures="0" errors="0" time="0.073">
    <testcase name="Status code is 200" time="0.073" classname="ApiV1AuthRegisterGetUserProfile"/>
    <testcase name="User email matches saved variable" time="0.073" classname="ApiV1AuthRegisterGetUserProfile"/>
    <testcase name="User ID matches saved variable" time="0.073" classname="ApiV1AuthRegisterGetUserProfile"/>
    <testcase name="First Name matches saved variable" time="0.073" classname="ApiV1AuthRegisterGetUserProfile"/>
    <testcase name="Last Name matches saved variable" time="0.073" classname="ApiV1AuthRegisterGetUserProfile"/>
    <testcase name="Check if email is verified" time="0.073" classname="ApiV1AuthRegisterGetUserProfile"/>
    <testcase name="Response time is less than 600ms" time="0.073" classname="ApiV1AuthRegisterGetUserProfile"/>
    <testcase name="Response matches profile schema" time="0.073" classname="ApiV1AuthRegisterGetUserProfile"/>
  </testsuite>
  <testsuite name="api / v1 / auth / register / Update user profile" id="09887578-f294-4ac4-bdf9-6df2b782deaa" timestamp="2025-10-16T16:32:46.034Z" tests="2" failures="0" errors="0" time="0.077">
    <testcase name="Status code is 200" time="0.077" classname="ApiV1AuthRegisterUpdateUserProfile"/>
    <testcase name="Response time is less than 600ms" time="0.077" classname="ApiV1AuthRegisterUpdateUserProfile"/>
  </testsuite>
</testsuites>