<?xml version="1.0" encoding="UTF-8"?>
<testsuites name="QA Challenge" tests="3" time="0.944">
  <testsuite name="api / v1 / auth / register / Login with email and password" id="12687535-d796-4bd6-a776-9db07bb29856" timestamp="2025-10-03T13:43:56.860Z" tests="3" failures="0" errors="0" time="0.782">
    <testcase name="Status code is 200" time="0.782" classname="ApiV1AuthRegisterLoginWithEmailAndPassword"/>
    <testcase name="Login success flag" time="0.782" classname="ApiV1AuthRegisterLoginWithEmailAndPassword"/>
    <testcase name="Email is verified" time="0.782" classname="ApiV1AuthRegisterLoginWithEmailAndPassword"/>
  </testsuite>
  <testsuite name="api / v1 / auth / register / Get user profile" id="0230c4c5-1dcc-4dd7-b1eb-5c527b39b680" timestamp="2025-10-03T13:43:56.860Z" tests="8" failures="0" errors="0" time="0.082">
    <testcase name="Status code is 200" time="0.082" classname="ApiV1AuthRegisterGetUserProfile"/>
    <testcase name="User email matches saved variable" time="0.082" classname="ApiV1AuthRegisterGetUserProfile"/>
    <testcase name="User ID matches saved variable" time="0.082" classname="ApiV1AuthRegisterGetUserProfile"/>
    <testcase name="First Name matches saved variable" time="0.082" classname="ApiV1AuthRegisterGetUserProfile"/>
    <testcase name="Last Name matches saved variable" time="0.082" classname="ApiV1AuthRegisterGetUserProfile"/>
    <testcase name="Check if email is verified" time="0.082" classname="ApiV1AuthRegisterGetUserProfile"/>
    <testcase name="Response time is less than 600ms" time="0.082" classname="ApiV1AuthRegisterGetUserProfile"/>
    <testcase name="Response matches profile schema" time="0.082" classname="ApiV1AuthRegisterGetUserProfile"/>
  </testsuite>
  <testsuite name="api / v1 / auth / register / Update user profile" id="0f5cc33f-bfb0-4544-95e7-e5cf281fec84" timestamp="2025-10-03T13:43:56.860Z" tests="2" failures="0" errors="0" time="0.080">
    <testcase name="Status code is 200" time="0.080" classname="ApiV1AuthRegisterUpdateUserProfile"/>
    <testcase name="Response time is less than 600ms" time="0.080" classname="ApiV1AuthRegisterUpdateUserProfile"/>
  </testsuite>
</testsuites>