<?xml version="1.0" encoding="UTF-8"?>
<testsuites name="QA Challenge" tests="3" time="0.903">
  <testsuite name="api / v1 / auth / register / Login with email and password" id="a08338ae-ad9d-4462-b18c-fe52633a98c1" timestamp="2025-10-18T01:50:08.417Z" tests="3" failures="0" errors="0" time="0.734">
    <testcase name="Status code is 200" time="0.734" classname="ApiV1AuthRegisterLoginWithEmailAndPassword"/>
    <testcase name="Login success flag" time="0.734" classname="ApiV1AuthRegisterLoginWithEmailAndPassword"/>
    <testcase name="Email is verified" time="0.734" classname="ApiV1AuthRegisterLoginWithEmailAndPassword"/>
  </testsuite>
  <testsuite name="api / v1 / auth / register / Get user profile" id="56d9ccce-c3a8-4da8-8ae6-027c3ca3aa76" timestamp="2025-10-18T01:50:08.417Z" tests="8" failures="0" errors="0" time="0.085">
    <testcase name="Status code is 200" time="0.085" classname="ApiV1AuthRegisterGetUserProfile"/>
    <testcase name="User email matches saved variable" time="0.085" classname="ApiV1AuthRegisterGetUserProfile"/>
    <testcase name="User ID matches saved variable" time="0.085" classname="ApiV1AuthRegisterGetUserProfile"/>
    <testcase name="First Name matches saved variable" time="0.085" classname="ApiV1AuthRegisterGetUserProfile"/>
    <testcase name="Last Name matches saved variable" time="0.085" classname="ApiV1AuthRegisterGetUserProfile"/>
    <testcase name="Check if email is verified" time="0.085" classname="ApiV1AuthRegisterGetUserProfile"/>
    <testcase name="Response time is less than 600ms" time="0.085" classname="ApiV1AuthRegisterGetUserProfile"/>
    <testcase name="Response matches profile schema" time="0.085" classname="ApiV1AuthRegisterGetUserProfile"/>
  </testsuite>
  <testsuite name="api / v1 / auth / register / Update user profile" id="d54f1d66-d01e-49e8-aa5f-3ec3be73f1e7" timestamp="2025-10-18T01:50:08.417Z" tests="2" failures="0" errors="0" time="0.084">
    <testcase name="Status code is 200" time="0.084" classname="ApiV1AuthRegisterUpdateUserProfile"/>
    <testcase name="Response time is less than 600ms" time="0.084" classname="ApiV1AuthRegisterUpdateUserProfile"/>
  </testsuite>
</testsuites>