<?xml version="1.0" encoding="UTF-8"?>
<testsuites name="QA Challenge" tests="3" time="0.945">
  <testsuite name="api / v1 / auth / register / Login with email and password" id="fc88b3f1-ceb1-433c-a51a-f1a6b981c802" timestamp="2025-10-07T10:26:28.293Z" tests="3" failures="0" errors="0" time="0.769">
    <testcase name="Status code is 200" time="0.769" classname="ApiV1AuthRegisterLoginWithEmailAndPassword"/>
    <testcase name="Login success flag" time="0.769" classname="ApiV1AuthRegisterLoginWithEmailAndPassword"/>
    <testcase name="Email is verified" time="0.769" classname="ApiV1AuthRegisterLoginWithEmailAndPassword"/>
  </testsuite>
  <testsuite name="api / v1 / auth / register / Get user profile" id="387585d7-32fb-4636-a889-867e664662c1" timestamp="2025-10-07T10:26:28.293Z" tests="8" failures="0" errors="0" time="0.088">
    <testcase name="Status code is 200" time="0.088" classname="ApiV1AuthRegisterGetUserProfile"/>
    <testcase name="User email matches saved variable" time="0.088" classname="ApiV1AuthRegisterGetUserProfile"/>
    <testcase name="User ID matches saved variable" time="0.088" classname="ApiV1AuthRegisterGetUserProfile"/>
    <testcase name="First Name matches saved variable" time="0.088" classname="ApiV1AuthRegisterGetUserProfile"/>
    <testcase name="Last Name matches saved variable" time="0.088" classname="ApiV1AuthRegisterGetUserProfile"/>
    <testcase name="Check if email is verified" time="0.088" classname="ApiV1AuthRegisterGetUserProfile"/>
    <testcase name="Response time is less than 600ms" time="0.088" classname="ApiV1AuthRegisterGetUserProfile"/>
    <testcase name="Response matches profile schema" time="0.088" classname="ApiV1AuthRegisterGetUserProfile"/>
  </testsuite>
  <testsuite name="api / v1 / auth / register / Update user profile" id="e143a1e3-7651-4ae9-bb00-77cbcd4acecd" timestamp="2025-10-07T10:26:28.293Z" tests="2" failures="0" errors="0" time="0.088">
    <testcase name="Status code is 200" time="0.088" classname="ApiV1AuthRegisterUpdateUserProfile"/>
    <testcase name="Response time is less than 600ms" time="0.088" classname="ApiV1AuthRegisterUpdateUserProfile"/>
  </testsuite>
</testsuites>