<?xml version="1.0" encoding="UTF-8"?>
<testsuites name="QA Challenge" tests="3" time="0.964">
  <testsuite name="api / v1 / auth / register / Login with email and password" id="eb4ab37a-3f30-4239-a66e-f69aacf76554" timestamp="2025-10-04T10:22:59.677Z" tests="3" failures="0" errors="0" time="0.795">
    <testcase name="Status code is 200" time="0.795" classname="ApiV1AuthRegisterLoginWithEmailAndPassword"/>
    <testcase name="Login success flag" time="0.795" classname="ApiV1AuthRegisterLoginWithEmailAndPassword"/>
    <testcase name="Email is verified" time="0.795" classname="ApiV1AuthRegisterLoginWithEmailAndPassword"/>
  </testsuite>
  <testsuite name="api / v1 / auth / register / Get user profile" id="3297aed7-28de-4114-9ec7-52165c3f37d2" timestamp="2025-10-04T10:22:59.677Z" tests="8" failures="0" errors="0" time="0.086">
    <testcase name="Status code is 200" time="0.086" classname="ApiV1AuthRegisterGetUserProfile"/>
    <testcase name="User email matches saved variable" time="0.086" classname="ApiV1AuthRegisterGetUserProfile"/>
    <testcase name="User ID matches saved variable" time="0.086" classname="ApiV1AuthRegisterGetUserProfile"/>
    <testcase name="First Name matches saved variable" time="0.086" classname="ApiV1AuthRegisterGetUserProfile"/>
    <testcase name="Last Name matches saved variable" time="0.086" classname="ApiV1AuthRegisterGetUserProfile"/>
    <testcase name="Check if email is verified" time="0.086" classname="ApiV1AuthRegisterGetUserProfile"/>
    <testcase name="Response time is less than 600ms" time="0.086" classname="ApiV1AuthRegisterGetUserProfile"/>
    <testcase name="Response matches profile schema" time="0.086" classname="ApiV1AuthRegisterGetUserProfile"/>
  </testsuite>
  <testsuite name="api / v1 / auth / register / Update user profile" id="c0b25146-0835-4a97-bce5-21959f861287" timestamp="2025-10-04T10:22:59.677Z" tests="2" failures="0" errors="0" time="0.083">
    <testcase name="Status code is 200" time="0.083" classname="ApiV1AuthRegisterUpdateUserProfile"/>
    <testcase name="Response time is less than 600ms" time="0.083" classname="ApiV1AuthRegisterUpdateUserProfile"/>
  </testsuite>
</testsuites>