<?xml version="1.0" encoding="UTF-8"?>
<testsuites name="QA Challenge" tests="3" time="0.771">
  <testsuite name="api / v1 / auth / register / Login with email and password" id="2c883bcf-015b-48b7-b061-5f5aa39ea06a" timestamp="2025-10-12T06:33:41.598Z" tests="3" failures="0" errors="0" time="0.687">
    <testcase name="Status code is 200" time="0.687" classname="ApiV1AuthRegisterLoginWithEmailAndPassword"/>
    <testcase name="Login success flag" time="0.687" classname="ApiV1AuthRegisterLoginWithEmailAndPassword"/>
    <testcase name="Email is verified" time="0.687" classname="ApiV1AuthRegisterLoginWithEmailAndPassword"/>
  </testsuite>
  <testsuite name="api / v1 / auth / register / Get user profile" id="0778def8-3e2c-4479-bff9-cf48f72d6bdf" timestamp="2025-10-12T06:33:41.598Z" tests="8" failures="0" errors="0" time="0.047">
    <testcase name="Status code is 200" time="0.047" classname="ApiV1AuthRegisterGetUserProfile"/>
    <testcase name="User email matches saved variable" time="0.047" classname="ApiV1AuthRegisterGetUserProfile"/>
    <testcase name="User ID matches saved variable" time="0.047" classname="ApiV1AuthRegisterGetUserProfile"/>
    <testcase name="First Name matches saved variable" time="0.047" classname="ApiV1AuthRegisterGetUserProfile"/>
    <testcase name="Last Name matches saved variable" time="0.047" classname="ApiV1AuthRegisterGetUserProfile"/>
    <testcase name="Check if email is verified" time="0.047" classname="ApiV1AuthRegisterGetUserProfile"/>
    <testcase name="Response time is less than 600ms" time="0.047" classname="ApiV1AuthRegisterGetUserProfile"/>
    <testcase name="Response matches profile schema" time="0.047" classname="ApiV1AuthRegisterGetUserProfile"/>
  </testsuite>
  <testsuite name="api / v1 / auth / register / Update user profile" id="686387f5-4848-464f-9e22-4f1951a3122a" timestamp="2025-10-12T06:33:41.598Z" tests="2" failures="0" errors="0" time="0.037">
    <testcase name="Status code is 200" time="0.037" classname="ApiV1AuthRegisterUpdateUserProfile"/>
    <testcase name="Response time is less than 600ms" time="0.037" classname="ApiV1AuthRegisterUpdateUserProfile"/>
  </testsuite>
</testsuites>