<?xml version="1.0" encoding="UTF-8"?>
<testsuites name="QA Challenge" tests="3" time="0.825">
  <testsuite name="api / v1 / auth / register / Login with email and password" id="20f83c03-d348-43eb-ada4-a247c7543eee" timestamp="2025-10-15T16:28:43.488Z" tests="3" failures="0" errors="0" time="0.738">
    <testcase name="Status code is 200" time="0.738" classname="ApiV1AuthRegisterLoginWithEmailAndPassword"/>
    <testcase name="Login success flag" time="0.738" classname="ApiV1AuthRegisterLoginWithEmailAndPassword"/>
    <testcase name="Email is verified" time="0.738" classname="ApiV1AuthRegisterLoginWithEmailAndPassword"/>
  </testsuite>
  <testsuite name="api / v1 / auth / register / Get user profile" id="f1535d29-8716-44ec-80ff-1d043c4cf4c7" timestamp="2025-10-15T16:28:43.488Z" tests="8" failures="0" errors="0" time="0.045">
    <testcase name="Status code is 200" time="0.045" classname="ApiV1AuthRegisterGetUserProfile"/>
    <testcase name="User email matches saved variable" time="0.045" classname="ApiV1AuthRegisterGetUserProfile"/>
    <testcase name="User ID matches saved variable" time="0.045" classname="ApiV1AuthRegisterGetUserProfile"/>
    <testcase name="First Name matches saved variable" time="0.045" classname="ApiV1AuthRegisterGetUserProfile"/>
    <testcase name="Last Name matches saved variable" time="0.045" classname="ApiV1AuthRegisterGetUserProfile"/>
    <testcase name="Check if email is verified" time="0.045" classname="ApiV1AuthRegisterGetUserProfile"/>
    <testcase name="Response time is less than 600ms" time="0.045" classname="ApiV1AuthRegisterGetUserProfile"/>
    <testcase name="Response matches profile schema" time="0.045" classname="ApiV1AuthRegisterGetUserProfile"/>
  </testsuite>
  <testsuite name="api / v1 / auth / register / Update user profile" id="f87718a2-e920-4ddf-bbd1-a8280e5e5f2a" timestamp="2025-10-15T16:28:43.488Z" tests="2" failures="0" errors="0" time="0.042">
    <testcase name="Status code is 200" time="0.042" classname="ApiV1AuthRegisterUpdateUserProfile"/>
    <testcase name="Response time is less than 600ms" time="0.042" classname="ApiV1AuthRegisterUpdateUserProfile"/>
  </testsuite>
</testsuites>