<?xml version="1.0" encoding="UTF-8"?>
<testsuites name="QA Challenge" tests="3" time="0.661">
  <testsuite name="api / v1 / auth / register / Login with email and password" id="89536f11-8550-4260-b76f-6eae303d6a74" timestamp="2025-10-07T18:36:40.951Z" tests="3" failures="0" errors="0" time="0.602">
    <testcase name="Status code is 200" time="0.602" classname="ApiV1AuthRegisterLoginWithEmailAndPassword"/>
    <testcase name="Login success flag" time="0.602" classname="ApiV1AuthRegisterLoginWithEmailAndPassword"/>
    <testcase name="Email is verified" time="0.602" classname="ApiV1AuthRegisterLoginWithEmailAndPassword"/>
  </testsuite>
  <testsuite name="api / v1 / auth / register / Get user profile" id="bd62bd6e-0fd7-4f17-8249-6f4c23c0635c" timestamp="2025-10-07T18:36:40.951Z" tests="8" failures="0" errors="0" time="0.028">
    <testcase name="Status code is 200" time="0.028" classname="ApiV1AuthRegisterGetUserProfile"/>
    <testcase name="User email matches saved variable" time="0.028" classname="ApiV1AuthRegisterGetUserProfile"/>
    <testcase name="User ID matches saved variable" time="0.028" classname="ApiV1AuthRegisterGetUserProfile"/>
    <testcase name="First Name matches saved variable" time="0.028" classname="ApiV1AuthRegisterGetUserProfile"/>
    <testcase name="Last Name matches saved variable" time="0.028" classname="ApiV1AuthRegisterGetUserProfile"/>
    <testcase name="Check if email is verified" time="0.028" classname="ApiV1AuthRegisterGetUserProfile"/>
    <testcase name="Response time is less than 600ms" time="0.028" classname="ApiV1AuthRegisterGetUserProfile"/>
    <testcase name="Response matches profile schema" time="0.028" classname="ApiV1AuthRegisterGetUserProfile"/>
  </testsuite>
  <testsuite name="api / v1 / auth / register / Update user profile" id="455f3215-40c4-4726-a289-a5096e8749a5" timestamp="2025-10-07T18:36:40.951Z" tests="2" failures="0" errors="0" time="0.031">
    <testcase name="Status code is 200" time="0.031" classname="ApiV1AuthRegisterUpdateUserProfile"/>
    <testcase name="Response time is less than 600ms" time="0.031" classname="ApiV1AuthRegisterUpdateUserProfile"/>
  </testsuite>
</testsuites>