<?xml version="1.0" encoding="UTF-8"?>
<testsuites name="QA Challenge" tests="3" time="0.758">
  <testsuite name="api / v1 / auth / register / Login with email and password" id="d90d485c-9f43-410f-b830-9eca637ba8c3" timestamp="2025-10-07T22:23:11.388Z" tests="3" failures="0" errors="0" time="0.681">
    <testcase name="Status code is 200" time="0.681" classname="ApiV1AuthRegisterLoginWithEmailAndPassword"/>
    <testcase name="Login success flag" time="0.681" classname="ApiV1AuthRegisterLoginWithEmailAndPassword"/>
    <testcase name="Email is verified" time="0.681" classname="ApiV1AuthRegisterLoginWithEmailAndPassword"/>
  </testsuite>
  <testsuite name="api / v1 / auth / register / Get user profile" id="1ea9bf29-13fe-4ea0-990d-c2f873946c26" timestamp="2025-10-07T22:23:11.388Z" tests="8" failures="0" errors="0" time="0.039">
    <testcase name="Status code is 200" time="0.039" classname="ApiV1AuthRegisterGetUserProfile"/>
    <testcase name="User email matches saved variable" time="0.039" classname="ApiV1AuthRegisterGetUserProfile"/>
    <testcase name="User ID matches saved variable" time="0.039" classname="ApiV1AuthRegisterGetUserProfile"/>
    <testcase name="First Name matches saved variable" time="0.039" classname="ApiV1AuthRegisterGetUserProfile"/>
    <testcase name="Last Name matches saved variable" time="0.039" classname="ApiV1AuthRegisterGetUserProfile"/>
    <testcase name="Check if email is verified" time="0.039" classname="ApiV1AuthRegisterGetUserProfile"/>
    <testcase name="Response time is less than 600ms" time="0.039" classname="ApiV1AuthRegisterGetUserProfile"/>
    <testcase name="Response matches profile schema" time="0.039" classname="ApiV1AuthRegisterGetUserProfile"/>
  </testsuite>
  <testsuite name="api / v1 / auth / register / Update user profile" id="7af59eb5-dbea-4624-850a-f03f973f3d6f" timestamp="2025-10-07T22:23:11.388Z" tests="2" failures="0" errors="0" time="0.038">
    <testcase name="Status code is 200" time="0.038" classname="ApiV1AuthRegisterUpdateUserProfile"/>
    <testcase name="Response time is less than 600ms" time="0.038" classname="ApiV1AuthRegisterUpdateUserProfile"/>
  </testsuite>
</testsuites>