<?xml version="1.0" encoding="UTF-8"?>
<testsuites name="QA Challenge" tests="3" time="0.821">
  <testsuite name="api / v1 / auth / register / Login with email and password" id="65d039ba-ef03-4610-9a31-c2184d22ff27" timestamp="2025-10-13T10:29:54.418Z" tests="3" failures="0" errors="0" time="0.728">
    <testcase name="Status code is 200" time="0.728" classname="ApiV1AuthRegisterLoginWithEmailAndPassword"/>
    <testcase name="Login success flag" time="0.728" classname="ApiV1AuthRegisterLoginWithEmailAndPassword"/>
    <testcase name="Email is verified" time="0.728" classname="ApiV1AuthRegisterLoginWithEmailAndPassword"/>
  </testsuite>
  <testsuite name="api / v1 / auth / register / Get user profile" id="94bbb5c2-9cd4-4ddc-8c6c-58e0d3966768" timestamp="2025-10-13T10:29:54.418Z" tests="8" failures="0" errors="0" time="0.046">
    <testcase name="Status code is 200" time="0.046" classname="ApiV1AuthRegisterGetUserProfile"/>
    <testcase name="User email matches saved variable" time="0.046" classname="ApiV1AuthRegisterGetUserProfile"/>
    <testcase name="User ID matches saved variable" time="0.046" classname="ApiV1AuthRegisterGetUserProfile"/>
    <testcase name="First Name matches saved variable" time="0.046" classname="ApiV1AuthRegisterGetUserProfile"/>
    <testcase name="Last Name matches saved variable" time="0.046" classname="ApiV1AuthRegisterGetUserProfile"/>
    <testcase name="Check if email is verified" time="0.046" classname="ApiV1AuthRegisterGetUserProfile"/>
    <testcase name="Response time is less than 600ms" time="0.046" classname="ApiV1AuthRegisterGetUserProfile"/>
    <testcase name="Response matches profile schema" time="0.046" classname="ApiV1AuthRegisterGetUserProfile"/>
  </testsuite>
  <testsuite name="api / v1 / auth / register / Update user profile" id="41ed0e9d-31df-4508-9e87-3414a0bfb980" timestamp="2025-10-13T10:29:54.418Z" tests="2" failures="0" errors="0" time="0.047">
    <testcase name="Status code is 200" time="0.047" classname="ApiV1AuthRegisterUpdateUserProfile"/>
    <testcase name="Response time is less than 600ms" time="0.047" classname="ApiV1AuthRegisterUpdateUserProfile"/>
  </testsuite>
</testsuites>