<?xml version="1.0" encoding="UTF-8"?>
<testsuites name="QA Challenge" tests="3" time="0.768">
  <testsuite name="api / v1 / auth / register / Login with email and password" id="0ac5b724-e14a-4f2f-9738-7c5ddf1d3cd7" timestamp="2025-10-06T10:27:45.334Z" tests="3" failures="0" errors="0" time="0.676">
    <testcase name="Status code is 200" time="0.676" classname="ApiV1AuthRegisterLoginWithEmailAndPassword"/>
    <testcase name="Login success flag" time="0.676" classname="ApiV1AuthRegisterLoginWithEmailAndPassword"/>
    <testcase name="Email is verified" time="0.676" classname="ApiV1AuthRegisterLoginWithEmailAndPassword"/>
  </testsuite>
  <testsuite name="api / v1 / auth / register / Get user profile" id="78faaa63-be0c-48db-bf40-e94fdd819a69" timestamp="2025-10-06T10:27:45.334Z" tests="8" failures="0" errors="0" time="0.051">
    <testcase name="Status code is 200" time="0.051" classname="ApiV1AuthRegisterGetUserProfile"/>
    <testcase name="User email matches saved variable" time="0.051" classname="ApiV1AuthRegisterGetUserProfile"/>
    <testcase name="User ID matches saved variable" time="0.051" classname="ApiV1AuthRegisterGetUserProfile"/>
    <testcase name="First Name matches saved variable" time="0.051" classname="ApiV1AuthRegisterGetUserProfile"/>
    <testcase name="Last Name matches saved variable" time="0.051" classname="ApiV1AuthRegisterGetUserProfile"/>
    <testcase name="Check if email is verified" time="0.051" classname="ApiV1AuthRegisterGetUserProfile"/>
    <testcase name="Response time is less than 600ms" time="0.051" classname="ApiV1AuthRegisterGetUserProfile"/>
    <testcase name="Response matches profile schema" time="0.051" classname="ApiV1AuthRegisterGetUserProfile"/>
  </testsuite>
  <testsuite name="api / v1 / auth / register / Update user profile" id="1ba49226-7f72-4364-b348-ed40840207ee" timestamp="2025-10-06T10:27:45.334Z" tests="2" failures="0" errors="0" time="0.041">
    <testcase name="Status code is 200" time="0.041" classname="ApiV1AuthRegisterUpdateUserProfile"/>
    <testcase name="Response time is less than 600ms" time="0.041" classname="ApiV1AuthRegisterUpdateUserProfile"/>
  </testsuite>
</testsuites>