<?xml version="1.0" encoding="UTF-8"?>
<testsuites name="QA Challenge" tests="3" time="0.731">
  <testsuite name="api / v1 / auth / register / Login with email and password" id="b40b1139-1616-4153-801c-56d1fec23345" timestamp="2025-10-15T03:10:15.668Z" tests="3" failures="0" errors="0" time="0.654">
    <testcase name="Status code is 200" time="0.654" classname="ApiV1AuthRegisterLoginWithEmailAndPassword"/>
    <testcase name="Login success flag" time="0.654" classname="ApiV1AuthRegisterLoginWithEmailAndPassword"/>
    <testcase name="Email is verified" time="0.654" classname="ApiV1AuthRegisterLoginWithEmailAndPassword"/>
  </testsuite>
  <testsuite name="api / v1 / auth / register / Get user profile" id="2448254b-8307-450b-b32e-d36119ce15e9" timestamp="2025-10-15T03:10:15.668Z" tests="8" failures="0" errors="0" time="0.036">
    <testcase name="Status code is 200" time="0.036" classname="ApiV1AuthRegisterGetUserProfile"/>
    <testcase name="User email matches saved variable" time="0.036" classname="ApiV1AuthRegisterGetUserProfile"/>
    <testcase name="User ID matches saved variable" time="0.036" classname="ApiV1AuthRegisterGetUserProfile"/>
    <testcase name="First Name matches saved variable" time="0.036" classname="ApiV1AuthRegisterGetUserProfile"/>
    <testcase name="Last Name matches saved variable" time="0.036" classname="ApiV1AuthRegisterGetUserProfile"/>
    <testcase name="Check if email is verified" time="0.036" classname="ApiV1AuthRegisterGetUserProfile"/>
    <testcase name="Response time is less than 600ms" time="0.036" classname="ApiV1AuthRegisterGetUserProfile"/>
    <testcase name="Response matches profile schema" time="0.036" classname="ApiV1AuthRegisterGetUserProfile"/>
  </testsuite>
  <testsuite name="api / v1 / auth / register / Update user profile" id="f39df872-8dcb-466a-a8f4-7ba623c169f0" timestamp="2025-10-15T03:10:15.668Z" tests="2" failures="0" errors="0" time="0.041">
    <testcase name="Status code is 200" time="0.041" classname="ApiV1AuthRegisterUpdateUserProfile"/>
    <testcase name="Response time is less than 600ms" time="0.041" classname="ApiV1AuthRegisterUpdateUserProfile"/>
  </testsuite>
</testsuites>