<?xml version="1.0" encoding="UTF-8"?>
<testsuites name="QA Challenge" tests="3" time="0.667">
  <testsuite name="api / v1 / auth / register / Login with email and password" id="872c96c0-31b7-4d42-8b42-40826a9df95b" timestamp="2025-10-08T18:36:47.391Z" tests="3" failures="0" errors="0" time="0.619">
    <testcase name="Status code is 200" time="0.619" classname="ApiV1AuthRegisterLoginWithEmailAndPassword"/>
    <testcase name="Login success flag" time="0.619" classname="ApiV1AuthRegisterLoginWithEmailAndPassword"/>
    <testcase name="Email is verified" time="0.619" classname="ApiV1AuthRegisterLoginWithEmailAndPassword"/>
  </testsuite>
  <testsuite name="api / v1 / auth / register / Get user profile" id="3fb7151c-76aa-4e86-a279-9d40d2e3bab4" timestamp="2025-10-08T18:36:47.391Z" tests="8" failures="0" errors="0" time="0.024">
    <testcase name="Status code is 200" time="0.024" classname="ApiV1AuthRegisterGetUserProfile"/>
    <testcase name="User email matches saved variable" time="0.024" classname="ApiV1AuthRegisterGetUserProfile"/>
    <testcase name="User ID matches saved variable" time="0.024" classname="ApiV1AuthRegisterGetUserProfile"/>
    <testcase name="First Name matches saved variable" time="0.024" classname="ApiV1AuthRegisterGetUserProfile"/>
    <testcase name="Last Name matches saved variable" time="0.024" classname="ApiV1AuthRegisterGetUserProfile"/>
    <testcase name="Check if email is verified" time="0.024" classname="ApiV1AuthRegisterGetUserProfile"/>
    <testcase name="Response time is less than 600ms" time="0.024" classname="ApiV1AuthRegisterGetUserProfile"/>
    <testcase name="Response matches profile schema" time="0.024" classname="ApiV1AuthRegisterGetUserProfile"/>
  </testsuite>
  <testsuite name="api / v1 / auth / register / Update user profile" id="33bf7572-9d6f-40a8-a3a2-d05d31000fc0" timestamp="2025-10-08T18:36:47.391Z" tests="2" failures="0" errors="0" time="0.024">
    <testcase name="Status code is 200" time="0.024" classname="ApiV1AuthRegisterUpdateUserProfile"/>
    <testcase name="Response time is less than 600ms" time="0.024" classname="ApiV1AuthRegisterUpdateUserProfile"/>
  </testsuite>
</testsuites>