<?xml version="1.0" encoding="UTF-8"?>
<testsuites name="QA Challenge" tests="3" time="0.978">
  <testsuite name="api / v1 / auth / register / Login with email and password" id="c55f20cb-d32c-406b-9ad3-2d665975adc1" timestamp="2025-10-18T06:34:08.561Z" tests="3" failures="0" errors="0" time="0.810">
    <testcase name="Status code is 200" time="0.810" classname="ApiV1AuthRegisterLoginWithEmailAndPassword"/>
    <testcase name="Login success flag" time="0.810" classname="ApiV1AuthRegisterLoginWithEmailAndPassword"/>
    <testcase name="Email is verified" time="0.810" classname="ApiV1AuthRegisterLoginWithEmailAndPassword"/>
  </testsuite>
  <testsuite name="api / v1 / auth / register / Get user profile" id="4a01b7ab-147f-4d8c-ac64-a716d4ce6c5c" timestamp="2025-10-18T06:34:08.561Z" tests="8" failures="0" errors="0" time="0.088">
    <testcase name="Status code is 200" time="0.088" classname="ApiV1AuthRegisterGetUserProfile"/>
    <testcase name="User email matches saved variable" time="0.088" classname="ApiV1AuthRegisterGetUserProfile"/>
    <testcase name="User ID matches saved variable" time="0.088" classname="ApiV1AuthRegisterGetUserProfile"/>
    <testcase name="First Name matches saved variable" time="0.088" classname="ApiV1AuthRegisterGetUserProfile"/>
    <testcase name="Last Name matches saved variable" time="0.088" classname="ApiV1AuthRegisterGetUserProfile"/>
    <testcase name="Check if email is verified" time="0.088" classname="ApiV1AuthRegisterGetUserProfile"/>
    <testcase name="Response time is less than 600ms" time="0.088" classname="ApiV1AuthRegisterGetUserProfile"/>
    <testcase name="Response matches profile schema" time="0.088" classname="ApiV1AuthRegisterGetUserProfile"/>
  </testsuite>
  <testsuite name="api / v1 / auth / register / Update user profile" id="aac99cc3-e62e-4e3e-944c-630fb62c3bf3" timestamp="2025-10-18T06:34:08.561Z" tests="2" failures="0" errors="0" time="0.080">
    <testcase name="Status code is 200" time="0.080" classname="ApiV1AuthRegisterUpdateUserProfile"/>
    <testcase name="Response time is less than 600ms" time="0.080" classname="ApiV1AuthRegisterUpdateUserProfile"/>
  </testsuite>
</testsuites>