<?xml version="1.0" encoding="UTF-8"?>
<testsuites name="QA Challenge" tests="3" time="0.698">
  <testsuite name="api / v1 / auth / register / Login with email and password" id="1be0badd-972c-45ac-b365-73adcb05a4bd" timestamp="2025-10-18T18:31:54.840Z" tests="3" failures="0" errors="0" time="0.647">
    <testcase name="Status code is 200" time="0.647" classname="ApiV1AuthRegisterLoginWithEmailAndPassword"/>
    <testcase name="Login success flag" time="0.647" classname="ApiV1AuthRegisterLoginWithEmailAndPassword"/>
    <testcase name="Email is verified" time="0.647" classname="ApiV1AuthRegisterLoginWithEmailAndPassword"/>
  </testsuite>
  <testsuite name="api / v1 / auth / register / Get user profile" id="7f7a31ef-0582-4fed-a514-7aa40a310ce4" timestamp="2025-10-18T18:31:54.840Z" tests="8" failures="0" errors="0" time="0.025">
    <testcase name="Status code is 200" time="0.025" classname="ApiV1AuthRegisterGetUserProfile"/>
    <testcase name="User email matches saved variable" time="0.025" classname="ApiV1AuthRegisterGetUserProfile"/>
    <testcase name="User ID matches saved variable" time="0.025" classname="ApiV1AuthRegisterGetUserProfile"/>
    <testcase name="First Name matches saved variable" time="0.025" classname="ApiV1AuthRegisterGetUserProfile"/>
    <testcase name="Last Name matches saved variable" time="0.025" classname="ApiV1AuthRegisterGetUserProfile"/>
    <testcase name="Check if email is verified" time="0.025" classname="ApiV1AuthRegisterGetUserProfile"/>
    <testcase name="Response time is less than 600ms" time="0.025" classname="ApiV1AuthRegisterGetUserProfile"/>
    <testcase name="Response matches profile schema" time="0.025" classname="ApiV1AuthRegisterGetUserProfile"/>
  </testsuite>
  <testsuite name="api / v1 / auth / register / Update user profile" id="76f3289d-c947-4820-b534-8735706efd8d" timestamp="2025-10-18T18:31:54.840Z" tests="2" failures="0" errors="0" time="0.026">
    <testcase name="Status code is 200" time="0.026" classname="ApiV1AuthRegisterUpdateUserProfile"/>
    <testcase name="Response time is less than 600ms" time="0.026" classname="ApiV1AuthRegisterUpdateUserProfile"/>
  </testsuite>
</testsuites>