<?xml version="1.0" encoding="UTF-8"?>
<testsuites name="QA Challenge" tests="3" time="0.767">
  <testsuite name="api / v1 / auth / register / Login with email and password" id="2b6eb7ad-7534-4cc6-ae80-e63d9bba4655" timestamp="2025-10-18T14:20:37.531Z" tests="3" failures="0" errors="0" time="0.697">
    <testcase name="Status code is 200" time="0.697" classname="ApiV1AuthRegisterLoginWithEmailAndPassword"/>
    <testcase name="Login success flag" time="0.697" classname="ApiV1AuthRegisterLoginWithEmailAndPassword"/>
    <testcase name="Email is verified" time="0.697" classname="ApiV1AuthRegisterLoginWithEmailAndPassword"/>
  </testsuite>
  <testsuite name="api / v1 / auth / register / Get user profile" id="d7a1dfb6-9264-4003-a533-ec254a75674b" timestamp="2025-10-18T14:20:37.531Z" tests="8" failures="0" errors="0" time="0.046">
    <testcase name="Status code is 200" time="0.046" classname="ApiV1AuthRegisterGetUserProfile"/>
    <testcase name="User email matches saved variable" time="0.046" classname="ApiV1AuthRegisterGetUserProfile"/>
    <testcase name="User ID matches saved variable" time="0.046" classname="ApiV1AuthRegisterGetUserProfile"/>
    <testcase name="First Name matches saved variable" time="0.046" classname="ApiV1AuthRegisterGetUserProfile"/>
    <testcase name="Last Name matches saved variable" time="0.046" classname="ApiV1AuthRegisterGetUserProfile"/>
    <testcase name="Check if email is verified" time="0.046" classname="ApiV1AuthRegisterGetUserProfile"/>
    <testcase name="Response time is less than 600ms" time="0.046" classname="ApiV1AuthRegisterGetUserProfile"/>
    <testcase name="Response matches profile schema" time="0.046" classname="ApiV1AuthRegisterGetUserProfile"/>
  </testsuite>
  <testsuite name="api / v1 / auth / register / Update user profile" id="0f2f62e2-0b33-48f0-9c31-2171839bb989" timestamp="2025-10-18T14:20:37.531Z" tests="2" failures="0" errors="0" time="0.024">
    <testcase name="Status code is 200" time="0.024" classname="ApiV1AuthRegisterUpdateUserProfile"/>
    <testcase name="Response time is less than 600ms" time="0.024" classname="ApiV1AuthRegisterUpdateUserProfile"/>
  </testsuite>
</testsuites>