<?xml version="1.0" encoding="UTF-8"?>
<testsuites name="QA Challenge" tests="3" time="0.865">
  <testsuite name="api / v1 / auth / register / Login with email and password" id="ff1943f5-8565-4f0e-b4b0-b9cf2db5eff1" timestamp="2025-10-16T18:36:20.325Z" tests="3" failures="0" errors="0" time="0.760">
    <testcase name="Status code is 200" time="0.760" classname="ApiV1AuthRegisterLoginWithEmailAndPassword"/>
    <testcase name="Login success flag" time="0.760" classname="ApiV1AuthRegisterLoginWithEmailAndPassword"/>
    <testcase name="Email is verified" time="0.760" classname="ApiV1AuthRegisterLoginWithEmailAndPassword"/>
  </testsuite>
  <testsuite name="api / v1 / auth / register / Get user profile" id="606d4aab-2c4c-4d2f-b752-cd3d3010c639" timestamp="2025-10-16T18:36:20.325Z" tests="8" failures="0" errors="0" time="0.054">
    <testcase name="Status code is 200" time="0.054" classname="ApiV1AuthRegisterGetUserProfile"/>
    <testcase name="User email matches saved variable" time="0.054" classname="ApiV1AuthRegisterGetUserProfile"/>
    <testcase name="User ID matches saved variable" time="0.054" classname="ApiV1AuthRegisterGetUserProfile"/>
    <testcase name="First Name matches saved variable" time="0.054" classname="ApiV1AuthRegisterGetUserProfile"/>
    <testcase name="Last Name matches saved variable" time="0.054" classname="ApiV1AuthRegisterGetUserProfile"/>
    <testcase name="Check if email is verified" time="0.054" classname="ApiV1AuthRegisterGetUserProfile"/>
    <testcase name="Response time is less than 600ms" time="0.054" classname="ApiV1AuthRegisterGetUserProfile"/>
    <testcase name="Response matches profile schema" time="0.054" classname="ApiV1AuthRegisterGetUserProfile"/>
  </testsuite>
  <testsuite name="api / v1 / auth / register / Update user profile" id="ccbecd02-8997-41c9-a209-5587ac01dbfd" timestamp="2025-10-16T18:36:20.325Z" tests="2" failures="0" errors="0" time="0.051">
    <testcase name="Status code is 200" time="0.051" classname="ApiV1AuthRegisterUpdateUserProfile"/>
    <testcase name="Response time is less than 600ms" time="0.051" classname="ApiV1AuthRegisterUpdateUserProfile"/>
  </testsuite>
</testsuites>