<?xml version="1.0" encoding="UTF-8"?>
<testsuites name="QA Challenge" tests="3" time="0.969">
  <testsuite name="api / v1 / auth / register / Login with email and password" id="b03f8aea-baa4-4206-b796-aa0802b96ba9" timestamp="2025-10-04T06:33:16.825Z" tests="3" failures="0" errors="0" time="0.788">
    <testcase name="Status code is 200" time="0.788" classname="ApiV1AuthRegisterLoginWithEmailAndPassword"/>
    <testcase name="Login success flag" time="0.788" classname="ApiV1AuthRegisterLoginWithEmailAndPassword"/>
    <testcase name="Email is verified" time="0.788" classname="ApiV1AuthRegisterLoginWithEmailAndPassword"/>
  </testsuite>
  <testsuite name="api / v1 / auth / register / Get user profile" id="bc1128dd-0765-41b6-beff-38b787cd179c" timestamp="2025-10-04T06:33:16.825Z" tests="8" failures="0" errors="0" time="0.090">
    <testcase name="Status code is 200" time="0.090" classname="ApiV1AuthRegisterGetUserProfile"/>
    <testcase name="User email matches saved variable" time="0.090" classname="ApiV1AuthRegisterGetUserProfile"/>
    <testcase name="User ID matches saved variable" time="0.090" classname="ApiV1AuthRegisterGetUserProfile"/>
    <testcase name="First Name matches saved variable" time="0.090" classname="ApiV1AuthRegisterGetUserProfile"/>
    <testcase name="Last Name matches saved variable" time="0.090" classname="ApiV1AuthRegisterGetUserProfile"/>
    <testcase name="Check if email is verified" time="0.090" classname="ApiV1AuthRegisterGetUserProfile"/>
    <testcase name="Response time is less than 600ms" time="0.090" classname="ApiV1AuthRegisterGetUserProfile"/>
    <testcase name="Response matches profile schema" time="0.090" classname="ApiV1AuthRegisterGetUserProfile"/>
  </testsuite>
  <testsuite name="api / v1 / auth / register / Update user profile" id="46043920-ae26-461e-b72a-abe4af54d2b1" timestamp="2025-10-04T06:33:16.825Z" tests="2" failures="0" errors="0" time="0.091">
    <testcase name="Status code is 200" time="0.091" classname="ApiV1AuthRegisterUpdateUserProfile"/>
    <testcase name="Response time is less than 600ms" time="0.091" classname="ApiV1AuthRegisterUpdateUserProfile"/>
  </testsuite>
</testsuites>