<?xml version="1.0" encoding="UTF-8"?>
<testsuites name="QA Challenge" tests="3" time="0.975">
  <testsuite name="api / v1 / auth / register / Login with email and password" id="8d0124e4-dffe-4dba-8e28-5658217dc8ec" timestamp="2025-10-07T04:29:02.938Z" tests="3" failures="0" errors="0" time="0.797">
    <testcase name="Status code is 200" time="0.797" classname="ApiV1AuthRegisterLoginWithEmailAndPassword"/>
    <testcase name="Login success flag" time="0.797" classname="ApiV1AuthRegisterLoginWithEmailAndPassword"/>
    <testcase name="Email is verified" time="0.797" classname="ApiV1AuthRegisterLoginWithEmailAndPassword"/>
  </testsuite>
  <testsuite name="api / v1 / auth / register / Get user profile" id="720ce386-57b6-43a3-9b24-d9da0144d46b" timestamp="2025-10-07T04:29:02.938Z" tests="8" failures="0" errors="0" time="0.088">
    <testcase name="Status code is 200" time="0.088" classname="ApiV1AuthRegisterGetUserProfile"/>
    <testcase name="User email matches saved variable" time="0.088" classname="ApiV1AuthRegisterGetUserProfile"/>
    <testcase name="User ID matches saved variable" time="0.088" classname="ApiV1AuthRegisterGetUserProfile"/>
    <testcase name="First Name matches saved variable" time="0.088" classname="ApiV1AuthRegisterGetUserProfile"/>
    <testcase name="Last Name matches saved variable" time="0.088" classname="ApiV1AuthRegisterGetUserProfile"/>
    <testcase name="Check if email is verified" time="0.088" classname="ApiV1AuthRegisterGetUserProfile"/>
    <testcase name="Response time is less than 600ms" time="0.088" classname="ApiV1AuthRegisterGetUserProfile"/>
    <testcase name="Response matches profile schema" time="0.088" classname="ApiV1AuthRegisterGetUserProfile"/>
  </testsuite>
  <testsuite name="api / v1 / auth / register / Update user profile" id="04cb8698-2d4c-4d2c-b319-54671a430e97" timestamp="2025-10-07T04:29:02.938Z" tests="2" failures="0" errors="0" time="0.090">
    <testcase name="Status code is 200" time="0.090" classname="ApiV1AuthRegisterUpdateUserProfile"/>
    <testcase name="Response time is less than 600ms" time="0.090" classname="ApiV1AuthRegisterUpdateUserProfile"/>
  </testsuite>
</testsuites>