<?xml version="1.0" encoding="UTF-8"?>
<testsuites name="QA Challenge" tests="3" time="1.016">
  <testsuite name="api / v1 / auth / register / Login with email and password" id="b3cae8d1-ee5c-484d-90fb-00df0fc0de91" timestamp="2025-10-18T20:25:26.311Z" tests="3" failures="0" errors="0" time="0.874">
    <testcase name="Status code is 200" time="0.874" classname="ApiV1AuthRegisterLoginWithEmailAndPassword"/>
    <testcase name="Login success flag" time="0.874" classname="ApiV1AuthRegisterLoginWithEmailAndPassword"/>
    <testcase name="Email is verified" time="0.874" classname="ApiV1AuthRegisterLoginWithEmailAndPassword"/>
  </testsuite>
  <testsuite name="api / v1 / auth / register / Get user profile" id="0b8d1abe-5123-4a4a-bca1-4b946edd17f9" timestamp="2025-10-18T20:25:26.311Z" tests="8" failures="0" errors="0" time="0.070">
    <testcase name="Status code is 200" time="0.070" classname="ApiV1AuthRegisterGetUserProfile"/>
    <testcase name="User email matches saved variable" time="0.070" classname="ApiV1AuthRegisterGetUserProfile"/>
    <testcase name="User ID matches saved variable" time="0.070" classname="ApiV1AuthRegisterGetUserProfile"/>
    <testcase name="First Name matches saved variable" time="0.070" classname="ApiV1AuthRegisterGetUserProfile"/>
    <testcase name="Last Name matches saved variable" time="0.070" classname="ApiV1AuthRegisterGetUserProfile"/>
    <testcase name="Check if email is verified" time="0.070" classname="ApiV1AuthRegisterGetUserProfile"/>
    <testcase name="Response time is less than 600ms" time="0.070" classname="ApiV1AuthRegisterGetUserProfile"/>
    <testcase name="Response matches profile schema" time="0.070" classname="ApiV1AuthRegisterGetUserProfile"/>
  </testsuite>
  <testsuite name="api / v1 / auth / register / Update user profile" id="f12641fa-6fa1-48eb-84c3-3d6221580adb" timestamp="2025-10-18T20:25:26.311Z" tests="2" failures="0" errors="0" time="0.072">
    <testcase name="Status code is 200" time="0.072" classname="ApiV1AuthRegisterUpdateUserProfile"/>
    <testcase name="Response time is less than 600ms" time="0.072" classname="ApiV1AuthRegisterUpdateUserProfile"/>
  </testsuite>
</testsuites>