<?xml version="1.0" encoding="UTF-8"?>
<testsuites name="QA Challenge" tests="3" time="0.700">
  <testsuite name="api / v1 / auth / register / Login with email and password" id="f54b4ba8-dbae-4eaf-a0a9-b36547088a17" timestamp="2025-10-10T22:22:26.785Z" tests="3" failures="0" errors="0" time="0.647">
    <testcase name="Status code is 200" time="0.647" classname="ApiV1AuthRegisterLoginWithEmailAndPassword"/>
    <testcase name="Login success flag" time="0.647" classname="ApiV1AuthRegisterLoginWithEmailAndPassword"/>
    <testcase name="Email is verified" time="0.647" classname="ApiV1AuthRegisterLoginWithEmailAndPassword"/>
  </testsuite>
  <testsuite name="api / v1 / auth / register / Get user profile" id="8c7da04d-4c4d-464b-9650-9558721037a5" timestamp="2025-10-10T22:22:26.785Z" tests="8" failures="0" errors="0" time="0.028">
    <testcase name="Status code is 200" time="0.028" classname="ApiV1AuthRegisterGetUserProfile"/>
    <testcase name="User email matches saved variable" time="0.028" classname="ApiV1AuthRegisterGetUserProfile"/>
    <testcase name="User ID matches saved variable" time="0.028" classname="ApiV1AuthRegisterGetUserProfile"/>
    <testcase name="First Name matches saved variable" time="0.028" classname="ApiV1AuthRegisterGetUserProfile"/>
    <testcase name="Last Name matches saved variable" time="0.028" classname="ApiV1AuthRegisterGetUserProfile"/>
    <testcase name="Check if email is verified" time="0.028" classname="ApiV1AuthRegisterGetUserProfile"/>
    <testcase name="Response time is less than 600ms" time="0.028" classname="ApiV1AuthRegisterGetUserProfile"/>
    <testcase name="Response matches profile schema" time="0.028" classname="ApiV1AuthRegisterGetUserProfile"/>
  </testsuite>
  <testsuite name="api / v1 / auth / register / Update user profile" id="5ab03d89-e73b-42c2-be42-bc7bab09cff8" timestamp="2025-10-10T22:22:26.785Z" tests="2" failures="0" errors="0" time="0.025">
    <testcase name="Status code is 200" time="0.025" classname="ApiV1AuthRegisterUpdateUserProfile"/>
    <testcase name="Response time is less than 600ms" time="0.025" classname="ApiV1AuthRegisterUpdateUserProfile"/>
  </testsuite>
</testsuites>